<?xml version="1.0" encoding="UTF-8"?>
<!-- Generated by org.testng.reporters.JUnitReportReporter -->
<testsuite hostname="Sapphirus-SS141" failures="0" tests="1" name="PortfolioCenterRunner.PortfolioCenterCourseRunner" time="72.076" errors="0" timestamp="3 Feb 2025 06:01:57 GMT">
  <testcase classname="PortfolioCenterRunner.PortfolioCenterCourseRunner" name="runScenario" time="72.076"/>
</testsuite> <!-- PortfolioCenterRunner.PortfolioCenterCourseRunner -->
