<?xml version="1.0" encoding="UTF-8"?>
<!-- Generated by org.testng.reporters.JUnitReportReporter -->
<testsuite hostname="DESKTOP-LKL2D3R" failures="0" tests="1" name="com.Fp_Ec.runner.Location_Runner" time="28.027" errors="0" timestamp="2024-01-12T10:17:46 IST" skipped="0">
  <testcase classname="com.Fp_Ec.runner.Location_Runner" name="runScenario" time="28.027"/>
  <system-out/>
</testsuite> <!-- com.Fp_Ec.runner.Location_Runner -->
