<?xml version="1.0" encoding="UTF-8"?>
<!-- Generated by org.testng.reporters.JUnitReportReporter -->
<testsuite hostname="Sapphirus-SS143" failures="0" tests="1" name="Runners.AssessmentSubmissionRunner" time="52.734" errors="0" timestamp="12 Oct 2024 15:20:55 GMT">
  <testcase classname="Runners.AssessmentSubmissionRunner" name="runScenario" time="52.734"/>
</testsuite> <!-- Runners.AssessmentSubmissionRunner -->
