<?xml version="1.0" encoding="UTF-8"?>
<!-- Generated by org.testng.reporters.JUnitReportReporter -->
<testsuite hostname="DESKTOP-LKL2D3R" failures="0" tests="1" name="com.Fp_Ec.runner.Location_Runner" time="27.752" errors="0" timestamp="2024-01-09T17:24:03 IST" skipped="0">
  <testcase classname="com.Fp_Ec.runner.Location_Runner" name="runScenario" time="27.752"/>
  <system-out/>
</testsuite> <!-- com.Fp_Ec.runner.Location_Runner -->
