<?xml version="1.0" encoding="UTF-8"?>
<!-- Generated by org.testng.reporters.JUnitReportReporter -->
<testsuite hostname="Sapphirus-SS143" failures="0" tests="1" name="LearningTreeRunner.Activity_CreationRunner" time="283.030" errors="0" timestamp="2025-01-28T10:45:40 IST" skipped="0">
  <testcase classname="LearningTreeRunner.Activity_CreationRunner" name="runScenario" time="283.030"/>
  <system-out/>
</testsuite> <!-- LearningTreeRunner.Activity_CreationRunner -->
