<?xml version="1.0" encoding="UTF-8"?>
<!-- Generated by org.testng.reporters.JUnitReportReporter -->
<testsuite hostname="DESKTOP-LKL2D3R" failures="0" tests="3" name="com.Fp_Ec.runner.EcLoginpage_Runner" time="33.772" errors="0" timestamp="2023-12-11T17:45:30 IST" skipped="0">
  <testcase classname="com.Fp_Ec.runner.EcLoginpage_Runner" name="runScenario" time="10.523"/>
  <system-out/>
  <testcase classname="com.Fp_Ec.runner.EcLoginpage_Runner" name="runScenario" time="12.333"/>
  <system-out/>
  <testcase classname="com.Fp_Ec.runner.EcLoginpage_Runner" name="runScenario" time="10.916"/>
  <system-out/>
</testsuite> <!-- com.Fp_Ec.runner.EcLoginpage_Runner -->
