<?xml version="1.0" encoding="UTF-8"?>
<!-- Generated by org.testng.reporters.JUnitReportReporter -->
<testsuite hostname="DESKTOP-AVL4E6C" failures="0" tests="3" name="Runners.BulkUploadRunner" time="241.282" errors="0" timestamp="19 Feb 2024 10:21:39 GMT">
  <testcase classname="Runners.BulkUploadRunner" name="runScenario" time="92.256"/>
  <testcase classname="Runners.BulkUploadRunner" name="runScenario" time="76.160"/>
  <testcase classname="Runners.BulkUploadRunner" name="runScenario" time="72.866"/>
</testsuite> <!-- Runners.BulkUploadRunner -->
