<?xml version="1.0" encoding="UTF-8"?>
<!-- Generated by org.testng.reporters.JUnitReportReporter -->
<testsuite hostname="Sapphirus-SS141" failures="0" tests="1" name="PortfolioCenterRunner.PortfolioCenterCourseRunner" time="115.814" errors="0" timestamp="10 Jan 2025 11:11:46 GMT">
  <testcase classname="PortfolioCenterRunner.PortfolioCenterCourseRunner" name="runScenario" time="115.814"/>
</testsuite> <!-- PortfolioCenterRunner.PortfolioCenterCourseRunner -->
