<?xml version="1.0" encoding="UTF-8"?>
<!-- Generated by org.testng.reporters.JUnitReportReporter -->
<testsuite hostname="Sapphirus-SS141" failures="0" tests="1" name="PortfolioCenterRunner.PortfolioScoreSubmissionRunner" time="42.787" errors="0" timestamp="5 Feb 2025 07:29:08 GMT">
  <testcase classname="PortfolioCenterRunner.PortfolioScoreSubmissionRunner" name="runScenario" time="42.787"/>
</testsuite> <!-- PortfolioCenterRunner.PortfolioScoreSubmissionRunner -->
