<?xml version="1.0" encoding="UTF-8"?>
<!-- Generated by org.testng.reporters.JUnitReportReporter -->
<testsuite hostname="Sapphirus-SS141" failures="0" tests="1" name="AssessmentsRunner.QuizCreationRunner" time="191.989" errors="0" timestamp="24 Jan 2025 09:48:20 GMT">
  <testcase classname="AssessmentsRunner.QuizCreationRunner" name="runScenario" time="191.989"/>
</testsuite> <!-- AssessmentsRunner.QuizCreationRunner -->
