<?xml version="1.0" encoding="UTF-8"?>
<!-- Generated by org.testng.reporters.JUnitReportReporter -->
<testsuite hostname="Sapphirus-SS141" failures="0" tests="2" name="AssessmentsRunner.SISprovisioningRunner" time="153.209" errors="0" timestamp="2024-12-02T17:12:00 IST" skipped="0">
  <testcase classname="AssessmentsRunner.SISprovisioningRunner" name="runScenario" time="101.761"/>
  <system-out/>
  <testcase classname="AssessmentsRunner.SISprovisioningRunner" name="runScenario" time="51.448"/>
  <system-out/>
</testsuite> <!-- AssessmentsRunner.SISprovisioningRunner -->
