<?xml version="1.0" encoding="UTF-8"?>
<!-- Generated by org.testng.reporters.JUnitReportReporter -->
<testsuite hostname="Sapphirus-SS141" failures="0" tests="1" name="ExamCenterRunners.Location_Runner" time="42.601" errors="0" timestamp="20 Dec 2024 08:22:25 GMT">
  <testcase classname="ExamCenterRunners.Location_Runner" name="runScenario" time="42.601"/>
</testsuite> <!-- ExamCenterRunners.Location_Runner -->
