<?xml version="1.0" encoding="UTF-8"?>
<!-- Generated by org.testng.reporters.JUnitReportReporter -->
<testsuite hostname="Sapphirus-SS141" failures="0" tests="1" name="AssessmentsRunner.QuizCreationRunner" time="145.947" errors="0" timestamp="2024-11-26T18:25:30 IST" skipped="0">
  <testcase classname="AssessmentsRunner.QuizCreationRunner" name="runScenario" time="145.947"/>
  <system-out/>
</testsuite> <!-- AssessmentsRunner.QuizCreationRunner -->
