<?xml version="1.0" encoding="UTF-8"?>
<!-- Generated by org.testng.reporters.JUnitReportReporter -->
<testsuite hostname="Sapphirus-SS141" failures="0" tests="1" name="PortfolioCenterRunner.PortfolioCenterCourseRunner" time="65.485" errors="0" timestamp="7 Jan 2025 09:20:46 GMT">
  <testcase classname="PortfolioCenterRunner.PortfolioCenterCourseRunner" name="runScenario" time="65.485"/>
</testsuite> <!-- PortfolioCenterRunner.PortfolioCenterCourseRunner -->
