<?xml version="1.0" encoding="UTF-8"?>
<!-- Generated by org.testng.reporters.JUnitReportReporter -->
<testsuite hostname="Sapphirus-SS143" failures="0" tests="1" name="AssessmentsRunner.Provide_ScoreRunner" time="52.220" errors="0" timestamp="2024-11-12T17:10:29 IST" skipped="0">
  <testcase classname="AssessmentsRunner.Provide_ScoreRunner" name="runScenario" time="52.220"/>
  <system-out/>
</testsuite> <!-- AssessmentsRunner.Provide_ScoreRunner -->
