<?xml version="1.0" encoding="UTF-8"?>
<!-- Generated by org.testng.reporters.JUnitReportReporter -->
<testsuite hostname="Sapphirus-SS141" failures="0" tests="1" name="PortfolioCenterRunner.AssignmentsSubmissionRunner" time="41.838" errors="0" timestamp="24 Jan 2025 10:03:42 GMT">
  <testcase classname="PortfolioCenterRunner.AssignmentsSubmissionRunner" name="runScenario" time="41.838"/>
</testsuite> <!-- PortfolioCenterRunner.AssignmentsSubmissionRunner -->
