<?xml version="1.0" encoding="UTF-8"?>
<!-- Generated by org.testng.reporters.JUnitReportReporter -->
<testsuite hostname="DESKTOP-18FB10Q" failures="0" tests="2"
	name="com.Focalpoint_EC.runner.Create_Time_Slot_and_Enroll_the_ExamTakerRunner"
	time="66.222" errors="0" timestamp="2024-01-11T13:40:07 IST" skipped="0">
	<testcase
		classname="com.Focalpoint_EC.runner.Create_Time_Slot_and_Enroll_the_ExamTakerRunner"
		name="runScenario" time="30.625" />
	<testcase
		classname="com.Focalpoint_EC.runner.Create_Time_Slot_and_Enroll_the_ExamTakerRunner"
		name="runScenario" time="35.597" />
</testsuite> <!--
com.Focalpoint_EC.runner.Create_Time_Slot_and_Enroll_the_ExamTakerRunner -->
