<?xml version="1.0" encoding="UTF-8"?>
<!-- Generated by org.testng.reporters.JUnitReportReporter -->
<testsuite hostname="DESKTOP-AVL4E6C" failures="0" tests="2" name="Runners.Create_Time_Slot_and_Enroll_the_ExamTakerRunner" time="95.545" errors="0" timestamp="16 Feb 2024 04:58:47 GMT">
  <testcase classname="Runners.Create_Time_Slot_and_Enroll_the_ExamTakerRunner" name="runScenario" time="52.856"/>
  <testcase classname="Runners.Create_Time_Slot_and_Enroll_the_ExamTakerRunner" name="runScenario" time="42.689"/>
</testsuite> <!-- Runners.Create_Time_Slot_and_Enroll_the_ExamTakerRunner -->
