<?xml version="1.0" encoding="UTF-8"?>
<!-- Generated by org.testng.reporters.JUnitReportReporter -->
<testsuite hostname="Sapphirus-SS145" failures="0" tests="1" name="ExamCenterRunners.Location_Runner" time="58.536" errors="0" timestamp="2024-12-13T15:03:17 IST" skipped="0">
  <testcase classname="ExamCenterRunners.Location_Runner" name="runScenario" time="58.536"/>
  <system-out/>
</testsuite> <!-- ExamCenterRunners.Location_Runner -->
