<?xml version="1.0" encoding="UTF-8"?>
<!-- Generated by org.testng.reporters.JUnitReportReporter -->
<testsuite hostname="DESKTOP-AVL4E6C" failures="0" tests="1" name="Runners.AssessmentSubmissionRunner" time="52.994" errors="0" timestamp="1 Feb 2024 09:46:29 GMT">
  <testcase classname="Runners.AssessmentSubmissionRunner" name="runScenario" time="52.994"/>
</testsuite> <!-- Runners.AssessmentSubmissionRunner -->
