<?xml version="1.0" encoding="UTF-8"?>
<!-- Generated by org.testng.reporters.JUnitReportReporter -->
<testsuite hostname="Sapphirus-SS141" failures="0" tests="2" name="AssessmentsRunner.SISprovisioningRunner" time="276.190" errors="0" timestamp="3 Jan 2025 05:25:24 GMT">
  <testcase classname="AssessmentsRunner.SISprovisioningRunner" name="runScenario" time="73.907"/>
  <testcase classname="AssessmentsRunner.SISprovisioningRunner" name="runScenario" time="202.283"/>
</testsuite> <!-- AssessmentsRunner.SISprovisioningRunner -->
