<?xml version="1.0" encoding="UTF-8"?>
<!-- Generated by org.testng.reporters.JUnitReportReporter -->
<testsuite hostname="Sapphirus-SS179" failures="0" tests="1" name="PortfolioCenterRunner.PortfolioCenterCourseRunner" time="88.469" errors="0" timestamp="2025-01-06T11:43:21 IST" skipped="0">
  <testcase classname="PortfolioCenterRunner.PortfolioCenterCourseRunner" name="runScenario" time="88.469"/>
  <system-out/>
</testsuite> <!-- PortfolioCenterRunner.PortfolioCenterCourseRunner -->
