<?xml version="1.0" encoding="UTF-8"?>
<!-- Generated by org.testng.reporters.JUnitReportReporter -->
<testsuite hostname="Sapphirus-SS141" failures="0" tests="1" name="ExamCenterRunners.Enrolled_ExamTaker_in_a_TimeSlotRunner" time="51.565" errors="0" timestamp="27 Jan 2025 10:28:10 GMT">
  <testcase classname="ExamCenterRunners.Enrolled_ExamTaker_in_a_TimeSlotRunner" name="runScenario" time="51.565"/>
</testsuite> <!-- ExamCenterRunners.Enrolled_ExamTaker_in_a_TimeSlotRunner -->
