<?xml version="1.0" encoding="UTF-8"?>
<!-- Generated by org.testng.reporters.JUnitReportReporter -->
<testsuite hostname="Sapphirus-SS141" failures="0" tests="1" name="AssessmentsRunner.LaunchValidationRunner" time="46.600" errors="0" timestamp="5 Feb 2025 09:24:22 GMT">
  <testcase classname="AssessmentsRunner.LaunchValidationRunner" name="runScenario" time="46.600"/>
</testsuite> <!-- AssessmentsRunner.LaunchValidationRunner -->
