<?xml version="1.0" encoding="UTF-8"?>
<!-- Generated by org.testng.reporters.JUnitReportReporter -->
<testsuite hostname="Sapphirus-SS141" failures="0" tests="3" name="ExamCenterRunners.Exam_Schedule_runner" time="176.910" errors="0" timestamp="13 Jan 2025 06:58:38 GMT">
  <testcase classname="ExamCenterRunners.Exam_Schedule_runner" name="runScenario" time="71.956"/>
  <testcase classname="ExamCenterRunners.Exam_Schedule_runner" name="runScenario" time="44.952"/>
  <testcase classname="ExamCenterRunners.Exam_Schedule_runner" name="runScenario" time="60.002"/>
</testsuite> <!-- ExamCenterRunners.Exam_Schedule_runner -->
