<?xml version="1.0" encoding="UTF-8"?>
<!-- Generated by org.testng.reporters.JUnitReportReporter -->
<testsuite hostname="DESKTOP-AVL4E6C" failures="0" tests="3" name="Runners.BulkUploadRunner" time="161.331" errors="0" timestamp="29 Jan 2024 11:12:22 GMT">
  <testcase classname="Runners.BulkUploadRunner" name="runScenario" time="56.715"/>
  <testcase classname="Runners.BulkUploadRunner" name="runScenario" time="51.212"/>
  <testcase classname="Runners.BulkUploadRunner" name="runScenario" time="53.404"/>
</testsuite> <!-- Runners.BulkUploadRunner -->
