<?xml version="1.0" encoding="UTF-8"?>
<!-- Generated by org.testng.reporters.JUnitReportReporter -->
<testsuite hostname="Sapphirus-SS141" failures="0" tests="1" name="PortfolioCenterRunner.PortfolioCenterCourseRunner" time="85.620" errors="0" timestamp="15 Jan 2025 05:10:26 GMT">
  <testcase classname="PortfolioCenterRunner.PortfolioCenterCourseRunner" name="runScenario" time="85.620"/>
</testsuite> <!-- PortfolioCenterRunner.PortfolioCenterCourseRunner -->
