<?xml version="1.0" encoding="UTF-8"?>
<!-- Generated by org.testng.reporters.JUnitReportReporter -->
<testsuite hostname="Sapphirus-SS141" failures="0" tests="2" name="AssessmentsRunner.SISprovisioningRunner" time="144.079" errors="0" timestamp="2024-12-16T12:48:15 IST" skipped="0">
  <testcase classname="AssessmentsRunner.SISprovisioningRunner" name="runScenario" time="91.579"/>
  <system-out/>
  <testcase classname="AssessmentsRunner.SISprovisioningRunner" name="runScenario" time="52.500"/>
  <system-out/>
</testsuite> <!-- AssessmentsRunner.SISprovisioningRunner -->
