<?xml version="1.0" encoding="UTF-8"?>
<!-- Generated by org.testng.reporters.JUnitReportReporter -->
<testsuite hostname="Sapphirus-SS141" failures="0" tests="2" name="AssessmentsRunner.SISprovisioningRunner" time="211.573" errors="0" timestamp="8 Jan 2025 06:09:05 GMT">
  <testcase classname="AssessmentsRunner.SISprovisioningRunner" name="runScenario" time="74.389"/>
  <testcase classname="AssessmentsRunner.SISprovisioningRunner" name="runScenario" time="137.184"/>
</testsuite> <!-- AssessmentsRunner.SISprovisioningRunner -->
