<?xml version="1.0" encoding="UTF-8"?>
<!-- Generated by org.testng.reporters.JUnitReportReporter -->
<testsuite hostname="DESKTOP-AVL4E6C" failures="0" tests="3" name="Runners.LoginPageRunner" time="72.095" errors="0" timestamp="2023-12-11T16:23:07 IST" skipped="0">
  <testcase classname="Runners.LoginPageRunner" name="runScenario" time="24.740"/>
  <testcase classname="Runners.LoginPageRunner" name="runScenario" time="24.945"/>
  <testcase classname="Runners.LoginPageRunner" name="runScenario" time="22.410"/>
</testsuite> <!-- Runners.LoginPageRunner -->
