<?xml version="1.0" encoding="UTF-8"?>
<!-- Generated by org.testng.reporters.JUnitReportReporter -->
<testsuite hostname="Sapphirus-SS141" failures="0" tests="1" name="PortfolioCenterRunner.PortfolioCenterCourseRunner" time="81.031" errors="0" timestamp="27 Jan 2025 06:06:44 GMT">
  <testcase classname="PortfolioCenterRunner.PortfolioCenterCourseRunner" name="runScenario" time="81.031"/>
</testsuite> <!-- PortfolioCenterRunner.PortfolioCenterCourseRunner -->
