<?xml version="1.0" encoding="UTF-8"?>
<!-- Generated by org.testng.reporters.JUnitReportReporter -->
<testsuite hostname="DESKTOP-AVL4E6C" failures="0" tests="1" name="Runners.Location_Runner" time="33.420" errors="0" timestamp="14 Feb 2024 07:12:14 GMT">
  <testcase classname="Runners.Location_Runner" name="runScenario" time="33.420"/>
</testsuite> <!-- Runners.Location_Runner -->
