<?xml version="1.0" encoding="UTF-8"?>
<!-- Generated by org.testng.reporters.JUnitReportReporter -->
<testsuite hostname="DESKTOP-AVL4E6C" failures="0" tests="3" name="Runners.Users_Creation_Runner" time="138.297" errors="0" timestamp="2023-12-11T16:23:07 IST" skipped="0">
  <testcase classname="Runners.Users_Creation_Runner" name="runScenario" time="42.712"/>
  <testcase classname="Runners.Users_Creation_Runner" name="runScenario" time="46.687"/>
  <testcase classname="Runners.Users_Creation_Runner" name="runScenario" time="48.898"/>
</testsuite> <!-- Runners.Users_Creation_Runner -->
