<?xml version="1.0" encoding="UTF-8"?>
<!-- Generated by org.testng.reporters.JUnitReportReporter -->
<testsuite hostname="Sapphirus-SS141" failures="0" tests="1" name="ExamCenterRunners.EnrolleRunner" time="64.843" errors="0" timestamp="20 Dec 2024 09:30:50 GMT">
  <testcase classname="ExamCenterRunners.EnrolleRunner" name="runScenario" time="64.843"/>
</testsuite> <!-- ExamCenterRunners.EnrolleRunner -->
