<?xml version="1.0" encoding="UTF-8"?>
<!-- Generated by org.testng.reporters.JUnitReportReporter -->
<testsuite hostname="Sapphirus-SS141" failures="0" tests="1" name="LearningTreeRunner.Import_Activities_in_LTRunner" time="45.227" errors="0" timestamp="31 Jan 2025 10:06:53 GMT">
  <testcase classname="LearningTreeRunner.Import_Activities_in_LTRunner" name="runScenario" time="45.227"/>
</testsuite> <!-- LearningTreeRunner.Import_Activities_in_LTRunner -->
