<?xml version="1.0" encoding="UTF-8"?>
<!-- Generated by org.testng.reporters.JUnitReportReporter -->
<testsuite hostname="DESKTOP-AVL4E6C" failures="0" tests="3" name="Runners.Users_Creation_Runner" time="160.958" errors="0" timestamp="1 Mar 2024 11:41:15 GMT">
  <testcase classname="Runners.Users_Creation_Runner" name="runScenario" time="53.613"/>
  <testcase classname="Runners.Users_Creation_Runner" name="runScenario" time="59.153"/>
  <testcase classname="Runners.Users_Creation_Runner" name="runScenario" time="48.192"/>
</testsuite> <!-- Runners.Users_Creation_Runner -->
