<?xml version="1.0" encoding="UTF-8"?>
<!-- Generated by org.testng.reporters.JUnitReportReporter -->
<testsuite hostname="Sapphirus-SS141" failures="0" tests="1" name="ExamCenterRunners.AssessmentSubmissionRunner" time="65.745" errors="0" timestamp="19 Dec 2024 09:00:53 GMT">
  <testcase classname="ExamCenterRunners.AssessmentSubmissionRunner" name="runScenario" time="65.745"/>
</testsuite> <!-- ExamCenterRunners.AssessmentSubmissionRunner -->
