<?xml version="1.0" encoding="UTF-8"?>
<!-- Generated by org.testng.reporters.JUnitReportReporter -->
<testsuite hostname="Sapphirus-SS141" failures="0" tests="1" name="PortfolioCenterRunner.ScoreSubmissionRunner" time="42.730" errors="0" timestamp="27 Jan 2025 13:36:06 GMT">
  <testcase classname="PortfolioCenterRunner.ScoreSubmissionRunner" name="runScenario" time="42.730"/>
</testsuite> <!-- PortfolioCenterRunner.ScoreSubmissionRunner -->
