<?xml version="1.0" encoding="UTF-8"?>
<!-- Generated by org.testng.reporters.JUnitReportReporter -->
<testsuite hostname="DESKTOP-AVL4E6C" failures="0" tests="3" name="Runners.Users_Creation_Runner" time="163.126" errors="0" timestamp="2024-01-08T11:16:18 IST" skipped="0">
  <testcase classname="Runners.Users_Creation_Runner" name="runScenario" time="51.532"/>
  <testcase classname="Runners.Users_Creation_Runner" name="runScenario" time="59.750"/>
  <testcase classname="Runners.Users_Creation_Runner" name="runScenario" time="51.844"/>
</testsuite> <!-- Runners.Users_Creation_Runner -->
