<?xml version="1.0" encoding="UTF-8"?>
<!-- Generated by org.testng.reporters.JUnitReportReporter -->
<testsuite hostname="Sapphirus-SS141" failures="0" tests="3" name="Runners.BulkUploadRunner" time="243.427" errors="0" timestamp="8 Oct 2024 06:55:15 GMT">
  <testcase classname="Runners.BulkUploadRunner" name="runScenario" time="87.074"/>
  <testcase classname="Runners.BulkUploadRunner" name="runScenario" time="76.390"/>
  <testcase classname="Runners.BulkUploadRunner" name="runScenario" time="79.963"/>
</testsuite> <!-- Runners.BulkUploadRunner -->
