<?xml version="1.0" encoding="UTF-8"?>
<!-- Generated by org.testng.reporters.JUnitReportReporter -->
<testsuite hostname="Sapphirus-SS141" failures="0" tests="1" name="LearningTreeRunner.ReportcardRunner" time="39.651" errors="0" timestamp="31 Jan 2025 10:08:26 GMT">
  <testcase classname="LearningTreeRunner.ReportcardRunner" name="runScenario" time="39.651"/>
</testsuite> <!-- LearningTreeRunner.ReportcardRunner -->
