<?xml version="1.0" encoding="UTF-8"?>
<!-- Generated by org.testng.reporters.JUnitReportReporter -->
<testsuite hostname="Sapphirus-SS141" failures="0" tests="1" name="ExamCenterRunners.EnrolleRunner" time="49.654" errors="0" timestamp="21 Mar 2025 09:36:08 GMT">
  <testcase classname="ExamCenterRunners.EnrolleRunner" name="runScenario" time="49.654"/>
</testsuite> <!-- ExamCenterRunners.EnrolleRunner -->
