<?xml version="1.0" encoding="UTF-8"?>
<!-- Generated by org.testng.reporters.JUnitReportReporter -->
<testsuite hostname="Sapphirus-SS141" failures="0" tests="1" name="AssessmentsRunner.SISprovisioningRunner" time="43.666" errors="0" timestamp="2024-12-12T19:10:16 IST" skipped="0">
  <testcase classname="AssessmentsRunner.SISprovisioningRunner" name="runScenario" time="43.666"/>
  <system-out/>
</testsuite> <!-- AssessmentsRunner.SISprovisioningRunner -->
