<?xml version="1.0" encoding="UTF-8"?>
<!-- Generated by org.testng.reporters.JUnitReportReporter -->
<testsuite hostname="Sapphirus-SS141" failures="0" tests="1" name="LearningTreeRunner.ReportcardRunner" time="48.319" errors="0" timestamp="29 Jan 2025 06:23:32 GMT">
  <testcase classname="LearningTreeRunner.ReportcardRunner" name="runScenario" time="48.319"/>
</testsuite> <!-- LearningTreeRunner.ReportcardRunner -->
