<?xml version="1.0" encoding="UTF-8"?>
<!-- Generated by org.testng.reporters.JUnitReportReporter -->
<testsuite hostname="DESKTOP-AVL4E6C" failures="0" tests="3" name="Runners.BulkUploadRunner" time="176.139" errors="0" timestamp="15 Feb 2024 11:07:27 GMT">
  <testcase classname="Runners.BulkUploadRunner" name="runScenario" time="59.008"/>
  <testcase classname="Runners.BulkUploadRunner" name="runScenario" time="58.998"/>
  <testcase classname="Runners.BulkUploadRunner" name="runScenario" time="58.133"/>
</testsuite> <!-- Runners.BulkUploadRunner -->
