<?xml version="1.0" encoding="UTF-8"?>
<!-- Generated by org.testng.reporters.JUnitReportReporter -->
<testsuite hostname="Sapphirus-SS141" failures="0" tests="1" name="PortfolioCenterRunner.PortfolioCenterCourseRunner" time="120.857" errors="0" timestamp="21 Feb 2025 07:33:54 GMT">
  <testcase classname="PortfolioCenterRunner.PortfolioCenterCourseRunner" name="runScenario" time="120.857"/>
</testsuite> <!-- PortfolioCenterRunner.PortfolioCenterCourseRunner -->
