<?xml version="1.0" encoding="UTF-8"?>
<!-- Generated by org.testng.reporters.JUnitReportReporter -->
<testsuite hostname="Sapphirus-SS141" failures="0" tests="2" name="AssessmentsRunner.BenchmarksRunner" time="103.759" errors="0" timestamp="2024-11-28T12:31:10 IST" skipped="0">
  <testcase classname="AssessmentsRunner.BenchmarksRunner" name="runScenario" time="52.442"/>
  <system-out/>
  <testcase classname="AssessmentsRunner.BenchmarksRunner" name="runScenario" time="51.317"/>
  <system-out/>
</testsuite> <!-- AssessmentsRunner.BenchmarksRunner -->
