<?xml version="1.0" encoding="UTF-8"?>
<!-- Generated by org.testng.reporters.JUnitReportReporter -->
<testsuite hostname="DESKTOP-AVL4E6C" failures="0" tests="3"
	name="Runners.MyProfileRunner" time="125.853" errors="0"
	timestamp="2024-01-10T11:03:19 IST" skipped="0">
	<testcase classname="Runners.MyProfileRunner" name="runScenario"
		time="43.730" />
	<testcase classname="Runners.MyProfileRunner" name="runScenario"
		time="41.348" />
	<testcase classname="Runners.MyProfileRunner" name="runScenario"
		time="40.775" />
</testsuite> <!-- Runners.MyProfileRunner -->
