<?xml version="1.0" encoding="UTF-8"?>
<!-- Generated by org.testng.reporters.JUnitReportReporter -->
<testsuite hostname="Sapphirus-SS141" failures="0" tests="1" name="Runners.EnrolleRunner" time="52.223" errors="0" timestamp="10 Oct 2024 07:15:46 GMT">
  <testcase classname="Runners.EnrolleRunner" name="runScenario" time="52.223"/>
</testsuite> <!-- Runners.EnrolleRunner -->
