<?xml version="1.0" encoding="UTF-8"?>
<!-- Generated by org.testng.reporters.JUnitReportReporter -->
<testsuite hostname="DESKTOP-AVL4E6C" failures="0" tests="3" name="Runners.BulkUploadRunner" time="220.920" errors="0" timestamp="4 Mar 2024 07:49:47 GMT">
  <testcase classname="Runners.BulkUploadRunner" name="runScenario" time="71.576"/>
  <testcase classname="Runners.BulkUploadRunner" name="runScenario" time="73.144"/>
  <testcase classname="Runners.BulkUploadRunner" name="runScenario" time="76.200"/>
</testsuite> <!-- Runners.BulkUploadRunner -->
