<?xml version="1.0" encoding="UTF-8"?>
<!-- Generated by org.testng.reporters.JUnitReportReporter -->
<testsuite hostname="DESKTOP-AVL4E6C" failures="0" tests="1" name="Runners.AssessmentSubmissionRunner" time="55.512" errors="0" timestamp="1 Mar 2024 11:41:15 GMT">
  <testcase classname="Runners.AssessmentSubmissionRunner" name="runScenario" time="55.512"/>
</testsuite> <!-- Runners.AssessmentSubmissionRunner -->
