<?xml version="1.0" encoding="UTF-8"?>
<!-- Generated by org.testng.reporters.JUnitReportReporter -->
<testsuite hostname="DESKTOP-AVL4E6C" failures="0" tests="3" name="Runners.Users_Creation_Runner" time="170.703" errors="0" timestamp="2024-01-11T16:13:43 IST" skipped="0">
  <testcase classname="Runners.Users_Creation_Runner" name="runScenario" time="65.787"/>
  <testcase classname="Runners.Users_Creation_Runner" name="runScenario" time="53.713"/>
  <testcase classname="Runners.Users_Creation_Runner" name="runScenario" time="51.203"/>
</testsuite> <!-- Runners.Users_Creation_Runner -->
