<?xml version="1.0" encoding="UTF-8"?>
<!-- Generated by org.testng.reporters.JUnitReportReporter -->
<testsuite hostname="Sapphirus-SS179" failures="0" tests="1" name="PortfolioCenterRunner.MultiScoringAssignmentSubmissionRunner" time="50.961" errors="0" timestamp="2024-12-26T11:06:11 IST" skipped="0">
  <testcase classname="PortfolioCenterRunner.MultiScoringAssignmentSubmissionRunner" name="runScenario" time="50.961"/>
  <system-out/>
</testsuite> <!-- PortfolioCenterRunner.MultiScoringAssignmentSubmissionRunner -->
