<?xml version="1.0" encoding="UTF-8"?>
<!-- Generated by org.testng.reporters.JUnitReportReporter -->
<testsuite hostname="Sapphirus-SS141" failures="0" tests="2" name="AssessmentsRunner.SISprovisioningRunner" time="229.307" errors="0" timestamp="20 Jan 2025 10:49:40 GMT">
  <testcase classname="AssessmentsRunner.SISprovisioningRunner" name="runScenario" time="90.528"/>
  <testcase classname="AssessmentsRunner.SISprovisioningRunner" name="runScenario" time="138.779"/>
</testsuite> <!-- AssessmentsRunner.SISprovisioningRunner -->
