<?xml version="1.0" encoding="UTF-8"?>
<!-- Generated by org.testng.reporters.JUnitReportReporter -->
<testsuite hostname="DESKTOP-AVL4E6C" failures="0" tests="1" name="Runners.AssessmentSubmissionRunner" time="61.864" errors="0" timestamp="22 Feb 2024 08:01:02 GMT">
  <testcase classname="Runners.AssessmentSubmissionRunner" name="runScenario" time="61.864"/>
</testsuite> <!-- Runners.AssessmentSubmissionRunner -->
