<?xml version="1.0" encoding="UTF-8"?>
<!-- Generated by org.testng.reporters.JUnitReportReporter -->
<testsuite hostname="DESKTOP-AVL4E6C" failures="0" tests="3" name="Runners.Users_Creation_Runner" time="174.434" errors="0" timestamp="2023-12-28T14:54:13 IST" skipped="0">
  <testcase classname="Runners.Users_Creation_Runner" name="runScenario" time="50.604"/>
  <testcase classname="Runners.Users_Creation_Runner" name="runScenario" time="55.251"/>
  <testcase classname="Runners.Users_Creation_Runner" name="runScenario" time="68.579"/>
</testsuite> <!-- Runners.Users_Creation_Runner -->
