<?xml version="1.0" encoding="UTF-8"?>
<!-- Generated by org.testng.reporters.JUnitReportReporter -->
<testsuite hostname="Sapphirus-SS141" failures="0" tests="1" name="AssessmentsRunner.QuizCreationRunner" time="163.538" errors="0" timestamp="2024-12-03T13:37:31 IST" skipped="0">
  <testcase classname="AssessmentsRunner.QuizCreationRunner" name="runScenario" time="163.538"/>
  <system-out/>
</testsuite> <!-- AssessmentsRunner.QuizCreationRunner -->
