<?xml version="1.0" encoding="UTF-8"?>
<!-- Generated by org.testng.reporters.JUnitReportReporter -->
<testsuite hostname="Sapphirus-SS141" failures="0" tests="1" name="PortfolioCenterRunner.MultiScoringSubmissionRuner" time="39.337" errors="0" timestamp="28 Feb 2025 13:26:15 GMT">
  <testcase classname="PortfolioCenterRunner.MultiScoringSubmissionRuner" name="runScenario" time="39.337"/>
</testsuite> <!-- PortfolioCenterRunner.MultiScoringSubmissionRuner -->
