<?xml version="1.0" encoding="UTF-8"?>
<!-- Generated by org.testng.reporters.JUnitReportReporter -->
<testsuite hostname="DESKTOP-AVL4E6C" failures="0" tests="1" name="Runners.AssessmentSubmissionRunner" time="53.409" errors="0" timestamp="8 Feb 2024 07:45:29 GMT">
  <testcase classname="Runners.AssessmentSubmissionRunner" name="runScenario" time="53.409"/>
</testsuite> <!-- Runners.AssessmentSubmissionRunner -->
