<?xml version="1.0" encoding="UTF-8"?>
<!-- Generated by org.testng.reporters.JUnitReportReporter -->
<testsuite hostname="Sapphirus-SS141" failures="0" tests="2" name="ExamCenterRunners.Create_Time_Slot_and_Enroll_the_ExamTakerRunner" time="115.111" errors="0" timestamp="29 Nov 2024 09:12:05 GMT">
  <testcase classname="ExamCenterRunners.Create_Time_Slot_and_Enroll_the_ExamTakerRunner" name="runScenario" time="59.724"/>
  <testcase classname="ExamCenterRunners.Create_Time_Slot_and_Enroll_the_ExamTakerRunner" name="runScenario" time="55.387"/>
</testsuite> <!-- ExamCenterRunners.Create_Time_Slot_and_Enroll_the_ExamTakerRunner -->
