<?xml version="1.0" encoding="UTF-8"?>
<!-- Generated by org.testng.reporters.JUnitReportReporter -->
<testsuite hostname="Sapphirus-SS180" failures="0" tests="1" name="AssessmentsRunner.LaunchValidationRunner" time="74.982" errors="0" timestamp="2024-11-27T18:24:58 IST" skipped="0">
  <testcase classname="AssessmentsRunner.LaunchValidationRunner" name="runScenario" time="74.982"/>
  <system-out/>
</testsuite> <!-- AssessmentsRunner.LaunchValidationRunner -->
