<?xml version="1.0" encoding="UTF-8"?>
<!-- Generated by org.testng.reporters.JUnitReportReporter -->
<testsuite hostname="Sapphirus-SS180" failures="0" tests="1" name="AssessmentsRunner.Benchmark_TeacherRunner" time="103.370" errors="0" timestamp="2024-11-25T23:59:27 IST" skipped="0">
  <testcase classname="AssessmentsRunner.Benchmark_TeacherRunner" name="runScenario" time="103.370"/>
  <system-out/>
</testsuite> <!-- AssessmentsRunner.Benchmark_TeacherRunner -->
