<?xml version="1.0" encoding="UTF-8"?>
<!-- Generated by org.testng.reporters.JUnitReportReporter -->
<testsuite hostname="Sapphirus-SS180" failures="0" tests="1" name="AssessmentsRunner.QuizCreationRunner" time="170.668" errors="0" timestamp="2024-11-25T23:59:27 IST" skipped="0">
  <testcase classname="AssessmentsRunner.QuizCreationRunner" name="runScenario" time="170.668"/>
  <system-out/>
</testsuite> <!-- AssessmentsRunner.QuizCreationRunner -->
