<?xml version="1.0" encoding="UTF-8"?>
<!-- Generated by org.testng.reporters.JUnitReportReporter -->
<testsuite hostname="Sapphirus-SS141" failures="0" tests="2" name="AssessmentsRunner.BenchmarksRunner" time="114.230" errors="0" timestamp="2024-12-12T23:48:15 IST" skipped="0">
  <testcase classname="AssessmentsRunner.BenchmarksRunner" name="runScenario" time="54.739"/>
  <system-out/>
  <testcase classname="AssessmentsRunner.BenchmarksRunner" name="runScenario" time="59.491"/>
  <system-out/>
</testsuite> <!-- AssessmentsRunner.BenchmarksRunner -->
