<?xml version="1.0" encoding="UTF-8"?>
<!-- Generated by org.testng.reporters.JUnitReportReporter -->
<testsuite hostname="Sapphirus-SS141" failures="0" tests="3" name="Runners.Users_Creation_Runner" time="184.549" errors="0" timestamp="10 Oct 2024 11:00:54 GMT">
  <testcase classname="Runners.Users_Creation_Runner" name="runScenario" time="55.808"/>
  <testcase classname="Runners.Users_Creation_Runner" name="runScenario" time="64.108"/>
  <testcase classname="Runners.Users_Creation_Runner" name="runScenario" time="64.633"/>
</testsuite> <!-- Runners.Users_Creation_Runner -->
