<?xml version="1.0" encoding="UTF-8"?>
<!-- Generated by org.testng.reporters.JUnitReportReporter -->
<testsuite hostname="Sapphirus-SS143" failures="0" tests="1" name="LearningTreeRunner.Provide_Score_in_LTRunner" time="11.154" errors="1" timestamp="2025-01-19T21:04:09 IST" skipped="0">
  <testcase classname="LearningTreeRunner.Provide_Score_in_LTRunner" name="runScenario" time="11.154">
    <error message="Unable to find element with locator By.xpath: //input[@id=&#039;Username&#039;]
For documentation on this error, please visit: https://www.selenium.dev/documentation/webdriver/troubleshooting/errors#no-such-element-exception
Build info: version: &#039;4.18.1&#039;, revision: &#039;b1d3319b48&#039;
System info: os.name: &#039;Windows 11&#039;, os.arch: &#039;amd64&#039;, os.version: &#039;10.0&#039;, java.version: &#039;22.0.2&#039;
Driver info: driver.version: RemoteWebDriver" type="org.openqa.selenium.NoSuchElementException">
      <![CDATA[org.openqa.selenium.NoSuchElementException: Unable to find element with locator By.xpath: //input[@id='Username']
For documentation on this error, please visit: https://www.selenium.dev/documentation/webdriver/troubleshooting/errors#no-such-element-exception
Build info: version: '4.18.1', revision: 'b1d3319b48'
System info: os.name: 'Windows 11', os.arch: 'amd64', os.version: '10.0', java.version: '22.0.2'
Driver info: driver.version: RemoteWebDriver
at org.openqa.selenium.remote.ElementLocation$ElementFinder$2.findElement(ElementLocation.java:168)
at org.openqa.selenium.remote.ElementLocation.findElement(ElementLocation.java:59)
at org.openqa.selenium.remote.RemoteWebDriver.findElement(RemoteWebDriver.java:356)
at org.openqa.selenium.remote.RemoteWebDriver.findElement(RemoteWebDriver.java:350)
at com.LearningTree.pages.LoginPage.enterUsername(LoginPage.java:54)
at com.LearningTree.pages.LoginPage.User_login(LoginPage.java:79)
at LearningTreeStepdef.LoginStepdefinintions.user_enters_the_credentials_from_the_excel_sheet_at(LoginStepdefinintions.java:42)
at âœ½.User enters the credentials from the excel sheet at 2(file:///D:/FPK_Automation_Scripts/LT_Automation/src/test/resources/LearningTreeFeatures/Provide_Score_in_LT.feature:6)
]]>
    </error>
  </testcase> <!-- runScenario -->
  <system-out/>
</testsuite> <!-- LearningTreeRunner.Provide_Score_in_LTRunner -->
