<?xml version="1.0" encoding="UTF-8"?>
<!-- Generated by org.testng.reporters.JUnitReportReporter -->
<testsuite hostname="DESKTOP-AVL4E6C" failures="0" tests="3" name="Runners.BulkUploadRunner" time="196.620" errors="0" timestamp="31 Jan 2024 05:54:30 GMT">
  <testcase classname="Runners.BulkUploadRunner" name="runScenario" time="61.409"/>
  <testcase classname="Runners.BulkUploadRunner" name="runScenario" time="63.802"/>
  <testcase classname="Runners.BulkUploadRunner" name="runScenario" time="71.409"/>
</testsuite> <!-- Runners.BulkUploadRunner -->
