<?xml version="1.0" encoding="UTF-8"?>
<!-- Generated by org.testng.reporters.JUnitReportReporter -->
<testsuite hostname="Sapphirus-SS141" failures="0" tests="3" name="Runners.Examinations_Schedule_runner" time="217.483" errors="0" timestamp="10 Oct 2024 06:54:41 GMT">
  <testcase classname="Runners.Examinations_Schedule_runner" name="runScenario" time="66.600"/>
  <testcase classname="Runners.Examinations_Schedule_runner" name="runScenario" time="45.842"/>
  <testcase classname="Runners.Examinations_Schedule_runner" name="runScenario" time="105.041"/>
</testsuite> <!-- Runners.Examinations_Schedule_runner -->
