<?xml version="1.0" encoding="UTF-8"?>
<!-- Generated by org.testng.reporters.JUnitReportReporter -->
<testsuite hostname="Sapphirus-SS141" failures="0" tests="2" name="AssessmentsRunner.ScoreSubmissionRunner" time="158.909" errors="0" timestamp="2024-11-29T16:49:48 IST" skipped="0">
  <testcase classname="AssessmentsRunner.ScoreSubmissionRunner" name="runScenario" time="117.691"/>
  <system-out/>
  <testcase classname="AssessmentsRunner.ScoreSubmissionRunner" name="runScenario" time="41.218"/>
  <system-out/>
</testsuite> <!-- AssessmentsRunner.ScoreSubmissionRunner -->
