<?xml version="1.0" encoding="UTF-8"?>
<!-- Generated by org.testng.reporters.JUnitReportReporter -->
<testsuite hostname="DESKTOP-18FB10Q" failures="0" tests="1" name="com.Focalpoint_EC.runner.Login_pageRunner" time="10.661" errors="0" timestamp="2024-01-11T13:40:07 IST" skipped="0">
  <testcase classname="com.Focalpoint_EC.runner.Login_pageRunner" name="runScenario" time="10.661"/>
</testsuite> <!-- com.Focalpoint_EC.runner.Login_pageRunner -->
