<?xml version="1.0" encoding="UTF-8"?>
<!-- Generated by org.testng.reporters.JUnitReportReporter -->
<testsuite hostname="Sapphirus-SS141" failures="0" tests="1" name="PortfolioCenterRunner.PortfolioCenterCourseRunner" time="103.545" errors="0" timestamp="10 Jan 2025 06:03:10 GMT">
  <testcase classname="PortfolioCenterRunner.PortfolioCenterCourseRunner" name="runScenario" time="103.545"/>
</testsuite> <!-- PortfolioCenterRunner.PortfolioCenterCourseRunner -->
