<?xml version="1.0" encoding="UTF-8"?>
<!-- Generated by org.testng.reporters.JUnitReportReporter -->
<testsuite hostname="DESKTOP-AVL4E6C" failures="0" tests="1" name="Runners.AssessmentSubmissionRunner" time="58.288" errors="0" timestamp="31 Jan 2024 05:54:30 GMT">
  <testcase classname="Runners.AssessmentSubmissionRunner" name="runScenario" time="58.288"/>
</testsuite> <!-- Runners.AssessmentSubmissionRunner -->
