<?xml version="1.0" encoding="UTF-8"?>
<!-- Generated by org.testng.reporters.JUnitReportReporter -->
<testsuite hostname="Sapphirus-SS141" failures="0" tests="2" name="AssessmentsRunner.SISprovisioningRunner" time="158.460" errors="0" timestamp="30 Dec 2024 07:00:55 GMT">
  <testcase classname="AssessmentsRunner.SISprovisioningRunner" name="runScenario" time="75.984"/>
  <testcase classname="AssessmentsRunner.SISprovisioningRunner" name="runScenario" time="82.476"/>
</testsuite> <!-- AssessmentsRunner.SISprovisioningRunner -->
