<?xml version="1.0" encoding="UTF-8"?>
<!-- Generated by org.testng.reporters.JUnitReportReporter -->
<testsuite hostname="Sapphirus-SS141" failures="0" tests="1" name="ExamCenterRunners.Enrolled_ExamTaker_in_a_TimeSlotRunner" time="64.865" errors="0" timestamp="19 Dec 2024 12:48:08 GMT">
  <testcase classname="ExamCenterRunners.Enrolled_ExamTaker_in_a_TimeSlotRunner" name="runScenario" time="64.865"/>
</testsuite> <!-- ExamCenterRunners.Enrolled_ExamTaker_in_a_TimeSlotRunner -->
