<?xml version="1.0" encoding="UTF-8"?>
<!-- Generated by org.testng.reporters.JUnitReportReporter -->
<testsuite hostname="Sapphirus-SS141" failures="0" tests="1" name="AssessmentsRunner.LaunchValidationRunner" time="69.594" errors="0" timestamp="2024-11-29T16:49:48 IST" skipped="0">
  <testcase classname="AssessmentsRunner.LaunchValidationRunner" name="runScenario" time="69.594"/>
  <system-out/>
</testsuite> <!-- AssessmentsRunner.LaunchValidationRunner -->
