<?xml version="1.0" encoding="UTF-8"?>
<!-- Generated by org.testng.reporters.JUnitReportReporter -->
<testsuite hostname="Sapphirus-SS141" failures="0" tests="1" name="ExamCenterRunners.AssessmentSubmissionRunner" time="63.541" errors="0" timestamp="29 Nov 2024 09:12:05 GMT">
  <testcase classname="ExamCenterRunners.AssessmentSubmissionRunner" name="runScenario" time="63.541"/>
</testsuite> <!-- ExamCenterRunners.AssessmentSubmissionRunner -->
