<?xml version="1.0" encoding="UTF-8"?>
<!-- Generated by org.testng.reporters.JUnitReportReporter -->
<testsuite hostname="DESKTOP-AVL4E6C" failures="0" tests="3" name="Runners.Examinations_Schedule_runner" time="120.731" errors="0" timestamp="22 Jan 2024 11:18:36 GMT">
  <testcase classname="Runners.Examinations_Schedule_runner" name="runScenario" time="54.354"/>
  <testcase classname="Runners.Examinations_Schedule_runner" name="runScenario" time="28.033"/>
  <testcase classname="Runners.Examinations_Schedule_runner" name="runScenario" time="38.344"/>
</testsuite> <!-- Runners.Examinations_Schedule_runner -->
