<?xml version="1.0" encoding="UTF-8"?>
<!-- Generated by org.testng.reporters.JUnitReportReporter -->
<testsuite hostname="DESKTOP-AVL4E6C" failures="0" tests="1" name="Runners.EnrolleRunner" time="43.722" errors="0" timestamp="4 Mar 2024 07:49:47 GMT">
  <testcase classname="Runners.EnrolleRunner" name="runScenario" time="43.722"/>
</testsuite> <!-- Runners.EnrolleRunner -->
