<?xml version="1.0" encoding="UTF-8"?>
<!-- Generated by org.testng.reporters.JUnitReportReporter -->
<testsuite hostname="Sapphirus-SS141" failures="0" tests="1" name="ExamCenterRunners.Users_Creation_Runner" time="75.242" errors="0" timestamp="31 Dec 2024 10:54:38 GMT">
  <testcase classname="ExamCenterRunners.Users_Creation_Runner" name="runScenario" time="75.242"/>
</testsuite> <!-- ExamCenterRunners.Users_Creation_Runner -->
