<?xml version="1.0" encoding="UTF-8"?>
<!-- Generated by org.testng.reporters.JUnitReportReporter -->
<testsuite hostname="Sapphirus-SS141" failures="0" tests="1" name="ExamCenterRunners.Score_SubmissionRunner" time="58.961" errors="0" timestamp="27 Jan 2025 10:21:29 GMT">
  <testcase classname="ExamCenterRunners.Score_SubmissionRunner" name="runScenario" time="58.961"/>
</testsuite> <!-- ExamCenterRunners.Score_SubmissionRunner -->
