<?xml version="1.0" encoding="UTF-8"?>
<!-- Generated by org.testng.reporters.JUnitReportReporter -->
<testsuite hostname="Sapphirus-SS141" failures="0" tests="1" name="ExamCenterRunners.Users_Creation_Runner" time="66.813" errors="0" timestamp="19 Dec 2024 08:04:58 GMT">
  <testcase classname="ExamCenterRunners.Users_Creation_Runner" name="runScenario" time="66.813"/>
</testsuite> <!-- ExamCenterRunners.Users_Creation_Runner -->
