<?xml version="1.0" encoding="UTF-8"?>
<!-- Generated by org.testng.reporters.JUnitReportReporter -->
<testsuite hostname="DESKTOP-AVL4E6C" failures="0" tests="2" name="Runners.Create_Time_Slot_and_Enroll_the_ExamTakerRunner" time="89.933" errors="0" timestamp="1 Mar 2024 11:41:15 GMT">
  <testcase classname="Runners.Create_Time_Slot_and_Enroll_the_ExamTakerRunner" name="runScenario" time="51.704"/>
  <testcase classname="Runners.Create_Time_Slot_and_Enroll_the_ExamTakerRunner" name="runScenario" time="38.229"/>
</testsuite> <!-- Runners.Create_Time_Slot_and_Enroll_the_ExamTakerRunner -->
