<?xml version="1.0" encoding="UTF-8"?>
<!-- Generated by org.testng.reporters.JUnitReportReporter -->
<testsuite hostname="Sapphirus-SS141" failures="0" tests="1" name="Runners.EnrolleRunner" time="66.064" errors="0" timestamp="9 Oct 2024 10:20:36 GMT">
  <testcase classname="Runners.EnrolleRunner" name="runScenario" time="66.064"/>
</testsuite> <!-- Runners.EnrolleRunner -->
