<?xml version="1.0" encoding="UTF-8"?>
<!-- Generated by org.testng.reporters.JUnitReportReporter -->
<testsuite hostname="Sapphirus-SS141" failures="0" tests="2" name="PortfolioCenterRunner.SISprovisioningRunner" time="216.250" errors="0" timestamp="7 Jan 2025 09:20:46 GMT">
  <testcase classname="PortfolioCenterRunner.SISprovisioningRunner" name="runScenario" time="143.257"/>
  <testcase classname="PortfolioCenterRunner.SISprovisioningRunner" name="runScenario" time="72.993"/>
</testsuite> <!-- PortfolioCenterRunner.SISprovisioningRunner -->
