<?xml version="1.0" encoding="UTF-8"?>
<!-- Generated by org.testng.reporters.JUnitReportReporter -->
<testsuite hostname="Sapphirus-SS180" failures="0" tests="1" name="AssessmentsRunner.Teacher_ActivityprogressRunner" time="83.792" errors="0" timestamp="2024-11-27T18:24:58 IST" skipped="0">
  <testcase classname="AssessmentsRunner.Teacher_ActivityprogressRunner" name="runScenario" time="83.792"/>
  <system-out/>
</testsuite> <!-- AssessmentsRunner.Teacher_ActivityprogressRunner -->
