<?xml version="1.0" encoding="UTF-8"?>
<!-- Generated by org.testng.reporters.JUnitReportReporter -->
<testsuite hostname="Sapphirus-SS141" failures="0" tests="1" name="ExamCenterRunners.Users_Creation_Runner" time="86.868" errors="0" timestamp="21 Jan 2025 09:11:14 GMT">
  <testcase classname="ExamCenterRunners.Users_Creation_Runner" name="runScenario" time="86.868"/>
</testsuite> <!-- ExamCenterRunners.Users_Creation_Runner -->
