<?xml version="1.0" encoding="UTF-8"?>
<!-- Generated by org.testng.reporters.JUnitReportReporter -->
<testsuite hostname="Sapphirus-SS141" failures="0" tests="3" name="ExamCenterRunners.Examinations_Schedule_runner" time="155.462" errors="0" timestamp="29 Nov 2024 09:12:05 GMT">
  <testcase classname="ExamCenterRunners.Examinations_Schedule_runner" name="runScenario" time="63.537"/>
  <testcase classname="ExamCenterRunners.Examinations_Schedule_runner" name="runScenario" time="51.647"/>
  <testcase classname="ExamCenterRunners.Examinations_Schedule_runner" name="runScenario" time="40.278"/>
</testsuite> <!-- ExamCenterRunners.Examinations_Schedule_runner -->
