<?xml version="1.0" encoding="UTF-8"?>
<!-- Generated by org.testng.reporters.JUnitReportReporter -->
<testsuite hostname="DESKTOP-AVL4E6C" failures="0" tests="2" name="Runners.Create_Time_Slot_and_Enroll_the_ExamTakerRunner" time="83.877" errors="0" timestamp="27 Feb 2024 13:21:47 GMT">
  <testcase classname="Runners.Create_Time_Slot_and_Enroll_the_ExamTakerRunner" name="runScenario" time="48.812"/>
  <testcase classname="Runners.Create_Time_Slot_and_Enroll_the_ExamTakerRunner" name="runScenario" time="35.065"/>
</testsuite> <!-- Runners.Create_Time_Slot_and_Enroll_the_ExamTakerRunner -->
