<?xml version="1.0" encoding="UTF-8"?>
<!-- Generated by org.testng.reporters.JUnitReportReporter -->
<testsuite hostname="DESKTOP-AVL4E6C" failures="0" tests="1" name="Runners.Enrolled_ExamTaker_in_a_TimeSlotRunner" time="50.271" errors="0" timestamp="1 Mar 2024 11:41:15 GMT">
  <testcase classname="Runners.Enrolled_ExamTaker_in_a_TimeSlotRunner" name="runScenario" time="50.271"/>
</testsuite> <!-- Runners.Enrolled_ExamTaker_in_a_TimeSlotRunner -->
