<?xml version="1.0" encoding="UTF-8"?>
<!-- Generated by org.testng.reporters.JUnitReportReporter -->
<testsuite hostname="Sapphirus-SS179" failures="0" tests="1" name="PortfolioCenterRunner.ScoreSubmissionRunner" time="44.020" errors="0" timestamp="2024-12-23T11:04:49 IST" skipped="0">
  <testcase classname="PortfolioCenterRunner.ScoreSubmissionRunner" name="runScenario" time="44.020"/>
  <system-out/>
</testsuite> <!-- PortfolioCenterRunner.ScoreSubmissionRunner -->
