<?xml version="1.0" encoding="UTF-8"?>
<!-- Generated by org.testng.reporters.JUnitReportReporter -->
<testsuite hostname="DESKTOP-AVL4E6C" failures="0" tests="1"
	name="Runners.Location_Runner" time="34.907" errors="0"
	timestamp="29 Jan 2024 12:31:55 GMT">
	<testcase classname="Runners.Location_Runner" name="runScenario"
		time="34.907" />
</testsuite> <!-- Runners.Location_Runner -->
