<?xml version="1.0" encoding="UTF-8"?>
<!-- Generated by org.testng.reporters.JUnitReportReporter -->
<<<<<<< HEAD
<testsuite hostname="Sapphirus-SS141" failures="0" tests="3" name="ExamCenterRunners.Users_Creation_Runner" time="205.966" errors="0" timestamp="12 Dec 2024 17:08:22 GMT">
  <testcase classname="ExamCenterRunners.Users_Creation_Runner" name="runScenario" time="69.279"/>
  <testcase classname="ExamCenterRunners.Users_Creation_Runner" name="runScenario" time="72.625"/>
  <testcase classname="ExamCenterRunners.Users_Creation_Runner" name="runScenario" time="64.062"/>
</testsuite> <!-- ExamCenterRunners.Users_Creation_Runner -->
=======
<testsuite hostname="Sapphirus-SS143" failures="0" tests="1" name="ExamCenterRunners.Users_Creation_Runner" time="43.574" errors="0" timestamp="12 Dec 2024 19:30:55 GMT">
  <testcase classname="ExamCenterRunners.Users_Creation_Runner" name="runScenario" time="43.574"/>
</testsuite> <!-- ExamCenterRunners.Users_Creation_Runner -->
>>>>>>> branch 'FPK12-ExamCenterBranch' of https://focalpointk12.visualstudio.com/FPK12%202.0/_git/FPK12-AUTOMATION-TEST-2.0
