<?xml version="1.0" encoding="UTF-8"?>
<!-- Generated by org.testng.reporters.JUnitReportReporter -->
<testsuite hostname="Sapphirus-SS141" failures="0" tests="1" name="LearningTreeRunner.Import_Activities_in_LTRunner" time="47.487" errors="0" timestamp="3 Feb 2025 10:19:58 GMT">
  <testcase classname="LearningTreeRunner.Import_Activities_in_LTRunner" name="runScenario" time="47.487"/>
</testsuite> <!-- LearningTreeRunner.Import_Activities_in_LTRunner -->
