<?xml version="1.0" encoding="UTF-8"?>
<!-- Generated by org.testng.reporters.JUnitReportReporter -->
<testsuite hostname="Sapphirus-SS141" failures="0" tests="1" name="Runners.Location_Runner" time="54.533" errors="0" timestamp="9 Oct 2024 10:20:36 GMT">
  <testcase classname="Runners.Location_Runner" name="runScenario" time="54.533"/>
</testsuite> <!-- Runners.Location_Runner -->
