<?xml version="1.0" encoding="UTF-8"?>
<!-- Generated by org.testng.reporters.JUnitReportReporter -->
<testsuite hostname="Sapphirus-SS141" failures="0" tests="1" name="AssessmentsRunner.PerformingExamRunner" time="70.005" errors="0" timestamp="21 Feb 2025 10:59:53 GMT">
  <testcase classname="AssessmentsRunner.PerformingExamRunner" name="runScenario" time="70.005"/>
</testsuite> <!-- AssessmentsRunner.PerformingExamRunner -->
