<?xml version="1.0" encoding="UTF-8"?>
<!-- Generated by org.testng.reporters.JUnitReportReporter -->
<testsuite hostname="Sapphirus-SS141" failures="0" tests="1" name="AssessmentsRunner.Reportcard_TeacherRunner" time="58.992" errors="0" timestamp="2024-12-13T10:27:33 IST" skipped="0">
  <testcase classname="AssessmentsRunner.Reportcard_TeacherRunner" name="runScenario" time="58.992"/>
  <system-out/>
</testsuite> <!-- AssessmentsRunner.Reportcard_TeacherRunner -->
