<?xml version="1.0" encoding="UTF-8"?>
<!-- Generated by org.testng.reporters.JUnitReportReporter -->
<testsuite hostname="Sapphirus-SS141" failures="0" tests="1" name="PortfolioCenterRunner.PortfolioCenterCourseRunner" time="76.748" errors="0" timestamp="9 Jan 2025 11:16:52 GMT">
  <testcase classname="PortfolioCenterRunner.PortfolioCenterCourseRunner" name="runScenario" time="76.748"/>
</testsuite> <!-- PortfolioCenterRunner.PortfolioCenterCourseRunner -->
