<?xml version="1.0" encoding="UTF-8"?>
<!-- Generated by org.testng.reporters.JUnitReportReporter -->
<testsuite hostname="DESKTOP-AVL4E6C" failures="0" tests="1" name="Runners.Location_Runner" time="35.562" errors="0" timestamp="1 Feb 2024 09:46:29 GMT">
  <testcase classname="Runners.Location_Runner" name="runScenario" time="35.562"/>
</testsuite> <!-- Runners.Location_Runner -->
