<?xml version="1.0" encoding="UTF-8"?>
<!-- Generated by org.testng.reporters.JUnitReportReporter -->
<testsuite hostname="Sapphirus-SS141" failures="0" tests="5" name="AssessmentsRunner.SISprovisioningRunner" time="202.031" errors="0" timestamp="2024-10-21T15:27:41 IST" skipped="0">
  <testcase classname="AssessmentsRunner.SISprovisioningRunner" name="runScenario" time="71.263"/>
  <testcase classname="AssessmentsRunner.SISprovisioningRunner" name="runScenario" time="17.623"/>
  <testcase classname="AssessmentsRunner.SISprovisioningRunner" name="runScenario" time="19.788"/>
  <testcase classname="AssessmentsRunner.SISprovisioningRunner" name="runScenario" time="74.268"/>
  <testcase classname="AssessmentsRunner.SISprovisioningRunner" name="runScenario" time="19.089"/>
</testsuite> <!-- AssessmentsRunner.SISprovisioningRunner -->
