<?xml version="1.0" encoding="UTF-8"?>
<!-- Generated by org.testng.reporters.JUnitReportReporter -->
<testsuite hostname="DESKTOP-AVL4E6C" failures="0" tests="1" name="Runners.AssessmentSubmissionRunner" time="50.517" errors="0" timestamp="22 Jan 2024 11:18:36 GMT">
  <testcase classname="Runners.AssessmentSubmissionRunner" name="runScenario" time="50.517"/>
</testsuite> <!-- Runners.AssessmentSubmissionRunner -->
