<?xml version="1.0" encoding="UTF-8"?>
<!-- Generated by org.testng.reporters.JUnitReportReporter -->
<testsuite hostname="DESKTOP-AVL4E6C" failures="0" tests="3"
	name="Runners.Users_Creation_Runner" time="159.190" errors="0"
	timestamp="29 Jan 2024 12:31:55 GMT">
	<testcase classname="Runners.Users_Creation_Runner" name="runScenario"
		time="60.510" />
	<testcase classname="Runners.Users_Creation_Runner" name="runScenario"
		time="51.090" />
	<testcase classname="Runners.Users_Creation_Runner" name="runScenario"
		time="47.590" />
</testsuite> <!-- Runners.Users_Creation_Runner -->
