<?xml version="1.0" encoding="UTF-8"?>
<!-- Generated by org.testng.reporters.JUnitReportReporter -->
<testsuite hostname="Sapphirus-SS141" failures="0" tests="1" name="PortfolioCenterRunner.PortfolioCenterCourseRunner" time="72.875" errors="0" timestamp="20 Jan 2025 05:32:26 GMT">
  <testcase classname="PortfolioCenterRunner.PortfolioCenterCourseRunner" name="runScenario" time="72.875"/>
</testsuite> <!-- PortfolioCenterRunner.PortfolioCenterCourseRunner -->
