<?xml version="1.0" encoding="UTF-8"?>
<!-- Generated by org.testng.reporters.JUnitReportReporter -->
<testsuite hostname="DESKTOP-AVL4E6C" failures="0" tests="1" name="Runners.EnrolleRunner" time="38.820" errors="0" timestamp="1 Mar 2024 11:58:30 GMT">
  <testcase classname="Runners.EnrolleRunner" name="runScenario" time="38.820"/>
</testsuite> <!-- Runners.EnrolleRunner -->
