<?xml version="1.0" encoding="UTF-8"?>
<!-- Generated by org.testng.reporters.JUnitReportReporter -->
<testsuite hostname="DESKTOP-AVL4E6C" failures="0" tests="3" name="Runners.BulkUploadRunner" time="193.598" errors="0" timestamp="6 Feb 2024 09:48:27 GMT">
  <testcase classname="Runners.BulkUploadRunner" name="runScenario" time="72.423"/>
  <testcase classname="Runners.BulkUploadRunner" name="runScenario" time="58.773"/>
  <testcase classname="Runners.BulkUploadRunner" name="runScenario" time="62.402"/>
</testsuite> <!-- Runners.BulkUploadRunner -->
