<?xml version="1.0" encoding="UTF-8"?>
<!-- Generated by org.testng.reporters.JUnitReportReporter -->
<testsuite hostname="DESKTOP-18FB10Q" failures="0" tests="1"
	name="com.Focalpoint_EC.runner.Enroll_Examataker_at_procter_side_Runner"
	time="27.091" errors="0" timestamp="2023-12-12T12:45:21 IST" skipped="0">
	<testcase
		classname="com.Focalpoint_EC.runner.Enroll_Examataker_at_procter_side_Runner"
		name="runScenario" time="27.091" />
</testsuite> <!--
com.Focalpoint_EC.runner.Enroll_Examataker_at_procter_side_Runner -->
