<?xml version="1.0" encoding="UTF-8"?>
<!-- Generated by org.testng.reporters.JUnitReportReporter -->
<testsuite hostname="DESKTOP-AVL4E6C" failures="0" tests="1" name="Runners.AssessmentSubmissionRunner" time="72.866" errors="0" timestamp="2023-12-28T16:44:20 IST" skipped="0">
  <testcase classname="Runners.AssessmentSubmissionRunner" name="runScenario" time="72.866"/>
</testsuite> <!-- Runners.AssessmentSubmissionRunner -->
