<?xml version="1.0" encoding="UTF-8"?>
<!-- Generated by org.testng.reporters.JUnitReportReporter -->
<testsuite hostname="DESKTOP-AVL4E6C" failures="0" tests="3" name="Runners.LoginPageRunner" time="57.349" errors="0" timestamp="2023-12-19T17:09:49 IST" skipped="0">
  <testcase classname="Runners.LoginPageRunner" name="runScenario" time="19.113"/>
  <testcase classname="Runners.LoginPageRunner" name="runScenario" time="18.601"/>
  <testcase classname="Runners.LoginPageRunner" name="runScenario" time="19.635"/>
</testsuite> <!-- Runners.LoginPageRunner -->
