<?xml version="1.0" encoding="UTF-8"?>
<!-- Generated by org.testng.reporters.JUnitReportReporter -->
<testsuite hostname="Sapphirus-SS141" failures="0" tests="1" name="AssessmentsRunner.QuizSubmissionRunner" time="162.125" errors="0" timestamp="2024-12-12T17:41:56 IST" skipped="0">
  <testcase classname="AssessmentsRunner.QuizSubmissionRunner" name="runScenario" time="162.125"/>
  <system-out/>
</testsuite> <!-- AssessmentsRunner.QuizSubmissionRunner -->
