<?xml version="1.0" encoding="UTF-8"?>
<!-- Generated by org.testng.reporters.JUnitReportReporter -->
<testsuite hostname="DESKTOP-AVL4E6C" failures="0" tests="3" name="Runners.Users_Creation_Runner" time="153.030" errors="0" timestamp="22 Feb 2024 08:01:02 GMT">
  <testcase classname="Runners.Users_Creation_Runner" name="runScenario" time="47.295"/>
  <testcase classname="Runners.Users_Creation_Runner" name="runScenario" time="52.006"/>
  <testcase classname="Runners.Users_Creation_Runner" name="runScenario" time="53.729"/>
</testsuite> <!-- Runners.Users_Creation_Runner -->
