<?xml version="1.0" encoding="UTF-8"?>
<!-- Generated by org.testng.reporters.JUnitReportReporter -->
<testsuite hostname="Sapphirus-SS143" failures="0" tests="1" name="LearningTreeRunner.ReportcardRunner" time="36.054" errors="0" timestamp="2025-01-28T16:13:41 IST" skipped="0">
  <testcase classname="LearningTreeRunner.ReportcardRunner" name="runScenario" time="36.054"/>
  <system-out/>
</testsuite> <!-- LearningTreeRunner.ReportcardRunner -->
