<?xml version="1.0" encoding="UTF-8"?>
<!-- Generated by org.testng.reporters.JUnitReportReporter -->
<<<<<<< HEAD
<testsuite hostname="Sapphirus-SS143" failures="0" tests="1" name="Runners.AssessmentSubmissionRunner" time="52.734" errors="0" timestamp="12 Oct 2024 15:20:55 GMT">
  <testcase classname="Runners.AssessmentSubmissionRunner" name="runScenario" time="52.734"/>
=======
<testsuite hostname="Sapphirus-SS141" failures="0" tests="1" name="Runners.AssessmentSubmissionRunner" time="60.215" errors="0" timestamp="10 Oct 2024 11:00:54 GMT">
  <testcase classname="Runners.AssessmentSubmissionRunner" name="runScenario" time="60.215"/>
>>>>>>> branch 'ExamCenter-Branch' of https://focalpointk12.visualstudio.com/FPK12%202.0/_git/FPK12-AUTOMATION-TEST-2.0
</testsuite> <!-- Runners.AssessmentSubmissionRunner -->
