<?xml version="1.0" encoding="UTF-8"?>
<!-- Generated by org.testng.reporters.JUnitReportReporter -->
<testsuite hostname="Sapphirus-SS143" failures="0" tests="1" name="LearningTreeRunner.Provide_Score_in_LTRunner" time="168.739" errors="0" timestamp="2025-01-20T14:58:56 IST" skipped="0">
  <testcase classname="LearningTreeRunner.Provide_Score_in_LTRunner" name="runScenario" time="168.739"/>
  <system-out/>
</testsuite> <!-- LearningTreeRunner.Provide_Score_in_LTRunner -->
