<?xml version="1.0" encoding="UTF-8"?>
<!-- Generated by org.testng.reporters.JUnitReportReporter -->
<testsuite hostname="DESKTOP-AVL4E6C" failures="0" tests="3" name="Runners.BulkUploadRunner" time="159.361" errors="0" timestamp="25 Jan 2024 11:07:42 GMT">
  <testcase classname="Runners.BulkUploadRunner" name="runScenario" time="58.255"/>
  <testcase classname="Runners.BulkUploadRunner" name="runScenario" time="47.669"/>
  <testcase classname="Runners.BulkUploadRunner" name="runScenario" time="53.437"/>
</testsuite> <!-- Runners.BulkUploadRunner -->
