<?xml version="1.0" encoding="UTF-8"?>
<!-- Generated by org.testng.reporters.JUnitReportReporter -->
<testsuite hostname="Sapphirus-SS141" failures="0" tests="2" name="LearningTreeRunner.DocumentsRunner" time="74.684" errors="0" timestamp="30 Apr 2025 15:17:26 GMT">
  <testcase classname="LearningTreeRunner.DocumentsRunner" name="runScenario" time="40.769"/>
  <testcase classname="LearningTreeRunner.DocumentsRunner" name="runScenario" time="33.915"/>
</testsuite> <!-- LearningTreeRunner.DocumentsRunner -->
