<?xml version="1.0" encoding="UTF-8"?>
<!-- Generated by org.testng.reporters.JUnitReportReporter -->
<testsuite hostname="Sapphirus-SS143" failures="0" tests="2" name="LearningTreeRunner.Activity_CreationRunner" time="235.994" errors="1" timestamp="2025-01-19T21:04:09 IST" skipped="0">
  <testcase classname="LearningTreeRunner.Activity_CreationRunner" name="runScenario" time="232.024"/>
  <system-out/>
  <testcase classname="LearningTreeRunner.Activity_CreationRunner" name="tearDownClass" time="3.970">
    <error message="Receiver class org.apache.poi.xssf.usermodel.XSSFColor does not define or inherit an implementation of the resolved method &#039;abstract byte[] getStoredRGB()&#039; of abstract class org.apache.poi.ss.usermodel.ExtendedColor." type="java.lang.AbstractMethodError">
      <![CDATA[java.lang.AbstractMethodError: Receiver class org.apache.poi.xssf.usermodel.XSSFColor does not define or inherit an implementation of the resolved method 'abstract byte[] getStoredRGB()' of abstract class org.apache.poi.ss.usermodel.ExtendedColor.
at org.apache.poi.ss.usermodel.ExtendedColor.getRGBOrARGB(ExtendedColor.java:100)
at org.apache.poi.xssf.usermodel.XSSFColor.getRGB(XSSFColor.java:189)
at org.apache.poi.xssf.usermodel.XSSFFont.setColor(XSSFFont.java:421)
at tech.grasshopper.excel.report.cell.CellStyles.lambda$passTextBoldCellStyle$24(CellStyles.java:171)
at tech.grasshopper.excel.report.cell.CellStyles.setFont(CellStyles.java:212)
at tech.grasshopper.excel.report.cell.CellStyles.lambda$passTextBoldCellStyle$25(CellStyles.java:170)
at java.base/java.util.HashMap.computeIfAbsent(HashMap.java:1228)
at tech.grasshopper.excel.report.cell.CellStyles.passTextBoldCellStyle(CellStyles.java:170)
at tech.grasshopper.excel.report.cell.CellStyles.getCellStyle(CellStyles.java:87)
at tech.grasshopper.excel.report.cell.CellOperations.writeValue(CellOperations.java:65)
at tech.grasshopper.excel.report.table.SimpleTableOperations.writeTableCellValues(SimpleTableOperations.java:38)
at tech.grasshopper.excel.report.sheets.scenarios.ScenariosSheet.updateScenariosTableData(ScenariosSheet.java:100)
at tech.grasshopper.excel.report.sheets.scenarios.ScenariosSheet.updateSheet(ScenariosSheet.java:48)
at tech.grasshopper.excel.report.workbook.ReportWorkbook.updateSheets(ReportWorkbook.java:74)
at tech.grasshopper.excel.report.workbook.ExecutionDataReport.updateSheets(ExecutionDataReport.java:20)
at tech.grasshopper.excel.report.workbook.ReportWorkbook.createReport(ReportWorkbook.java:46)
at tech.grasshopper.reporter.ExtentExcelCucumberReporter.flush(ExtentExcelCucumberReporter.java:70)
at tech.grasshopper.reporter.ExtentExcelCucumberReporter.access$100(ExtentExcelCucumberReporter.java:18)
at tech.grasshopper.reporter.ExtentExcelCucumberReporter$1.onNext(ExtentExcelCucumberReporter.java:45)
at tech.grasshopper.reporter.ExtentExcelCucumberReporter$1.onNext(ExtentExcelCucumberReporter.java:37)
at io.reactivex.rxjava3.subjects.PublishSubject$PublishDisposable.onNext(PublishSubject.java:310)
at io.reactivex.rxjava3.subjects.PublishSubject.onNext(PublishSubject.java:226)
at com.aventstack.extentreports.ReactiveSubject.onFlush(ReactiveSubject.java:83)
at com.aventstack.extentreports.AbstractProcessor.onFlush(AbstractProcessor.java:96)
at com.aventstack.extentreports.ExtentReports.flush(ExtentReports.java:279)
at com.aventstack.extentreports.service.ExtentService.flush(ExtentService.java:47)
at com.aventstack.extentreports.cucumber.adapter.ExtentCucumberAdapter.finishReport(ExtentCucumberAdapter.java:301)
at com.aventstack.extentreports.cucumber.adapter.ExtentCucumberAdapter$8.receive(ExtentCucumberAdapter.java:137)
at com.aventstack.extentreports.cucumber.adapter.ExtentCucumberAdapter$8.receive(ExtentCucumberAdapter.java:134)
at io.cucumber.core.eventbus.AbstractEventPublisher.send(AbstractEventPublisher.java:51)
at io.cucumber.core.eventbus.AbstractEventBus.send(AbstractEventBus.java:12)
at io.cucumber.core.runtime.SynchronizedEventBus.send(SynchronizedEventBus.java:47)
at io.cucumber.core.runtime.CucumberExecutionContext.emitTestRunFinished(CucumberExecutionContext.java:118)
at io.cucumber.core.runtime.CucumberExecutionContext.finishTestRun(CucumberExecutionContext.java:105)
at io.cucumber.testng.TestNGCucumberRunner.finish(TestNGCucumberRunner.java:145)
at io.cucumber.testng.AbstractTestNGCucumberTests.tearDownClass(AbstractTestNGCucumberTests.java:57)
at java.base/jdk.internal.reflect.DirectMethodHandleAccessor.invoke(DirectMethodHandleAccessor.java:103)
at java.base/java.lang.reflect.Method.invoke(Method.java:580)
at org.testng.internal.invokers.MethodInvocationHelper.invokeMethod(MethodInvocationHelper.java:139)
at org.testng.internal.invokers.MethodInvocationHelper.invokeMethodConsideringTimeout(MethodInvocationHelper.java:69)
at org.testng.internal.invokers.ConfigInvoker.invokeConfigurationMethod(ConfigInvoker.java:361)
at org.testng.internal.invokers.ConfigInvoker.invokeConfigurations(ConfigInvoker.java:296)
at org.testng.internal.invokers.TestMethodWorker.invokeAfterClassMethods(TestMethodWorker.java:222)
at org.testng.internal.invokers.TestMethodWorker.run(TestMethodWorker.java:131)
at java.base/java.util.ArrayList.forEach(ArrayList.java:1597)
at org.testng.TestRunner.privateRun(TestRunner.java:829)
at org.testng.TestRunner.run(TestRunner.java:602)
at org.testng.SuiteRunner.runTest(SuiteRunner.java:437)
at org.testng.SuiteRunner.runSequentially(SuiteRunner.java:431)
at org.testng.SuiteRunner.privateRun(SuiteRunner.java:391)
at org.testng.SuiteRunner.run(SuiteRunner.java:330)
at org.testng.SuiteRunnerWorker.runSuite(SuiteRunnerWorker.java:52)
at org.testng.SuiteRunnerWorker.run(SuiteRunnerWorker.java:95)
at org.testng.TestNG.runSuitesSequentially(TestNG.java:1256)
at org.testng.TestNG.runSuitesLocally(TestNG.java:1176)
at org.testng.TestNG.runSuites(TestNG.java:1099)
at org.testng.TestNG.run(TestNG.java:1067)
at org.testng.remote.AbstractRemoteTestNG.run(AbstractRemoteTestNG.java:115)
at org.testng.remote.RemoteTestNG.initAndRun(RemoteTestNG.java:293)
at org.testng.remote.RemoteTestNG.main(RemoteTestNG.java:91)
]]>
    </error>
  </testcase> <!-- tearDownClass -->
  <system-out/>
</testsuite> <!-- LearningTreeRunner.Activity_CreationRunner -->
