<?xml version="1.0" encoding="UTF-8"?>
<!-- Generated by org.testng.reporters.JUnitReportReporter -->
<testsuite hostname="Sapphirus-SS141" failures="0" tests="1" name="ExamCenterRunners.Enrolled_ExamTaker_in_a_TimeSlotRunner" time="50.912" errors="0" timestamp="21 Mar 2025 09:36:08 GMT">
  <testcase classname="ExamCenterRunners.Enrolled_ExamTaker_in_a_TimeSlotRunner" name="runScenario" time="50.912"/>
</testsuite> <!-- ExamCenterRunners.Enrolled_ExamTaker_in_a_TimeSlotRunner -->
