<?xml version="1.0" encoding="UTF-8"?>
<!-- Generated by org.testng.reporters.JUnitReportReporter -->
<testsuite hostname="Sapphirus-SS141" failures="0" tests="1" name="AssessmentsRunner.PerformingExamRunner" time="69.482" errors="0" timestamp="2024-11-28T12:31:10 IST" skipped="0">
  <testcase classname="AssessmentsRunner.PerformingExamRunner" name="runScenario" time="69.482"/>
  <system-out/>
</testsuite> <!-- AssessmentsRunner.PerformingExamRunner -->
