<?xml version="1.0" encoding="UTF-8"?>
<!-- Generated by org.testng.reporters.JUnitReportReporter -->
<testsuite hostname="DESKTOP-18FB10Q" failures="0" tests="1" name="com.Focalpoint_EC.runner.Create_Time_Slot_Runner" time="25.236" errors="0" timestamp="2023-12-12T10:26:31 IST" skipped="0">
  <testcase classname="com.Focalpoint_EC.runner.Create_Time_Slot_Runner" name="runScenario" time="25.236"/>
</testsuite> <!-- com.Focalpoint_EC.runner.Create_Time_Slot_Runner -->
