<?xml version="1.0" encoding="UTF-8"?>
<!-- Generated by org.testng.reporters.JUnitReportReporter -->
<testsuite hostname="Sapphirus-SS141" failures="0" tests="1" name="AssessmentsRunner.Reportcard_TeacherRunner" time="53.542" errors="0" timestamp="2024-11-29T16:49:48 IST" skipped="0">
  <testcase classname="AssessmentsRunner.Reportcard_TeacherRunner" name="runScenario" time="53.542"/>
  <system-out/>
</testsuite> <!-- AssessmentsRunner.Reportcard_TeacherRunner -->
