<?xml version="1.0" encoding="UTF-8"?>
<!-- Generated by org.testng.reporters.JUnitReportReporter -->
<testsuite hostname="Sapphirus-SS141" failures="0" tests="2" name="AssessmentsRunner.ScoreSubmissionRunner" time="169.450" errors="0" timestamp="2024-12-12T23:48:15 IST" skipped="0">
  <testcase classname="AssessmentsRunner.ScoreSubmissionRunner" name="runScenario" time="120.476"/>
  <system-out/>
  <testcase classname="AssessmentsRunner.ScoreSubmissionRunner" name="runScenario" time="48.974"/>
  <system-out/>
</testsuite> <!-- AssessmentsRunner.ScoreSubmissionRunner -->
