<?xml version="1.0" encoding="UTF-8"?>
<!-- Generated by org.testng.reporters.JUnitReportReporter -->
<<<<<<< HEAD
<testsuite hostname="Sapphirus-SS141" failures="0" tests="1" name="Runners.Location_Runner" time="38.404" errors="0" timestamp="2024-09-23T18:50:27 IST" skipped="0">
  <testcase classname="Runners.Location_Runner" name="runScenario" time="38.404"/>
  <system-out/>
=======
<testsuite hostname="DESKTOP-AVL4E6C" failures="0" tests="1" name="Runners.Location_Runner" time="33.180" errors="0" timestamp="1 Mar 2024 11:41:15 GMT">
  <testcase classname="Runners.Location_Runner" name="runScenario" time="33.180"/>
>>>>>>> branch 'main' of https://focalpointk12.visualstudio.com/FPK12%202.0/_git/FPK12-AUTOMATION-TEST-2.0
</testsuite> <!-- Runners.Location_Runner -->
