<?xml version="1.0" encoding="UTF-8"?>
<!-- Generated by org.testng.reporters.JUnitReportReporter -->
<testsuite hostname="Sapphirus-SS141" failures="0" tests="1" name="LearningTreeRunner.Import_Activities_in_LTRunner" time="52.893" errors="0" timestamp="29 Jan 2025 06:23:32 GMT">
  <testcase classname="LearningTreeRunner.Import_Activities_in_LTRunner" name="runScenario" time="52.893"/>
</testsuite> <!-- LearningTreeRunner.Import_Activities_in_LTRunner -->
