<?xml version="1.0" encoding="UTF-8"?>
<!-- Generated by org.testng.reporters.JUnitReportReporter -->
<testsuite hostname="DESKTOP-AVL4E6C" failures="0" tests="3" name="Runners.BulkUploadRunner" time="140.812" errors="0" timestamp="25 Jan 2024 06:06:46 GMT">
  <testcase classname="Runners.BulkUploadRunner" name="runScenario" time="47.964"/>
  <testcase classname="Runners.BulkUploadRunner" name="runScenario" time="45.789"/>
  <testcase classname="Runners.BulkUploadRunner" name="runScenario" time="47.059"/>
</testsuite> <!-- Runners.BulkUploadRunner -->
