<?xml version="1.0" encoding="UTF-8"?>
<!-- Generated by org.testng.reporters.JUnitReportReporter -->
<testsuite hostname="DESKTOP-AVL4E6C" failures="0" tests="3" name="Runners.Examinations_Schedule_runner" time="123.875" errors="0" timestamp="1 Feb 2024 09:46:29 GMT">
  <testcase classname="Runners.Examinations_Schedule_runner" name="runScenario" time="31.183"/>
  <testcase classname="Runners.Examinations_Schedule_runner" name="runScenario" time="53.906"/>
  <testcase classname="Runners.Examinations_Schedule_runner" name="runScenario" time="38.786"/>
</testsuite> <!-- Runners.Examinations_Schedule_runner -->
