<?xml version="1.0" encoding="UTF-8"?>
<!-- Generated by org.testng.reporters.JUnitReportReporter -->
<testsuite hostname="Sapphirus-SS143" failures="0" tests="1" name="LearningTreeRunner.Import_Activities_in_LTRunner" time="50.314" errors="0" timestamp="2025-01-21T10:53:20 IST" skipped="0">
  <testcase classname="LearningTreeRunner.Import_Activities_in_LTRunner" name="runScenario" time="50.314"/>
  <system-out/>
</testsuite> <!-- LearningTreeRunner.Import_Activities_in_LTRunner -->
