<?xml version="1.0" encoding="UTF-8"?>
<!-- Generated by org.testng.reporters.JUnitReportReporter -->
<testsuite hostname="Sapphirus-SS179" failures="0" tests="2" name="PortfolioCenterRunner.SISprovisioningRunner" time="152.449" errors="0" timestamp="2024-12-23T11:04:49 IST" skipped="0">
  <testcase classname="PortfolioCenterRunner.SISprovisioningRunner" name="runScenario" time="99.175"/>
  <system-out/>
  <testcase classname="PortfolioCenterRunner.SISprovisioningRunner" name="runScenario" time="53.274"/>
  <system-out/>
</testsuite> <!-- PortfolioCenterRunner.SISprovisioningRunner -->
