<?xml version="1.0" encoding="UTF-8"?>
<!-- Generated by org.testng.reporters.JUnitReportReporter -->
<testsuite hostname="DESKTOP-AVL4E6C" failures="0" tests="1" name="Runners.Enrolled_ExamTaker_in_a_TimeSlotRunner" time="56.866" errors="0" timestamp="5 Mar 2024 07:49:27 GMT">
  <testcase classname="Runners.Enrolled_ExamTaker_in_a_TimeSlotRunner" name="runScenario" time="56.866"/>
</testsuite> <!-- Runners.Enrolled_ExamTaker_in_a_TimeSlotRunner -->
