<?xml version="1.0" encoding="UTF-8"?>
<!-- Generated by org.testng.reporters.JUnitReportReporter -->
<testsuite hostname="Sapphirus-SS141" failures="0" tests="1" name="ExamCenterRunners.Users_Creation_Runner" time="80.401" errors="0" timestamp="30 Dec 2024 06:51:12 GMT">
  <testcase classname="ExamCenterRunners.Users_Creation_Runner" name="runScenario" time="80.401"/>
</testsuite> <!-- ExamCenterRunners.Users_Creation_Runner -->
