<?xml version="1.0" encoding="UTF-8"?>
<!-- Generated by org.testng.reporters.JUnitReportReporter -->
<testsuite hostname="Sapphirus-SS143" failures="0" tests="1" name="ExamCenterRunners.Users_Creation_Runner" time="43.574" errors="0" timestamp="12 Dec 2024 19:30:55 GMT">
  <testcase classname="ExamCenterRunners.Users_Creation_Runner" name="runScenario" time="43.574"/>
</testsuite> <!-- ExamCenterRunners.Users_Creation_Runner -->
