<?xml version="1.0" encoding="UTF-8"?>
<!-- Generated by org.testng.reporters.JUnitReportReporter -->
<testsuite hostname="Sapphirus-SS141" failures="0" tests="1" name="PortfolioCenterRunner.AssignmentsSubmissionRunner" time="30.298" errors="0" timestamp="28 Feb 2025 13:26:15 GMT">
  <testcase classname="PortfolioCenterRunner.AssignmentsSubmissionRunner" name="runScenario" time="30.298"/>
</testsuite> <!-- PortfolioCenterRunner.AssignmentsSubmissionRunner -->
