<?xml version="1.0" encoding="UTF-8"?>
<!-- Generated by org.testng.reporters.JUnitReportReporter -->
<testsuite hostname="Sapphirus-SS141" failures="0" tests="2" name="AssessmentsRunner.SISprovisioningRunner" time="173.394" errors="0" timestamp="2 Jan 2025 09:02:57 GMT">
  <testcase classname="AssessmentsRunner.SISprovisioningRunner" name="runScenario" time="104.709"/>
  <testcase classname="AssessmentsRunner.SISprovisioningRunner" name="runScenario" time="68.685"/>
</testsuite> <!-- AssessmentsRunner.SISprovisioningRunner -->
