<?xml version="1.0" encoding="UTF-8"?>
<!-- Generated by org.testng.reporters.JUnitReportReporter -->
<testsuite hostname="Sapphirus-SS141" failures="0" tests="1" name="ExamCenterRunners.Users_Creation_Runner" time="99.512" errors="0" timestamp="13 Jan 2025 06:58:38 GMT">
  <testcase classname="ExamCenterRunners.Users_Creation_Runner" name="runScenario" time="99.512"/>
</testsuite> <!-- ExamCenterRunners.Users_Creation_Runner -->
