<?xml version="1.0" encoding="UTF-8"?>
<!-- Generated by org.testng.reporters.JUnitReportReporter -->
<testsuite hostname="DESKTOP-AVL4E6C" failures="0" tests="3" name="Runners.BulkUploadRunner" time="163.876" errors="0" timestamp="8 Feb 2024 07:45:29 GMT">
  <testcase classname="Runners.BulkUploadRunner" name="runScenario" time="54.050"/>
  <testcase classname="Runners.BulkUploadRunner" name="runScenario" time="53.067"/>
  <testcase classname="Runners.BulkUploadRunner" name="runScenario" time="56.759"/>
</testsuite> <!-- Runners.BulkUploadRunner -->
