<?xml version="1.0" encoding="UTF-8"?>
<!-- Generated by org.testng.reporters.JUnitReportReporter -->
<testsuite hostname="DESKTOP-AVL4E6C" failures="0" tests="3" name="Runners.Examinations_Schedule_runner" time="123.162" errors="0" timestamp="14 Feb 2024 07:12:14 GMT">
  <testcase classname="Runners.Examinations_Schedule_runner" name="runScenario" time="52.224"/>
  <testcase classname="Runners.Examinations_Schedule_runner" name="runScenario" time="41.549"/>
  <testcase classname="Runners.Examinations_Schedule_runner" name="runScenario" time="29.389"/>
</testsuite> <!-- Runners.Examinations_Schedule_runner -->
