<?xml version="1.0" encoding="UTF-8"?>
<!-- Generated by org.testng.reporters.JUnitReportReporter -->
<testsuite hostname="Sapphirus-SS141" failures="0" tests="2" name="AssessmentsRunner.ScoreSubmissionRunner" time="94.241" errors="0" timestamp="2024-12-13T17:16:06 IST" skipped="0">
  <testcase classname="AssessmentsRunner.ScoreSubmissionRunner" name="runScenario" time="43.492"/>
  <system-out/>
  <testcase classname="AssessmentsRunner.ScoreSubmissionRunner" name="runScenario" time="50.749"/>
  <system-out/>
</testsuite> <!-- AssessmentsRunner.ScoreSubmissionRunner -->
