<?xml version="1.0" encoding="UTF-8"?>
<!-- Generated by org.testng.reporters.JUnitReportReporter -->
<testsuite hostname="Sapphirus-SS141" failures="0" tests="3" name="ExamCenterRunners.Exam_Schedule_runner" time="123.022" errors="0" timestamp="20 Dec 2024 08:22:25 GMT">
  <testcase classname="ExamCenterRunners.Exam_Schedule_runner" name="runScenario" time="44.247"/>
  <testcase classname="ExamCenterRunners.Exam_Schedule_runner" name="runScenario" time="44.202"/>
  <testcase classname="ExamCenterRunners.Exam_Schedule_runner" name="runScenario" time="34.573"/>
</testsuite> <!-- ExamCenterRunners.Exam_Schedule_runner -->
