<?xml version="1.0" encoding="UTF-8"?>
<!-- Generated by org.testng.reporters.JUnitReportReporter -->
<testsuite hostname="Sapphirus-SS141" failures="0" tests="1" name="AssessmentsRunner.AnnouncementsRunner" time="282.256" errors="0" timestamp="20 Jan 2025 06:40:50 GMT">
  <testcase classname="AssessmentsRunner.AnnouncementsRunner" name="runScenario" time="282.256"/>
</testsuite> <!-- AssessmentsRunner.AnnouncementsRunner -->
