<?xml version="1.0" encoding="UTF-8"?>
<!-- Generated by org.testng.reporters.JUnitReportReporter -->
<testsuite hostname="Sapphirus-SS141" failures="0" tests="1" name="AssessmentsRunner.Teacher_ActivityprogressRunner" time="58.948" errors="0" timestamp="2024-12-12T23:48:15 IST" skipped="0">
  <testcase classname="AssessmentsRunner.Teacher_ActivityprogressRunner" name="runScenario" time="58.948"/>
  <system-out/>
</testsuite> <!-- AssessmentsRunner.Teacher_ActivityprogressRunner -->
