<?xml version="1.0" encoding="UTF-8"?>
<!-- Generated by org.testng.reporters.JUnitReportReporter -->
<testsuite hostname="DESKTOP-AVL4E6C" failures="0" tests="3" name="Runners.Users_Creation_Runner" time="148.989" errors="0" timestamp="12 Feb 2024 09:35:32 GMT">
  <testcase classname="Runners.Users_Creation_Runner" name="runScenario" time="46.331"/>
  <testcase classname="Runners.Users_Creation_Runner" name="runScenario" time="52.254"/>
  <testcase classname="Runners.Users_Creation_Runner" name="runScenario" time="50.404"/>
</testsuite> <!-- Runners.Users_Creation_Runner -->
