<?xml version="1.0" encoding="UTF-8"?>
<!-- Generated by org.testng.reporters.JUnitReportReporter -->
<testsuite hostname="DESKTOP-AVL4E6C" failures="0" tests="3" name="Runners.Examinations_Schedule_runner" time="135.211" errors="0" timestamp="6 Feb 2024 09:48:27 GMT">
  <testcase classname="Runners.Examinations_Schedule_runner" name="runScenario" time="56.712"/>
  <testcase classname="Runners.Examinations_Schedule_runner" name="runScenario" time="32.801"/>
  <testcase classname="Runners.Examinations_Schedule_runner" name="runScenario" time="45.698"/>
</testsuite> <!-- Runners.Examinations_Schedule_runner -->
