<?xml version="1.0" encoding="UTF-8"?>
<!-- Generated by org.testng.reporters.JUnitReportReporter -->
<testsuite hostname="Sapphirus-SS141" failures="0" tests="1" name="PortfolioCenterRunner.ScoreSubmissionRunner" time="52.238" errors="0" timestamp="7 Jan 2025 10:30:38 GMT">
  <testcase classname="PortfolioCenterRunner.ScoreSubmissionRunner" name="runScenario" time="52.238"/>
</testsuite> <!-- PortfolioCenterRunner.ScoreSubmissionRunner -->
