<?xml version="1.0" encoding="UTF-8"?>
<!-- Generated by org.testng.reporters.JUnitReportReporter -->
<testsuite hostname="Sapphirus-SS143" failures="0" tests="1" name="LearningTreeRunner.Student_Activities_SubmissionRunner" time="257.420" errors="0" timestamp="2025-01-21T10:53:20 IST" skipped="0">
  <testcase classname="LearningTreeRunner.Student_Activities_SubmissionRunner" name="runScenario" time="257.420"/>
  <system-out/>
</testsuite> <!-- LearningTreeRunner.Student_Activities_SubmissionRunner -->
