<?xml version="1.0" encoding="UTF-8"?>
<!-- Generated by org.testng.reporters.JUnitReportReporter -->
<testsuite hostname="Sapphirus-SS143" failures="0" tests="1" name="LearningTreeRunner.Import_Activities_in_LTRunner" time="49.798" errors="0" timestamp="2025-01-28T13:09:19 IST" skipped="0">
  <testcase classname="LearningTreeRunner.Import_Activities_in_LTRunner" name="runScenario" time="49.798"/>
  <system-out/>
</testsuite> <!-- LearningTreeRunner.Import_Activities_in_LTRunner -->
