<?xml version="1.0" encoding="UTF-8"?>
<!-- Generated by org.testng.reporters.JUnitReportReporter -->
<testsuite hostname="Sapphirus-SS179" failures="0" tests="1" name="PortfolioCenterRunner.ScoreSubmissionRunner" time="55.966" errors="0" timestamp="2024-12-26T16:38:17 IST" skipped="0">
  <testcase classname="PortfolioCenterRunner.ScoreSubmissionRunner" name="runScenario" time="55.966"/>
  <system-out/>
</testsuite> <!-- PortfolioCenterRunner.ScoreSubmissionRunner -->
