<?xml version="1.0" encoding="UTF-8"?>
<!-- Generated by org.testng.reporters.JUnitReportReporter -->
<testsuite hostname="DESKTOP-AVL4E6C" failures="0" tests="1" name="Runners.AssessmentSubmissionRunner" time="61.477" errors="0" timestamp="2024-01-11T11:09:21 IST" skipped="0">
  <testcase classname="Runners.AssessmentSubmissionRunner" name="runScenario" time="61.477"/>
</testsuite> <!-- Runners.AssessmentSubmissionRunner -->
