<?xml version="1.0" encoding="UTF-8"?>
<!-- Generated by org.testng.reporters.JUnitReportReporter -->
<testsuite hostname="Sapphirus-SS141" failures="0" tests="1" name="AssessmentsRunner.LaunchValidationRunner" time="49.475" errors="0" timestamp="2024-12-12T23:48:15 IST" skipped="0">
  <testcase classname="AssessmentsRunner.LaunchValidationRunner" name="runScenario" time="49.475"/>
  <system-out/>
</testsuite> <!-- AssessmentsRunner.LaunchValidationRunner -->
