<?xml version="1.0" encoding="UTF-8"?>
<!-- Generated by org.testng.reporters.JUnitReportReporter -->
<testsuite hostname="Sapphirus-SS143" failures="0" tests="1" name="Runners.EnrolleRunner" time="45.705" errors="0" timestamp="12 Oct 2024 15:20:55 GMT">
  <testcase classname="Runners.EnrolleRunner" name="runScenario" time="45.705"/>
</testsuite> <!-- Runners.EnrolleRunner -->
