<?xml version="1.0" encoding="UTF-8"?>
<!-- Generated by org.testng.reporters.JUnitReportReporter -->
<testsuite hostname="Sapphirus-SS141" failures="0" tests="1" name="AssessmentsRunner.Benchmark_TeacherRunner" time="45.587" errors="1" timestamp="2024-11-28T12:31:10 IST" skipped="0">
  <testcase classname="AssessmentsRunner.Benchmark_TeacherRunner" name="runScenario" time="45.587">
    <error message="element click intercepted: Element &lt;g _ngcontent-rjr-c456=&quot;&quot; clip-path=&quot;url(#clip0_67_32)&quot;&gt;...&lt;/g&gt; is not clickable at point (685, 225). Other element would receive the click: &lt;svg _ngcontent-rjr-c456=&quot;&quot; width=&quot;19&quot; height=&quot;18&quot; matTooltip=&quot;Grades&quot; viewBox=&quot;0 0 19 18&quot; fill=&quot;none&quot; xmlns=&quot;http://www.w3.org/2000/svg&quot; class=&quot;mat-tooltip-trigger ng-star-inserted&quot; aria-describedby=&quot;cdk-describedby-message-136&quot; cdk-describedby-host=&quot;0&quot;&gt;...&lt;/svg&gt;
  (Session info: chrome=131.0.6778.86)
Build info: version: &#039;4.18.1&#039;, revision: &#039;b1d3319b48&#039;
System info: os.name: &#039;Windows 11&#039;, os.arch: &#039;amd64&#039;, os.version: &#039;10.0&#039;, java.version: &#039;22.0.2&#039;
Driver info: org.openqa.selenium.chrome.ChromeDriver
Command: [f72f1afb0e6c080a1cb2248194bd4d8a, clickElement {id=f.9DF3AE9B68951F68721ECE602B89E165.d.B8D5B63E30C4F6C75D5C4A740C1A1503.e.121}]
Capabilities {acceptInsecureCerts: false, browserName: chrome, browserVersion: 131.0.6778.86, chrome: {chromedriverVersion: 131.0.6778.85 (3d81e41b6f3a..., userDataDir: C:\Users\GOPIPA~1\AppData\L...}, fedcm:accounts: true, goog:chromeOptions: {debuggerAddress: localhost:52368}, networkConnectionEnabled: false, pageLoadStrategy: normal, platformName: windows, proxy: Proxy(), se:cdp: ws://localhost:52368/devtoo..., se:cdpVersion: 131.0.6778.86, setWindowRect: true, strictFileInteractability: false, timeouts: {implicit: 0, pageLoad: 300000, script: 30000}, unhandledPromptBehavior: dismiss and notify, webauthn:extension:credBlob: true, webauthn:extension:largeBlob: true, webauthn:extension:minPinLength: true, webauthn:extension:prf: true, webauthn:virtualAuthenticators: true}
Element: [[ChromeDriver: chrome on windows (f72f1afb0e6c080a1cb2248194bd4d8a)] -&gt; xpath: //*[local-name()=&#039;svg&#039; and @matTooltip=&#039;Grades&#039;] /*[name()=&#039;g&#039;]]
Session ID: f72f1afb0e6c080a1cb2248194bd4d8a" type="org.openqa.selenium.ElementClickInterceptedException">
      <![CDATA[org.openqa.selenium.ElementClickInterceptedException: element click intercepted: Element <g _ngcontent-rjr-c456="" clip-path="url(#clip0_67_32)">...</g> is not clickable at point (685, 225). Other element would receive the click: <svg _ngcontent-rjr-c456="" width="19" height="18" matTooltip="Grades" viewBox="0 0 19 18" fill="none" xmlns="http://www.w3.org/2000/svg" class="mat-tooltip-trigger ng-star-inserted" aria-describedby="cdk-describedby-message-136" cdk-describedby-host="0">...</svg>
  (Session info: chrome=131.0.6778.86)
Build info: version: '4.18.1', revision: 'b1d3319b48'
System info: os.name: 'Windows 11', os.arch: 'amd64', os.version: '10.0', java.version: '22.0.2'
Driver info: org.openqa.selenium.chrome.ChromeDriver
Command: [f72f1afb0e6c080a1cb2248194bd4d8a, clickElement {id=f.9DF3AE9B68951F68721ECE602B89E165.d.B8D5B63E30C4F6C75D5C4A740C1A1503.e.121}]
Capabilities {acceptInsecureCerts: false, browserName: chrome, browserVersion: 131.0.6778.86, chrome: {chromedriverVersion: 131.0.6778.85 (3d81e41b6f3a..., userDataDir: C:\Users\GOPIPA~1\AppData\L...}, fedcm:accounts: true, goog:chromeOptions: {debuggerAddress: localhost:52368}, networkConnectionEnabled: false, pageLoadStrategy: normal, platformName: windows, proxy: Proxy(), se:cdp: ws://localhost:52368/devtoo..., se:cdpVersion: 131.0.6778.86, setWindowRect: true, strictFileInteractability: false, timeouts: {implicit: 0, pageLoad: 300000, script: 30000}, unhandledPromptBehavior: dismiss and notify, webauthn:extension:credBlob: true, webauthn:extension:largeBlob: true, webauthn:extension:minPinLength: true, webauthn:extension:prf: true, webauthn:virtualAuthenticators: true}
Element: [[ChromeDriver: chrome on windows (f72f1afb0e6c080a1cb2248194bd4d8a)] -> xpath: //*[local-name()='svg' and @matTooltip='Grades'] /*[name()='g']]
Session ID: f72f1afb0e6c080a1cb2248194bd4d8a
at java.base/jdk.internal.reflect.DirectConstructorHandleAccessor.newInstance(DirectConstructorHandleAccessor.java:62)
at java.base/java.lang.reflect.Constructor.newInstanceWithCaller(Constructor.java:502)
at java.base/java.lang.reflect.Constructor.newInstance(Constructor.java:486)
at org.openqa.selenium.remote.ErrorCodec.decode(ErrorCodec.java:167)
at org.openqa.selenium.remote.codec.w3c.W3CHttpResponseCodec.decode(W3CHttpResponseCodec.java:138)
at org.openqa.selenium.remote.codec.w3c.W3CHttpResponseCodec.decode(W3CHttpResponseCodec.java:50)
at org.openqa.selenium.remote.HttpCommandExecutor.execute(HttpCommandExecutor.java:190)
at org.openqa.selenium.remote.service.DriverCommandExecutor.invokeExecute(DriverCommandExecutor.java:216)
at org.openqa.selenium.remote.service.DriverCommandExecutor.execute(DriverCommandExecutor.java:174)
at org.openqa.selenium.remote.RemoteWebDriver.execute(RemoteWebDriver.java:519)
at org.openqa.selenium.remote.RemoteWebElement.execute(RemoteWebElement.java:223)
at org.openqa.selenium.remote.RemoteWebElement.click(RemoteWebElement.java:76)
at java.base/jdk.internal.reflect.DirectMethodHandleAccessor.invoke(DirectMethodHandleAccessor.java:103)
at java.base/java.lang.reflect.Method.invoke(Method.java:580)
at org.openqa.selenium.support.pagefactory.internal.LocatingElementHandler.invoke(LocatingElementHandler.java:51)
at jdk.proxy2/jdk.proxy2.$Proxy28.click(Unknown Source)
at com.Assessments.pages.Benchmark_TeacherPage.Grade(Benchmark_TeacherPage.java:116)
at AssessmentsStepdef.Benchmark_TeacherStepdefinitions.user_navigates_to_grade_tab(Benchmark_TeacherStepdefinitions.java:76)
at âœ½.User navigates to Grade tab(file:///C:/Users/GopiPagadala/OneDrive%20-%20FocalPointK12,%20Inc/FPK12%20Automation-2024/FPK12-AssessmentCenter/src/test/resources/AssessmentsFeatures/Benchmark_Teacher.feature:15)
]]>
    </error>
  </testcase> <!-- runScenario -->
  <system-out/>
</testsuite> <!-- AssessmentsRunner.Benchmark_TeacherRunner -->
