<?xml version="1.0" encoding="UTF-8"?>
<!-- Generated by org.testng.reporters.JUnitReportReporter -->
<testsuite hostname="Sapphirus-SS144-1" failures="0" tests="1" name="AssessmentsRunner.Benchmark_ScoringRunner" time="117.358" errors="0" timestamp="2024-11-11T16:40:18 IST" skipped="0">
  <testcase classname="AssessmentsRunner.Benchmark_ScoringRunner" name="runScenario" time="117.358"/>
  <system-out/>
</testsuite> <!-- AssessmentsRunner.Benchmark_ScoringRunner -->
