<?xml version="1.0" encoding="UTF-8"?>
<!-- Generated by org.testng.reporters.JUnitReportReporter -->
<testsuite hostname="Sapphirus-SS141" failures="0" tests="3" name="Runners.Users_Creation_Runner" time="206.504" errors="0" timestamp="10 Oct 2024 06:02:21 GMT">
  <testcase classname="Runners.Users_Creation_Runner" name="runScenario" time="58.368"/>
  <testcase classname="Runners.Users_Creation_Runner" name="runScenario" time="68.723"/>
  <testcase classname="Runners.Users_Creation_Runner" name="runScenario" time="79.413"/>
</testsuite> <!-- Runners.Users_Creation_Runner -->
