<?xml version="1.0" encoding="UTF-8"?>
<!-- Generated by org.testng.reporters.JUnitReportReporter -->
<testsuite hostname="DESKTOP-AVL4E6C" failures="0" tests="1" name="Runners.AssessmentSubmissionRunner" time="54.116" errors="0" timestamp="27 Feb 2024 13:21:47 GMT">
  <testcase classname="Runners.AssessmentSubmissionRunner" name="runScenario" time="54.116"/>
</testsuite> <!-- Runners.AssessmentSubmissionRunner -->
