<?xml version="1.0" encoding="UTF-8"?>
<!-- Generated by org.testng.reporters.JUnitReportReporter -->
<testsuite hostname="Sapphirus-SS145" failures="0" tests="1" name="ExamCenterRunners.Create_Time_Slot_and_Enroll_the_ExamTakerRunner" time="98.425" errors="1" timestamp="2024-12-16T09:58:25 IST" skipped="0">
  <testcase classname="ExamCenterRunners.Create_Time_Slot_and_Enroll_the_ExamTakerRunner" name="runScenario" time="98.425">
    <error message="Failed to select the current date after 3 attempts." type="java.lang.RuntimeException">
      <![CDATA[java.lang.RuntimeException: Failed to select the current date after 3 attempts.
at com.Examcenter.pages.CommonPages.selectCurrentDate(CommonPages.java:320)
at com.Examcenter.pages.TimeSlotCreation_and_enrollExamataker_Page.click_on_ChooseMonthandYear(TimeSlotCreation_and_enrollExamataker_Page.java:178)
at ExamCenterStepDefinitions.Create_TimeSlot_and_Enroll_the_Examtaker_Stepdefination.user_select_the_exam_date_from_calendar(Create_TimeSlot_and_Enroll_the_Examtaker_Stepdefination.java:96)
at âœ½.User select the Exam date from calendar(file:///C:/Users/RavaliManthena/OneDrive/Eclipse-EC/src/test/resources/ExamCenterFeatures/Create_TimeSlot_and_Enroll_the_ExamTaker.feature:16)
]]>
    </error>
  </testcase> <!-- runScenario -->
  <system-out/>
</testsuite> <!-- ExamCenterRunners.Create_Time_Slot_and_Enroll_the_ExamTakerRunner -->
