<?xml version="1.0" encoding="UTF-8"?>
<!-- Generated by org.testng.reporters.JUnitReportReporter -->
<testsuite hostname="Sapphirus-SS141" failures="0" tests="1" name="LearningTreeRunner.Activity_CreationRunner" time="384.455" errors="0" timestamp="3 Feb 2025 09:29:01 GMT">
  <testcase classname="LearningTreeRunner.Activity_CreationRunner" name="runScenario" time="384.455"/>
</testsuite> <!-- LearningTreeRunner.Activity_CreationRunner -->
