<?xml version="1.0" encoding="UTF-8"?>
<!-- Generated by org.testng.reporters.JUnitReportReporter -->
<testsuite hostname="DESKTOP-AVL4E6C" failures="0" tests="3" name="Runners.Users_Creation_Runner" time="161.036" errors="0" timestamp="6 Feb 2024 09:48:27 GMT">
  <testcase classname="Runners.Users_Creation_Runner" name="runScenario" time="54.596"/>
  <testcase classname="Runners.Users_Creation_Runner" name="runScenario" time="56.674"/>
  <testcase classname="Runners.Users_Creation_Runner" name="runScenario" time="49.766"/>
</testsuite> <!-- Runners.Users_Creation_Runner -->
