<?xml version="1.0" encoding="UTF-8"?>
<!-- Generated by org.testng.reporters.JUnitReportReporter -->
<testsuite hostname="DESKTOP-AVL4E6C" failures="0" tests="3" name="Runners.BulkUploadRunner" time="175.535" errors="0" timestamp="1 Mar 2024 11:41:15 GMT">
  <testcase classname="Runners.BulkUploadRunner" name="runScenario" time="58.906"/>
  <testcase classname="Runners.BulkUploadRunner" name="runScenario" time="56.938"/>
  <testcase classname="Runners.BulkUploadRunner" name="runScenario" time="59.691"/>
</testsuite> <!-- Runners.BulkUploadRunner -->
