<?xml version="1.0" encoding="UTF-8"?>
<!-- Generated by org.testng.reporters.JUnitReportReporter -->
<testsuite hostname="DESKTOP-AVL4E6C" failures="0" tests="3" name="Runners.Examinations_Schedule_runner" time="121.840" errors="0" timestamp="1 Mar 2024 11:41:15 GMT">
  <testcase classname="Runners.Examinations_Schedule_runner" name="runScenario" time="28.116"/>
  <testcase classname="Runners.Examinations_Schedule_runner" name="runScenario" time="42.261"/>
  <testcase classname="Runners.Examinations_Schedule_runner" name="runScenario" time="51.463"/>
</testsuite> <!-- Runners.Examinations_Schedule_runner -->
