<?xml version="1.0" encoding="UTF-8"?>
<!-- Generated by org.testng.reporters.JUnitReportReporter -->
<testsuite hostname="Sapphirus-SS141" failures="0" tests="1" name="ExamCenterRunners.AssessmentSubmissionRunner" time="69.109" errors="0" timestamp="27 Jan 2025 10:21:29 GMT">
  <testcase classname="ExamCenterRunners.AssessmentSubmissionRunner" name="runScenario" time="69.109"/>
</testsuite> <!-- ExamCenterRunners.AssessmentSubmissionRunner -->
