<?xml version="1.0" encoding="UTF-8"?>
<!-- Generated by org.testng.reporters.JUnitReportReporter -->
<testsuite hostname="Sapphirus-SS141" failures="0" tests="1" name="PortfolioCenterRunner.PortfolioCenterCourseRunner" time="97.242" errors="0" timestamp="15 Jan 2025 05:32:54 GMT">
  <testcase classname="PortfolioCenterRunner.PortfolioCenterCourseRunner" name="runScenario" time="97.242"/>
</testsuite> <!-- PortfolioCenterRunner.PortfolioCenterCourseRunner -->
