<?xml version="1.0" encoding="UTF-8"?>
<!-- Generated by org.testng.reporters.JUnitReportReporter -->
<testsuite hostname="Sapphirus-SS141" failures="0" tests="1" name="LearningTreeRunner.Student_Activities_SubmissionRunner" time="262.969" errors="0" timestamp="29 Jan 2025 06:23:32 GMT">
  <testcase classname="LearningTreeRunner.Student_Activities_SubmissionRunner" name="runScenario" time="262.969"/>
</testsuite> <!-- LearningTreeRunner.Student_Activities_SubmissionRunner -->
