<?xml version="1.0" encoding="UTF-8"?>
<!-- Generated by org.testng.reporters.JUnitReportReporter -->
<testsuite hostname="DESKTOP-AVL4E6C" failures="0" tests="3"
	name="Runners.BulkUploadRunner" time="152.704" errors="0"
	timestamp="29 Jan 2024 12:31:55 GMT">
	<testcase classname="Runners.BulkUploadRunner" name="runScenario"
		time="51.038" />
	<testcase classname="Runners.BulkUploadRunner" name="runScenario"
		time="49.562" />
	<testcase classname="Runners.BulkUploadRunner" name="runScenario"
		time="52.104" />
</testsuite> <!-- Runners.BulkUploadRunner -->
