<?xml version="1.0" encoding="UTF-8"?>
<!-- Generated by org.testng.reporters.JUnitReportReporter -->
<testsuite hostname="Sapphirus-SS141" failures="0" tests="1" name="Runners.EnrolleRunner" time="50.881" errors="0" timestamp="10 Oct 2024 11:00:54 GMT">
  <testcase classname="Runners.EnrolleRunner" name="runScenario" time="50.881"/>
</testsuite> <!-- Runners.EnrolleRunner -->
