<?xml version="1.0" encoding="UTF-8"?>
<!-- Generated by org.testng.reporters.JUnitReportReporter -->
<testsuite hostname="DESKTOP-AVL4E6C" failures="0" tests="1" name="Runners.Location_Runner" time="34.895" errors="0" timestamp="15 Feb 2024 11:07:27 GMT">
  <testcase classname="Runners.Location_Runner" name="runScenario" time="34.895"/>
</testsuite> <!-- Runners.Location_Runner -->
