<?xml version="1.0" encoding="UTF-8"?>
<!-- Generated by org.testng.reporters.JUnitReportReporter -->
<testsuite hostname="Sapphirus-SS141" failures="0" tests="1" name="LearningTreeRunner.Activity_CreationRunner" time="474.380" errors="0" timestamp="30 Apr 2025 15:17:26 GMT">
  <testcase classname="LearningTreeRunner.Activity_CreationRunner" name="runScenario" time="474.380"/>
</testsuite> <!-- LearningTreeRunner.Activity_CreationRunner -->
