<?xml version="1.0" encoding="UTF-8"?>
<!-- Generated by org.testng.reporters.JUnitReportReporter -->
<<<<<<< HEAD
<testsuite hostname="Sapphirus-SS143" failures="0" tests="3" name="Runners.Users_Creation_Runner" time="169.890" errors="0" timestamp="12 Oct 2024 15:20:55 GMT">
  <testcase classname="Runners.Users_Creation_Runner" name="runScenario" time="58.987"/>
  <testcase classname="Runners.Users_Creation_Runner" name="runScenario" time="56.574"/>
  <testcase classname="Runners.Users_Creation_Runner" name="runScenario" time="54.329"/>
=======
<testsuite hostname="Sapphirus-SS141" failures="0" tests="3" name="Runners.Users_Creation_Runner" time="184.549" errors="0" timestamp="10 Oct 2024 11:00:54 GMT">
  <testcase classname="Runners.Users_Creation_Runner" name="runScenario" time="55.808"/>
  <testcase classname="Runners.Users_Creation_Runner" name="runScenario" time="64.108"/>
  <testcase classname="Runners.Users_Creation_Runner" name="runScenario" time="64.633"/>
>>>>>>> branch 'ExamCenter-Branch' of https://focalpointk12.visualstudio.com/FPK12%202.0/_git/FPK12-AUTOMATION-TEST-2.0
</testsuite> <!-- Runners.Users_Creation_Runner -->
