<?xml version="1.0" encoding="UTF-8"?>
<!-- Generated by org.testng.reporters.JUnitReportReporter -->
<testsuite hostname="DESKTOP-AVL4E6C" failures="0" tests="2"
	name="Runners.Create_Time_Slot_and_Enroll_the_ExamTakerRunner" time="71.053"
	errors="0" timestamp="29 Jan 2024 12:31:55 GMT">
	<testcase
		classname="Runners.Create_Time_Slot_and_Enroll_the_ExamTakerRunner"
		name="runScenario" time="32.572" />
	<testcase
		classname="Runners.Create_Time_Slot_and_Enroll_the_ExamTakerRunner"
		name="runScenario" time="38.481" />
</testsuite> <!--
Runners.Create_Time_Slot_and_Enroll_the_ExamTakerRunner -->
