<?xml version="1.0" encoding="UTF-8"?>
<!-- Generated by org.testng.reporters.JUnitReportReporter -->
<testsuite hostname="Sapphirus-SS141" failures="0" tests="3" name="ExamCenterRunners.Exam_Schedule_runner" time="123.854" errors="0" timestamp="19 Dec 2024 08:04:58 GMT">
  <testcase classname="ExamCenterRunners.Exam_Schedule_runner" name="runScenario" time="43.628"/>
  <testcase classname="ExamCenterRunners.Exam_Schedule_runner" name="runScenario" time="45.109"/>
  <testcase classname="ExamCenterRunners.Exam_Schedule_runner" name="runScenario" time="35.117"/>
</testsuite> <!-- ExamCenterRunners.Exam_Schedule_runner -->
