<?xml version="1.0" encoding="UTF-8"?>
<!-- Generated by org.testng.reporters.JUnitReportReporter -->
<testsuite hostname="DESKTOP-AVL4E6C" failures="0" tests="1" name="Runners.AssessmentSubmissionRunner" time="57.982" errors="0" timestamp="2024-01-08T12:34:26 IST" skipped="0">
  <testcase classname="Runners.AssessmentSubmissionRunner" name="runScenario" time="57.982"/>
</testsuite> <!-- Runners.AssessmentSubmissionRunner -->
