<?xml version="1.0" encoding="UTF-8"?>
<!-- Generated by org.testng.reporters.JUnitReportReporter -->
<testsuite hostname="DESKTOP-AVL4E6C" failures="0" tests="1" name="Runners.MyProfileRunner" time="39.057" errors="0" timestamp="2023-12-26T15:44:41 IST" skipped="0">
  <testcase classname="Runners.MyProfileRunner" name="runScenario" time="39.057"/>
</testsuite> <!-- Runners.MyProfileRunner -->
