<?xml version="1.0" encoding="UTF-8"?>
<!-- Generated by org.testng.reporters.JUnitReportReporter -->
<testsuite hostname="DESKTOP-AVL4E6C" failures="0" tests="1" name="Runners.Location_Runner" time="33.180" errors="0" timestamp="1 Mar 2024 11:41:15 GMT">
  <testcase classname="Runners.Location_Runner" name="runScenario" time="33.180"/>
</testsuite> <!-- Runners.Location_Runner -->
