<?xml version="1.0" encoding="UTF-8"?>
<!-- Generated by org.testng.reporters.JUnitReportReporter -->
<testsuite hostname="Sapphirus-SS141" failures="0" tests="1" name="AssessmentsRunner.QuizSubmissionRunner" time="154.846" errors="0" timestamp="27 Jan 2025 09:48:30 GMT">
  <testcase classname="AssessmentsRunner.QuizSubmissionRunner" name="runScenario" time="154.846"/>
</testsuite> <!-- AssessmentsRunner.QuizSubmissionRunner -->
