<?xml version="1.0" encoding="UTF-8"?>
<!-- Generated by org.testng.reporters.JUnitReportReporter -->
<testsuite hostname="Sapphirus-SS141" failures="0" tests="3" name="ExamCenterRunners.Users_Creation_Runner" time="194.976" errors="0" timestamp="29 Nov 2024 09:12:05 GMT">
  <testcase classname="ExamCenterRunners.Users_Creation_Runner" name="runScenario" time="66.339"/>
  <testcase classname="ExamCenterRunners.Users_Creation_Runner" name="runScenario" time="63.893"/>
  <testcase classname="ExamCenterRunners.Users_Creation_Runner" name="runScenario" time="64.744"/>
</testsuite> <!-- ExamCenterRunners.Users_Creation_Runner -->
