<?xml version="1.0" encoding="UTF-8"?>
<!-- Generated by org.testng.reporters.JUnitReportReporter -->
<testsuite hostname="Sapphirus-SS141" failures="0" tests="1" name="AssessmentsRunner.QuizSubmissionRunner" time="177.883" errors="0" timestamp="17 Jan 2025 09:51:41 GMT">
  <testcase classname="AssessmentsRunner.QuizSubmissionRunner" name="runScenario" time="177.883"/>
</testsuite> <!-- AssessmentsRunner.QuizSubmissionRunner -->
