<?xml version="1.0" encoding="UTF-8"?>
<!-- Generated by org.testng.reporters.JUnitReportReporter -->
<testsuite hostname="Sapphirus-SS141" failures="0" tests="1" name="LearningTreeRunner.Student_Activities_SubmissionRunner" time="303.697" errors="0" timestamp="30 Apr 2025 15:17:26 GMT">
  <testcase classname="LearningTreeRunner.Student_Activities_SubmissionRunner" name="runScenario" time="303.697"/>
</testsuite> <!-- LearningTreeRunner.Student_Activities_SubmissionRunner -->
