<?xml version="1.0" encoding="UTF-8"?>
<!-- Generated by org.testng.reporters.JUnitReportReporter -->
<testsuite hostname="Sapphirus-SS141" failures="0" tests="1" name="PortfolioCenterRunner.MultiScoringPortfolioCourseRuner" time="70.984" errors="0" timestamp="9 Jan 2025 09:21:25 GMT">
  <testcase classname="PortfolioCenterRunner.MultiScoringPortfolioCourseRuner" name="runScenario" time="70.984"/>
</testsuite> <!-- PortfolioCenterRunner.MultiScoringPortfolioCourseRuner -->
