<?xml version="1.0" encoding="UTF-8"?>
<!-- Generated by org.testng.reporters.JUnitReportReporter -->
<testsuite hostname="Sapphirus-SS141" failures="0" tests="2" name="AssessmentsRunner.BenchmarksRunner" time="102.105" errors="0" timestamp="30 Dec 2024 07:48:45 GMT">
  <testcase classname="AssessmentsRunner.BenchmarksRunner" name="runScenario" time="51.109"/>
  <testcase classname="AssessmentsRunner.BenchmarksRunner" name="runScenario" time="50.996"/>
</testsuite> <!-- AssessmentsRunner.BenchmarksRunner -->
