<?xml version="1.0" encoding="UTF-8"?>
<!-- Generated by org.testng.reporters.JUnitReportReporter -->
<testsuite hostname="Sapphirus-SS144-1" failures="0" tests="1" name="AssessmentsRunner.Benchmark_TeacherRunner" time="78.225" errors="0" timestamp="2024-11-01T16:06:07 IST" skipped="0">
  <testcase classname="AssessmentsRunner.Benchmark_TeacherRunner" name="runScenario" time="78.225"/>
  <system-out/>
</testsuite> <!-- AssessmentsRunner.Benchmark_TeacherRunner -->
