<?xml version="1.0" encoding="UTF-8"?>
<!-- Generated by org.testng.reporters.JUnitReportReporter -->
<testsuite hostname="Sapphirus-SS180" failures="0" tests="1" name="AssessmentsRunner.AnnouncementsRunner" time="102.279" errors="0" timestamp="2024-11-19T16:15:17 IST" skipped="0">
  <testcase classname="AssessmentsRunner.AnnouncementsRunner" name="runScenario" time="102.279"/>
  <system-out/>
</testsuite> <!-- AssessmentsRunner.AnnouncementsRunner -->
