<?xml version="1.0" encoding="UTF-8"?>
<!-- Generated by org.testng.reporters.JUnitReportReporter -->
<testsuite hostname="Sapphirus-SS141" failures="0" tests="1" name="PortfolioCenterRunner.DeletePortfolioCourseRunner" time="62.610" errors="0" timestamp="7 Jan 2025 12:21:50 GMT">
  <testcase classname="PortfolioCenterRunner.DeletePortfolioCourseRunner" name="runScenario" time="62.610"/>
</testsuite> <!-- PortfolioCenterRunner.DeletePortfolioCourseRunner -->
