<?xml version="1.0" encoding="UTF-8"?>
<!-- Generated by org.testng.reporters.JUnitReportReporter -->
<testsuite hostname="DESKTOP-AVL4E6C" failures="0" tests="1" name="Runners.Location_Runner" time="32.288" errors="0" timestamp="12 Feb 2024 09:35:32 GMT">
  <testcase classname="Runners.Location_Runner" name="runScenario" time="32.288"/>
</testsuite> <!-- Runners.Location_Runner -->
