<?xml version="1.0" encoding="UTF-8"?>
<!-- Generated by org.testng.reporters.JUnitReportReporter -->
<testsuite hostname="Sapphirus-SS141" failures="0" tests="1" name="ExamCenterRunners.Users_Creation_Runner" time="87.484" errors="0" timestamp="20 Dec 2024 09:55:57 GMT">
  <testcase classname="ExamCenterRunners.Users_Creation_Runner" name="runScenario" time="87.484"/>
</testsuite> <!-- ExamCenterRunners.Users_Creation_Runner -->
