<?xml version="1.0" encoding="UTF-8"?>
<!-- Generated by org.testng.reporters.JUnitReportReporter -->
<testsuite hostname="Sapphirus-SS141" failures="0" tests="1" name="PortfolioCenterRunner.PortfolioCenterCourseRunner" time="74.960" errors="0" timestamp="24 Jan 2025 10:02:31 GMT">
  <testcase classname="PortfolioCenterRunner.PortfolioCenterCourseRunner" name="runScenario" time="74.960"/>
</testsuite> <!-- PortfolioCenterRunner.PortfolioCenterCourseRunner -->
