<?xml version="1.0" encoding="UTF-8"?>
<!-- Generated by org.testng.reporters.JUnitReportReporter -->
<testsuite hostname="Sapphirus-SS141" failures="0" tests="1" name="AssessmentsRunner.LaunchValidationRunner" time="54.658" errors="0" timestamp="26 Dec 2024 11:46:00 GMT">
  <testcase classname="AssessmentsRunner.LaunchValidationRunner" name="runScenario" time="54.658"/>
</testsuite> <!-- AssessmentsRunner.LaunchValidationRunner -->
