<?xml version="1.0" encoding="UTF-8"?>
<!-- Generated by org.testng.reporters.JUnitReportReporter -->
<testsuite hostname="DESKTOP-AVL4E6C" failures="0" tests="3" name="Runners.Examinations_Schedule_runner" time="132.797" errors="0" timestamp="31 Jan 2024 05:54:30 GMT">
  <testcase classname="Runners.Examinations_Schedule_runner" name="runScenario" time="41.486"/>
  <testcase classname="Runners.Examinations_Schedule_runner" name="runScenario" time="33.449"/>
  <testcase classname="Runners.Examinations_Schedule_runner" name="runScenario" time="57.862"/>
</testsuite> <!-- Runners.Examinations_Schedule_runner -->
