<?xml version="1.0" encoding="UTF-8"?>
<!-- Generated by org.testng.reporters.JUnitReportReporter -->
<testsuite hostname="DESKTOP-AVL4E6C" failures="0" tests="3" name="Runners.BulkUploadRunner" time="168.773" errors="0" timestamp="27 Feb 2024 13:21:47 GMT">
  <testcase classname="Runners.BulkUploadRunner" name="runScenario" time="57.511"/>
  <testcase classname="Runners.BulkUploadRunner" name="runScenario" time="55.796"/>
  <testcase classname="Runners.BulkUploadRunner" name="runScenario" time="55.466"/>
</testsuite> <!-- Runners.BulkUploadRunner -->
