<?xml version="1.0" encoding="UTF-8"?>
<!-- Generated by org.testng.reporters.JUnitReportReporter -->
<testsuite hostname="Sapphirus-SS141" failures="0" tests="1" name="ExamCenterRunners.Users_Creation_Runner" time="78.280" errors="0" timestamp="8 Jan 2025 09:39:58 GMT">
  <testcase classname="ExamCenterRunners.Users_Creation_Runner" name="runScenario" time="78.280"/>
</testsuite> <!-- ExamCenterRunners.Users_Creation_Runner -->
