<?xml version="1.0" encoding="UTF-8"?>
<!-- Generated by org.testng.reporters.JUnitReportReporter -->
<testsuite hostname="DESKTOP-AVL4E6C" failures="0" tests="3" name="Runners.Users_Creation_Runner" time="155.810" errors="0" timestamp="14 Feb 2024 07:12:14 GMT">
  <testcase classname="Runners.Users_Creation_Runner" name="runScenario" time="48.700"/>
  <testcase classname="Runners.Users_Creation_Runner" name="runScenario" time="54.036"/>
  <testcase classname="Runners.Users_Creation_Runner" name="runScenario" time="53.074"/>
</testsuite> <!-- Runners.Users_Creation_Runner -->
