<?xml version="1.0" encoding="UTF-8"?>
<!-- Generated by org.testng.reporters.JUnitReportReporter -->
<testsuite hostname="DESKTOP-18FB10Q" failures="0" tests="1" name="com.Focalpoint_EC.runner.Login_pageRunner" time="13.820" errors="0" timestamp="2023-12-11T18:35:19 IST" skipped="0">
  <testcase classname="com.Focalpoint_EC.runner.Login_pageRunner" name="runScenario" time="13.820"/>
</testsuite> <!-- com.Focalpoint_EC.runner.Login_pageRunner -->
