<?xml version="1.0" encoding="UTF-8"?>
<!-- Generated by org.testng.reporters.JUnitReportReporter -->
<testsuite hostname="Sapphirus-SS141" failures="0" tests="1" name="AssessmentsRunner.Reportcard_TeacherRunner" time="50.076" errors="0" timestamp="2024-12-23T11:13:18 IST" skipped="0">
  <testcase classname="AssessmentsRunner.Reportcard_TeacherRunner" name="runScenario" time="50.076"/>
  <system-out/>
</testsuite> <!-- AssessmentsRunner.Reportcard_TeacherRunner -->
