<?xml version="1.0" encoding="UTF-8"?>
<!-- Generated by org.testng.reporters.JUnitReportReporter -->
<testsuite hostname="DESKTOP-AVL4E6C" failures="0" tests="3" name="Runners.Users_Creation_Runner" time="159.083" errors="0" timestamp="15 Feb 2024 11:07:27 GMT">
  <testcase classname="Runners.Users_Creation_Runner" name="runScenario" time="51.110"/>
  <testcase classname="Runners.Users_Creation_Runner" name="runScenario" time="56.182"/>
  <testcase classname="Runners.Users_Creation_Runner" name="runScenario" time="51.791"/>
</testsuite> <!-- Runners.Users_Creation_Runner -->
