<?xml version="1.0" encoding="UTF-8"?>
<!-- Generated by org.testng.reporters.JUnitReportReporter -->
<testsuite hostname="Sapphirus-SS141" failures="0" tests="3" name="Runners.Users_Creation_Runner" time="194.276" errors="0" timestamp="9 Oct 2024 10:20:36 GMT">
  <testcase classname="Runners.Users_Creation_Runner" name="runScenario" time="68.199"/>
  <testcase classname="Runners.Users_Creation_Runner" name="runScenario" time="58.043"/>
  <testcase classname="Runners.Users_Creation_Runner" name="runScenario" time="68.034"/>
</testsuite> <!-- Runners.Users_Creation_Runner -->
