<?xml version="1.0" encoding="UTF-8"?>
<!-- Generated by org.testng.reporters.JUnitReportReporter -->
<testsuite hostname="Sapphirus-SS141" failures="0" tests="3" name="AssessmentsRunner.LoginPageRunner" time="17.537" errors="3" timestamp="5 Feb 2025 05:13:40 GMT">
  <testcase classname="AssessmentsRunner.LoginPageRunner" name="runScenario" time="3.267">
    <error message="Cannot invoke &quot;String.toUpperCase()&quot; because &quot;env&quot; is null" type="java.lang.NullPointerException">
      <![CDATA[java.lang.NullPointerException: Cannot invoke "String.toUpperCase()" because "env" is null
	at com.Utils.ReadProperties.loadConfig(ReadProperties.java:27)
	at com.Utils.Base.initProperties(Base.java:82)
	at Hooks.AppHooks.getProperty(AppHooks.java:40)
]]>
    </error>
  </testcase> <!-- runScenario -->
  <testcase classname="AssessmentsRunner.LoginPageRunner" name="runScenario" time="7.030">
    <error message="Cannot invoke &quot;String.replace(java.lang.CharSequence, java.lang.CharSequence)&quot; because &quot;com.Utils.ActionType.env&quot; is null" type="java.lang.NullPointerException">
      <![CDATA[java.lang.NullPointerException: Cannot invoke "String.replace(java.lang.CharSequence, java.lang.CharSequence)" because "com.Utils.ActionType.env" is null
	at com.Utils.ActionType.getSheetEnv(ActionType.java:43)
	at AssessmentsStepdef.LoginStepdefinintions.user_enters_the_credentials_from_the_excel_sheet_at(LoginStepdefinintions.java:36)
	at ✽.User enters the credentials from the excel sheet at 3(file:///D:/Focalpoint%20Automation/FPK12AutomationProject/src/test/resources/AssessmentsFeatures/Login.feature:7)
]]>
    </error>
  </testcase> <!-- runScenario -->
  <testcase classname="AssessmentsRunner.LoginPageRunner" name="runScenario" time="7.240">
    <error message="Cannot invoke &quot;String.replace(java.lang.CharSequence, java.lang.CharSequence)&quot; because &quot;com.Utils.ActionType.env&quot; is null" type="java.lang.NullPointerException">
      <![CDATA[java.lang.NullPointerException: Cannot invoke "String.replace(java.lang.CharSequence, java.lang.CharSequence)" because "com.Utils.ActionType.env" is null
	at com.Utils.ActionType.getSheetEnv(ActionType.java:43)
	at AssessmentsStepdef.LoginStepdefinintions.user_enters_the_credentials_from_the_excel_sheet_at(LoginStepdefinintions.java:36)
	at ✽.User enters the credentials from the excel sheet at 2(file:///D:/Focalpoint%20Automation/FPK12AutomationProject/src/test/resources/AssessmentsFeatures/Login.feature:7)
]]>
    </error>
  </testcase> <!-- runScenario -->
</testsuite> <!-- AssessmentsRunner.LoginPageRunner -->
