<?xml version="1.0" encoding="UTF-8"?>
<!-- Generated by org.testng.reporters.JUnitReportReporter -->
<testsuite hostname="DESKTOP-AVL4E6C" failures="0" tests="3" name="Runners.BulkUploadRunner" time="160.627" errors="0" timestamp="14 Feb 2024 07:12:14 GMT">
  <testcase classname="Runners.BulkUploadRunner" name="runScenario" time="52.537"/>
  <testcase classname="Runners.BulkUploadRunner" name="runScenario" time="52.668"/>
  <testcase classname="Runners.BulkUploadRunner" name="runScenario" time="55.422"/>
</testsuite> <!-- Runners.BulkUploadRunner -->
