<?xml version="1.0" encoding="UTF-8"?>
<!-- Generated by org.testng.reporters.JUnitReportReporter -->
<testsuite hostname="DESKTOP-AVL4E6C" failures="0" tests="1" name="Runners.Location_Runner" time="32.626" errors="0" timestamp="22 Jan 2024 11:18:36 GMT">
  <testcase classname="Runners.Location_Runner" name="runScenario" time="32.626"/>
</testsuite> <!-- Runners.Location_Runner -->
