<?xml version="1.0" encoding="UTF-8"?>
<!-- Generated by org.testng.reporters.JUnitReportReporter -->
<testsuite hostname="DESKTOP-AVL4E6C" failures="0" tests="3" name="Runners.LoginPageRunner" time="66.749" errors="0" timestamp="2023-12-20T11:08:49 IST" skipped="0">
  <testcase classname="Runners.LoginPageRunner" name="runScenario" time="24.816"/>
  <testcase classname="Runners.LoginPageRunner" name="runScenario" time="19.800"/>
  <testcase classname="Runners.LoginPageRunner" name="runScenario" time="22.133"/>
</testsuite> <!-- Runners.LoginPageRunner -->
