<?xml version="1.0" encoding="UTF-8"?>
<!-- Generated by org.testng.reporters.JUnitReportReporter -->
<testsuite hostname="Sapphirus-SS141" failures="0" tests="2" name="LearningTreeRunner.DocumentsRunner" time="83.385" errors="0" timestamp="31 Jan 2025 10:06:53 GMT">
  <testcase classname="LearningTreeRunner.DocumentsRunner" name="runScenario" time="38.965"/>
  <testcase classname="LearningTreeRunner.DocumentsRunner" name="runScenario" time="44.420"/>
</testsuite> <!-- LearningTreeRunner.DocumentsRunner -->
