<?xml version="1.0" encoding="UTF-8"?>
<!-- Generated by org.testng.reporters.JUnitReportReporter -->
<testsuite hostname="Sapphirus-SS141" failures="0" tests="1" name="Runners.Location_Runner" time="38.404" errors="0" timestamp="2024-09-23T18:50:27 IST" skipped="0">
  <testcase classname="Runners.Location_Runner" name="runScenario" time="38.404"/>
  <system-out/>
</testsuite> <!-- Runners.Location_Runner -->
