<?xml version="1.0" encoding="UTF-8"?>
<!-- Generated by org.testng.reporters.JUnitReportReporter -->
<testsuite hostname="Sapphirus-SS144-1" failures="0" tests="1" name="AssessmentsRunner.Teacher_ActivityprogressRunner" time="63.207" errors="0" timestamp="2024-11-01T16:02:30 IST" skipped="0">
  <testcase classname="AssessmentsRunner.Teacher_ActivityprogressRunner" name="runScenario" time="63.207"/>
  <system-out/>
</testsuite> <!-- AssessmentsRunner.Teacher_ActivityprogressRunner -->
