<?xml version="1.0" encoding="UTF-8"?>
<!-- Generated by org.testng.reporters.JUnitReportReporter -->
<testsuite hostname="Sapphirus-SS141" failures="0" tests="1" name="ExamCenterRunners.EnrolleRunner" time="54.078" errors="0" timestamp="29 Nov 2024 09:12:05 GMT">
  <testcase classname="ExamCenterRunners.EnrolleRunner" name="runScenario" time="54.078"/>
</testsuite> <!-- ExamCenterRunners.EnrolleRunner -->
