<?xml version="1.0" encoding="UTF-8"?>
<!-- Generated by org.testng.reporters.JUnitReportReporter -->
<testsuite hostname="DESKTOP-AVL4E6C" failures="0" tests="1" name="Runners.AssessmentSubmissionRunner" time="114.617" errors="0" timestamp="2023-12-13T17:26:33 IST" skipped="0">
  <testcase classname="Runners.AssessmentSubmissionRunner" name="runScenario" time="114.617"/>
</testsuite> <!-- Runners.AssessmentSubmissionRunner -->
