<?xml version="1.0" encoding="UTF-8"?>
<!-- Generated by org.testng.reporters.JUnitReportReporter -->
<testsuite hostname="Sapphirus-SS141" failures="0" tests="1" name="AssessmentsRunner.QuizCreationRunner" time="437.772" errors="0" timestamp="17 Jan 2025 09:47:47 GMT">
  <testcase classname="AssessmentsRunner.QuizCreationRunner" name="runScenario" time="437.772"/>
</testsuite> <!-- AssessmentsRunner.QuizCreationRunner -->
