<?xml version="1.0" encoding="UTF-8"?>
<!-- Generated by org.testng.reporters.JUnitReportReporter -->
<<<<<<< HEAD
<testsuite hostname="Sapphirus-SS143" failures="0" tests="3" name="Runners.Examinations_Schedule_runner" time="144.610" errors="0" timestamp="12 Oct 2024 15:20:55 GMT">
  <testcase classname="Runners.Examinations_Schedule_runner" name="runScenario" time="64.087"/>
  <testcase classname="Runners.Examinations_Schedule_runner" name="runScenario" time="46.379"/>
  <testcase classname="Runners.Examinations_Schedule_runner" name="runScenario" time="34.144"/>
=======
<testsuite hostname="Sapphirus-SS141" failures="0" tests="3" name="Runners.Examinations_Schedule_runner" time="169.203" errors="0" timestamp="10 Oct 2024 11:00:54 GMT">
  <testcase classname="Runners.Examinations_Schedule_runner" name="runScenario" time="71.375"/>
  <testcase classname="Runners.Examinations_Schedule_runner" name="runScenario" time="39.752"/>
  <testcase classname="Runners.Examinations_Schedule_runner" name="runScenario" time="58.076"/>
>>>>>>> branch 'ExamCenter-Branch' of https://focalpointk12.visualstudio.com/FPK12%202.0/_git/FPK12-AUTOMATION-TEST-2.0
</testsuite> <!-- Runners.Examinations_Schedule_runner -->
