<?xml version="1.0" encoding="UTF-8"?>
<!-- Generated by org.testng.reporters.JUnitReportReporter -->
<testsuite hostname="DESKTOP-AVL4E6C" failures="0" tests="3"
	name="Runners.Examinations_Schedule_runner" time="121.589" errors="0"
	timestamp="29 Jan 2024 12:31:55 GMT">
	<testcase classname="Runners.Examinations_Schedule_runner"
		name="runScenario" time="39.361" />
	<testcase classname="Runners.Examinations_Schedule_runner"
		name="runScenario" time="52.961" />
	<testcase classname="Runners.Examinations_Schedule_runner"
		name="runScenario" time="29.267" />
</testsuite> <!--
Runners.Examinations_Schedule_runner -->
