<?xml version="1.0" encoding="UTF-8"?>
<!-- Generated by org.testng.reporters.JUnitReportReporter -->
<testsuite hostname="Sapphirus-SS141" failures="0" tests="3" name="Runners.BulkUploadRunner" time="190.507" errors="0" timestamp="9 Oct 2024 10:20:36 GMT">
  <testcase classname="Runners.BulkUploadRunner" name="runScenario" time="59.910"/>
  <testcase classname="Runners.BulkUploadRunner" name="runScenario" time="67.867"/>
  <testcase classname="Runners.BulkUploadRunner" name="runScenario" time="62.730"/>
</testsuite> <!-- Runners.BulkUploadRunner -->
