<?xml version="1.0" encoding="UTF-8"?>
<!-- Generated by org.testng.reporters.JUnitReportReporter -->
<testsuite hostname="DESKTOP-AVL4E6C" failures="0" tests="3" name="Runners.Examinations_Schedule_runner" time="114.760" errors="0" timestamp="12 Feb 2024 09:35:32 GMT">
  <testcase classname="Runners.Examinations_Schedule_runner" name="runScenario" time="27.018"/>
  <testcase classname="Runners.Examinations_Schedule_runner" name="runScenario" time="48.662"/>
  <testcase classname="Runners.Examinations_Schedule_runner" name="runScenario" time="39.080"/>
</testsuite> <!-- Runners.Examinations_Schedule_runner -->
