<?xml version="1.0" encoding="UTF-8"?>
<!-- Generated by org.testng.reporters.JUnitReportReporter -->
<testsuite hostname="Sapphirus-SS141" failures="0" tests="3" name="ExamCenterRunners.BulkUploadRunner" time="196.183" errors="0" timestamp="15 Oct 2024 04:52:19 GMT">
  <testcase classname="ExamCenterRunners.BulkUploadRunner" name="runScenario" time="58.796"/>
  <testcase classname="ExamCenterRunners.BulkUploadRunner" name="runScenario" time="59.630"/>
  <testcase classname="ExamCenterRunners.BulkUploadRunner" name="runScenario" time="77.757"/>
</testsuite> <!-- ExamCenterRunners.BulkUploadRunner -->
