<?xml version="1.0" encoding="UTF-8"?>
<!-- Generated by org.testng.reporters.JUnitReportReporter -->
<testsuite hostname="Sapphirus-SS141" failures="0" tests="2" name="PortfolioCenterRunner.SISprovisioningRunner" time="184.783" errors="0" timestamp="21 Jan 2025 13:21:32 GMT">
  <testcase classname="PortfolioCenterRunner.SISprovisioningRunner" name="runScenario" time="119.024"/>
  <testcase classname="PortfolioCenterRunner.SISprovisioningRunner" name="runScenario" time="65.759"/>
</testsuite> <!-- PortfolioCenterRunner.SISprovisioningRunner -->
