<?xml version="1.0" encoding="UTF-8"?>
<!-- Generated by org.testng.reporters.JUnitReportReporter -->
<testsuite hostname="Sapphirus-SS141" failures="0" tests="3" name="ExamCenterRunners.Exam_Schedule_runner" time="142.921" errors="0" timestamp="17 Jan 2025 07:31:34 GMT">
  <testcase classname="ExamCenterRunners.Exam_Schedule_runner" name="runScenario" time="50.252"/>
  <testcase classname="ExamCenterRunners.Exam_Schedule_runner" name="runScenario" time="49.122"/>
  <testcase classname="ExamCenterRunners.Exam_Schedule_runner" name="runScenario" time="43.547"/>
</testsuite> <!-- ExamCenterRunners.Exam_Schedule_runner -->
