<?xml version="1.0" encoding="UTF-8"?>
<!-- Generated by org.testng.reporters.JUnitReportReporter -->
<<<<<<< HEAD
<testsuite hostname="Sapphirus-SS141" failures="0" tests="1" name="ExamCenterRunners.Location_Runner" time="47.612" errors="0" timestamp="12 Dec 2024 17:08:22 GMT">
  <testcase classname="ExamCenterRunners.Location_Runner" name="runScenario" time="47.612"/>
</testsuite> <!-- ExamCenterRunners.Location_Runner -->
=======
<testsuite hostname="Sapphirus-SS145" failures="0" tests="1" name="ExamCenterRunners.Location_Runner" time="58.536" errors="0" timestamp="2024-12-13T15:03:17 IST" skipped="0">
  <testcase classname="ExamCenterRunners.Location_Runner" name="runScenario" time="58.536"/>
  <system-out/>
</testsuite> <!-- ExamCenterRunners.Location_Runner -->
>>>>>>> branch 'FPK12-ExamCenterBranch' of https://focalpointk12.visualstudio.com/FPK12%202.0/_git/FPK12-AUTOMATION-TEST-2.0
