<?xml version="1.0" encoding="UTF-8"?>
<!-- Generated by org.testng.reporters.JUnitReportReporter -->
<testsuite hostname="DESKTOP-AVL4E6C" failures="0" tests="3" name="Runners.BulkUploadRunner" time="156.831" errors="0" timestamp="12 Feb 2024 09:35:32 GMT">
  <testcase classname="Runners.BulkUploadRunner" name="runScenario" time="50.780"/>
  <testcase classname="Runners.BulkUploadRunner" name="runScenario" time="55.344"/>
  <testcase classname="Runners.BulkUploadRunner" name="runScenario" time="50.707"/>
</testsuite> <!-- Runners.BulkUploadRunner -->
