<?xml version="1.0" encoding="UTF-8"?>
<!-- Generated by org.testng.reporters.JUnitReportReporter -->
<testsuite hostname="Sapphirus-SS141" failures="0" tests="2" name="AssessmentsRunner.SISprovisioningRunner" time="128.706" errors="0" timestamp="2024-12-13T11:05:03 IST" skipped="0">
  <testcase classname="AssessmentsRunner.SISprovisioningRunner" name="runScenario" time="82.469"/>
  <system-out/>
  <testcase classname="AssessmentsRunner.SISprovisioningRunner" name="runScenario" time="46.237"/>
  <system-out/>
</testsuite> <!-- AssessmentsRunner.SISprovisioningRunner -->
