<?xml version="1.0" encoding="UTF-8"?>
<!-- Generated by org.testng.reporters.JUnitReportReporter -->
<testsuite hostname="Sapphirus-SS180" failures="0" tests="2" name="AssessmentsRunner.ScoreSubmissionRunner" time="175.566" errors="0" timestamp="2024-11-27T18:24:58 IST" skipped="0">
  <testcase classname="AssessmentsRunner.ScoreSubmissionRunner" name="runScenario" time="127.833"/>
  <system-out/>
  <testcase classname="AssessmentsRunner.ScoreSubmissionRunner" name="runScenario" time="47.733"/>
  <system-out/>
</testsuite> <!-- AssessmentsRunner.ScoreSubmissionRunner -->
