<?xml version="1.0" encoding="UTF-8"?>
<!-- Generated by org.testng.reporters.JUnitReportReporter -->
<testsuite hostname="DESKTOP-AVL4E6C" failures="0" tests="3" name="Runners.Users_Creation_Runner" time="155.576" errors="0" timestamp="1 Feb 2024 09:46:29 GMT">
  <testcase classname="Runners.Users_Creation_Runner" name="runScenario" time="52.568"/>
  <testcase classname="Runners.Users_Creation_Runner" name="runScenario" time="49.262"/>
  <testcase classname="Runners.Users_Creation_Runner" name="runScenario" time="53.746"/>
</testsuite> <!-- Runners.Users_Creation_Runner -->
