<?xml version="1.0" encoding="UTF-8"?>
<!-- Generated by org.testng.reporters.JUnitReportReporter -->
<testsuite hostname="Sapphirus-SS141" failures="0" tests="1" name="AssessmentsRunner.QuizCreationRunner" time="208.407" errors="0" timestamp="8 Jan 2025 07:33:06 GMT">
  <testcase classname="AssessmentsRunner.QuizCreationRunner" name="runScenario" time="208.407"/>
</testsuite> <!-- AssessmentsRunner.QuizCreationRunner -->
