<?xml version="1.0" encoding="UTF-8"?>
<!-- Generated by org.testng.reporters.JUnitReportReporter -->
<<<<<<< HEAD
<testsuite hostname="Sapphirus-SS141" failures="0" tests="4" name="Runners.BulkUploadRunner" time="186.098" errors="1" timestamp="2024-09-23T18:41:31 IST" skipped="0">
  <testcase classname="Runners.BulkUploadRunner" name="runScenario" time="58.908"/>
  <system-out/>
  <testcase classname="Runners.BulkUploadRunner" name="tearDownClass" time="1.371">
    <error message="Class org.apache.pdfbox.pdmodel.font.PDType1Font does not have member field &#039;org.apache.pdfbox.pdmodel.font.PDType1Font HELVETICA&#039;" type="java.lang.NoSuchFieldError">
      <![CDATA[java.lang.NoSuchFieldError: Class org.apache.pdfbox.pdmodel.font.PDType1Font does not have member field 'org.apache.pdfbox.pdmodel.font.PDType1Font HELVETICA'
at org.vandeseer.easytable.structure.Table.<clinit>(Table.java:19)
at tech.grasshopper.pdf.section.dashboard.Dashboard.createSection(Dashboard.java:33)
at tech.grasshopper.pdf.PDFCucumberReport.createDashboardSection(PDFCucumberReport.java:147)
at tech.grasshopper.pdf.PDFCucumberReport.createReport(PDFCucumberReport.java:103)
at tech.grasshopper.pdf.extent.ExtentPDFCucumberReporter.flush(ExtentPDFCucumberReporter.java:95)
at tech.grasshopper.pdf.extent.ExtentPDFCucumberReporter$1.onNext(ExtentPDFCucumberReporter.java:69)
at tech.grasshopper.pdf.extent.ExtentPDFCucumberReporter$1.onNext(ExtentPDFCucumberReporter.java:62)
at io.reactivex.rxjava3.subjects.PublishSubject$PublishDisposable.onNext(PublishSubject.java:310)
at io.reactivex.rxjava3.subjects.PublishSubject.onNext(PublishSubject.java:226)
at com.aventstack.extentreports.ReactiveSubject.onFlush(ReactiveSubject.java:83)
at com.aventstack.extentreports.AbstractProcessor.onFlush(AbstractProcessor.java:96)
at com.aventstack.extentreports.ExtentReports.flush(ExtentReports.java:279)
at com.aventstack.extentreports.service.ExtentService.flush(ExtentService.java:47)
at com.aventstack.extentreports.cucumber.adapter.ExtentCucumberAdapter.finishReport(ExtentCucumberAdapter.java:301)
at com.aventstack.extentreports.cucumber.adapter.ExtentCucumberAdapter$8.receive(ExtentCucumberAdapter.java:137)
at com.aventstack.extentreports.cucumber.adapter.ExtentCucumberAdapter$8.receive(ExtentCucumberAdapter.java:134)
at io.cucumber.core.eventbus.AbstractEventPublisher.send(AbstractEventPublisher.java:51)
at io.cucumber.core.eventbus.AbstractEventBus.send(AbstractEventBus.java:12)
at io.cucumber.core.runtime.SynchronizedEventBus.send(SynchronizedEventBus.java:47)
at io.cucumber.core.runtime.CucumberExecutionContext.emitTestRunFinished(CucumberExecutionContext.java:118)
at io.cucumber.core.runtime.CucumberExecutionContext.finishTestRun(CucumberExecutionContext.java:105)
at io.cucumber.testng.TestNGCucumberRunner.finish(TestNGCucumberRunner.java:145)
at io.cucumber.testng.AbstractTestNGCucumberTests.tearDownClass(AbstractTestNGCucumberTests.java:57)
at java.base/jdk.internal.reflect.DirectMethodHandleAccessor.invoke(DirectMethodHandleAccessor.java:103)
at java.base/java.lang.reflect.Method.invoke(Method.java:580)
at org.testng.internal.MethodInvocationHelper.invokeMethod(MethodInvocationHelper.java:133)
at org.testng.internal.MethodInvocationHelper.invokeMethodConsideringTimeout(MethodInvocationHelper.java:62)
at org.testng.internal.ConfigInvoker.invokeConfigurationMethod(ConfigInvoker.java:385)
at org.testng.internal.ConfigInvoker.invokeConfigurations(ConfigInvoker.java:321)
at org.testng.internal.TestMethodWorker.invokeAfterClassMethods(TestMethodWorker.java:217)
at org.testng.internal.TestMethodWorker.run(TestMethodWorker.java:130)
at java.base/java.util.ArrayList.forEach(ArrayList.java:1597)
at org.testng.TestRunner.privateRun(TestRunner.java:794)
at org.testng.TestRunner.run(TestRunner.java:596)
at org.testng.SuiteRunner.runTest(SuiteRunner.java:377)
at org.testng.SuiteRunner.runSequentially(SuiteRunner.java:371)
at org.testng.SuiteRunner.privateRun(SuiteRunner.java:332)
at org.testng.SuiteRunner.run(SuiteRunner.java:276)
at org.testng.SuiteRunnerWorker.runSuite(SuiteRunnerWorker.java:53)
at org.testng.SuiteRunnerWorker.run(SuiteRunnerWorker.java:96)
at org.testng.TestNG.runSuitesSequentially(TestNG.java:1212)
at org.testng.TestNG.runSuitesLocally(TestNG.java:1134)
at org.testng.TestNG.runSuites(TestNG.java:1063)
at org.testng.TestNG.run(TestNG.java:1031)
at org.testng.remote.AbstractRemoteTestNG.run(AbstractRemoteTestNG.java:115)
at org.testng.remote.RemoteTestNG.initAndRun(RemoteTestNG.java:293)
at org.testng.remote.RemoteTestNG.main(RemoteTestNG.java:91)
]]>
    </error>
  </testcase> <!-- tearDownClass -->
  <system-out/>
  <testcase classname="Runners.BulkUploadRunner" name="runScenario" time="67.106"/>
  <system-out/>
  <testcase classname="Runners.BulkUploadRunner" name="runScenario" time="58.713"/>
  <system-out/>
=======
<testsuite hostname="DESKTOP-AVL4E6C" failures="0" tests="3" name="Runners.BulkUploadRunner" time="220.920" errors="0" timestamp="4 Mar 2024 07:49:47 GMT">
  <testcase classname="Runners.BulkUploadRunner" name="runScenario" time="71.576"/>
  <testcase classname="Runners.BulkUploadRunner" name="runScenario" time="73.144"/>
  <testcase classname="Runners.BulkUploadRunner" name="runScenario" time="76.200"/>
>>>>>>> branch 'main' of https://focalpointk12.visualstudio.com/FPK12%202.0/_git/FPK12-AUTOMATION-TEST-2.0
</testsuite> <!-- Runners.BulkUploadRunner -->
