<?xml version="1.0" encoding="UTF-8"?>
<!-- Generated by org.testng.reporters.JUnitReportReporter -->
<testsuite hostname="Sapphirus-SS141" failures="0" tests="3" name="Runners.Examinations_Schedule_runner" time="169.203" errors="0" timestamp="10 Oct 2024 11:00:54 GMT">
  <testcase classname="Runners.Examinations_Schedule_runner" name="runScenario" time="71.375"/>
  <testcase classname="Runners.Examinations_Schedule_runner" name="runScenario" time="39.752"/>
  <testcase classname="Runners.Examinations_Schedule_runner" name="runScenario" time="58.076"/>
</testsuite> <!-- Runners.Examinations_Schedule_runner -->
