<?xml version="1.0" encoding="UTF-8"?>
<!-- Generated by org.testng.reporters.JUnitReportReporter -->
<testsuite hostname="Sapphirus-SS141" failures="0" tests="2" name="AssessmentsRunner.SISprovisioningAssessmentCenterRunner" time="183.026" errors="0" timestamp="27 Jan 2025 07:10:53 GMT">
  <testcase classname="AssessmentsRunner.SISprovisioningAssessmentCenterRunner" name="runScenario" time="65.090"/>
  <testcase classname="AssessmentsRunner.SISprovisioningAssessmentCenterRunner" name="runScenario" time="117.936"/>
</testsuite> <!-- AssessmentsRunner.SISprovisioningAssessmentCenterRunner -->
