<?xml version="1.0" encoding="UTF-8"?>
<!-- Generated by org.testng.reporters.JUnitReportReporter -->
<testsuite hostname="DESKTOP-LKL2D3R" failures="0" tests="3" name="com.Fp_Ec.runner.Examinations_Schedule_runner" time="98.461" errors="0" timestamp="2023-12-12T16:21:43 IST" skipped="0">
  <testcase classname="com.Fp_Ec.runner.Examinations_Schedule_runner" name="runScenario" time="31.575"/>
  <system-out/>
  <testcase classname="com.Fp_Ec.runner.Examinations_Schedule_runner" name="runScenario" time="23.669"/>
  <system-out/>
  <testcase classname="com.Fp_Ec.runner.Examinations_Schedule_runner" name="runScenario" time="43.217"/>
  <system-out/>
</testsuite> <!-- com.Fp_Ec.runner.Examinations_Schedule_runner -->
