<?xml version="1.0" encoding="UTF-8"?>
<!-- Generated by org.testng.reporters.JUnitReportReporter -->
<testsuite hostname="Sapphirus-SS141" failures="0" tests="1" name="ExamCenterRunners.Users_Creation_Runner" time="85.566" errors="0" timestamp="20 Dec 2024 08:22:25 GMT">
  <testcase classname="ExamCenterRunners.Users_Creation_Runner" name="runScenario" time="85.566"/>
</testsuite> <!-- ExamCenterRunners.Users_Creation_Runner -->
