<?xml version="1.0" encoding="UTF-8"?>
<!-- Generated by org.testng.reporters.JUnitReportReporter -->
<testsuite hostname="Sapphirus-SS141" failures="0" tests="1" name="ExamCenterRunners.Exam_Schedule_runner" time="60.430" errors="0" timestamp="31 Dec 2024 07:15:14 GMT">
  <testcase classname="ExamCenterRunners.Exam_Schedule_runner" name="runScenario" time="60.430"/>
</testsuite> <!-- ExamCenterRunners.Exam_Schedule_runner -->
