<?xml version="1.0" encoding="UTF-8"?>
<!-- Generated by org.testng.reporters.JUnitReportReporter -->
<testsuite hostname="Sapphirus-SS141" failures="0" tests="2" name="AssessmentsRunner.BenchmarksRunner" time="132.042" errors="0" timestamp="8 Jan 2025 05:57:05 GMT">
  <testcase classname="AssessmentsRunner.BenchmarksRunner" name="runScenario" time="65.340"/>
  <testcase classname="AssessmentsRunner.BenchmarksRunner" name="runScenario" time="66.702"/>
</testsuite> <!-- AssessmentsRunner.BenchmarksRunner -->
