<?xml version="1.0" encoding="UTF-8"?>
<!-- Generated by org.testng.reporters.JUnitReportReporter -->
<testsuite hostname="Sapphirus-SS141" failures="0" tests="1" name="PortfolioCenterRunner.PortfolioCenterCourseRunner" time="74.910" errors="0" timestamp="10 Jan 2025 07:02:55 GMT">
  <testcase classname="PortfolioCenterRunner.PortfolioCenterCourseRunner" name="runScenario" time="74.910"/>
</testsuite> <!-- PortfolioCenterRunner.PortfolioCenterCourseRunner -->
