<?xml version="1.0" encoding="UTF-8"?>
<!-- Generated by org.testng.reporters.JUnitReportReporter -->
<testsuite hostname="DESKTOP-AVL4E6C" failures="0" tests="3" name="Runners.BulkUploadRunner" time="164.629" errors="0" timestamp="1 Feb 2024 09:46:29 GMT">
  <testcase classname="Runners.BulkUploadRunner" name="runScenario" time="56.998"/>
  <testcase classname="Runners.BulkUploadRunner" name="runScenario" time="53.561"/>
  <testcase classname="Runners.BulkUploadRunner" name="runScenario" time="54.070"/>
</testsuite> <!-- Runners.BulkUploadRunner -->
