<?xml version="1.0" encoding="UTF-8"?>
<!-- Generated by org.testng.reporters.JUnitReportReporter -->
<testsuite hostname="Sapphirus-SS141" failures="0" tests="2" name="AssessmentsRunner.BenchmarksRunner" time="95.406" errors="0" timestamp="2024-12-12T17:41:56 IST" skipped="0">
  <testcase classname="AssessmentsRunner.BenchmarksRunner" name="runScenario" time="51.161"/>
  <system-out/>
  <testcase classname="AssessmentsRunner.BenchmarksRunner" name="runScenario" time="44.245"/>
  <system-out/>
</testsuite> <!-- AssessmentsRunner.BenchmarksRunner -->
