<?xml version="1.0" encoding="UTF-8"?>
<!-- Generated by org.testng.reporters.JUnitReportReporter -->
<testsuite hostname="Sapphirus-SS143" failures="0" tests="1" name="LearningTreeRunner.Student_Activities_SubmissionRunner" time="292.400" errors="0" timestamp="2025-01-20T12:24:20 IST" skipped="0">
  <testcase classname="LearningTreeRunner.Student_Activities_SubmissionRunner" name="runScenario" time="292.400"/>
  <system-out/>
</testsuite> <!-- LearningTreeRunner.Student_Activities_SubmissionRunner -->
