<?xml version="1.0" encoding="UTF-8"?>
<!-- Generated by org.testng.reporters.JUnitReportReporter -->
<testsuite hostname="DESKTOP-AVL4E6C" failures="0" tests="3" name="Runners.Users_Creation_Runner" time="148.313" errors="0" timestamp="22 Jan 2024 11:18:36 GMT">
  <testcase classname="Runners.Users_Creation_Runner" name="runScenario" time="50.064"/>
  <testcase classname="Runners.Users_Creation_Runner" name="runScenario" time="44.773"/>
  <testcase classname="Runners.Users_Creation_Runner" name="runScenario" time="53.476"/>
</testsuite> <!-- Runners.Users_Creation_Runner -->
