<?xml version="1.0" encoding="UTF-8"?>
<!-- Generated by org.testng.reporters.JUnitReportReporter -->
<testsuite hostname="Sapphirus-SS143" failures="0" tests="1" name="AssessmentsRunner.Teacher_ActivityprogressRunner" time="3.247" errors="1" timestamp="2024-11-12T17:08:11 IST" skipped="0">
  <testcase classname="AssessmentsRunner.Teacher_ActivityprogressRunner" name="runScenario" time="3.247">
    <error message="Cannot invoke &quot;String.toUpperCase()&quot; because &quot;env&quot; is null" type="java.lang.NullPointerException">
      <![CDATA[java.lang.NullPointerException: Cannot invoke "String.toUpperCase()" because "env" is null
at com.Utils.ReadProperties.loadConfig(ReadProperties.java:28)
at com.Utils.Base.initProperties(Base.java:90)
at Hooks.AppHooks.getProperty(AppHooks.java:32)
]]>
    </error>
  </testcase> <!-- runScenario -->
  <system-out/>
</testsuite> <!-- AssessmentsRunner.Teacher_ActivityprogressRunner -->
