<?xml version="1.0" encoding="UTF-8"?>
<!-- Generated by org.testng.reporters.JUnitReportReporter -->
<testsuite hostname="Sapphirus-SS179" failures="0" tests="2" name="PortfolioCenterRunner.SISprovisioningRunner" time="145.626" errors="0" timestamp="2024-12-26T11:06:11 IST" skipped="0">
  <testcase classname="PortfolioCenterRunner.SISprovisioningRunner" name="runScenario" time="50.970"/>
  <system-out/>
  <testcase classname="PortfolioCenterRunner.SISprovisioningRunner" name="runScenario" time="94.656"/>
  <system-out/>
</testsuite> <!-- PortfolioCenterRunner.SISprovisioningRunner -->
