<?xml version="1.0" encoding="UTF-8"?>
<!-- Generated by org.testng.reporters.JUnitReportReporter -->
<testsuite hostname="Sapphirus-SS141" failures="0" tests="1" name="ExamCenterRunners.Location_Runner" time="47.974" errors="0" timestamp="13 Jan 2025 06:58:38 GMT">
  <testcase classname="ExamCenterRunners.Location_Runner" name="runScenario" time="47.974"/>
</testsuite> <!-- ExamCenterRunners.Location_Runner -->
