<?xml version="1.0" encoding="UTF-8"?>
<!-- Generated by org.testng.reporters.JUnitReportReporter -->
<testsuite hostname="Sapphirus-SS141" failures="0" tests="3" name="ExamCenterRunners.Exam_Schedule_runner" time="136.977" errors="0" timestamp="17 Dec 2024 10:21:43 GMT">
  <testcase classname="ExamCenterRunners.Exam_Schedule_runner" name="runScenario" time="39.639"/>
  <testcase classname="ExamCenterRunners.Exam_Schedule_runner" name="runScenario" time="48.273"/>
  <testcase classname="ExamCenterRunners.Exam_Schedule_runner" name="runScenario" time="49.065"/>
</testsuite> <!-- ExamCenterRunners.Exam_Schedule_runner -->
