<?xml version="1.0" encoding="UTF-8"?>
<!-- Generated by org.testng.reporters.JUnitReportReporter -->
<testsuite hostname="Sapphirus-SS141" failures="0" tests="1" name="ExamCenterRunners.Score_SubmissionRunner" time="70.643" errors="0" timestamp="21 Mar 2025 09:36:08 GMT">
  <testcase classname="ExamCenterRunners.Score_SubmissionRunner" name="runScenario" time="70.643"/>
</testsuite> <!-- ExamCenterRunners.Score_SubmissionRunner -->
