<?xml version="1.0" encoding="UTF-8"?>
<!-- Generated by org.testng.reporters.JUnitReportReporter -->
<testsuite hostname="Sapphirus-SS179" failures="0" tests="1" name="PortfolioCenterRunner.MultiScoringAssignmentSubmissionRunner" time="51.086" errors="0" timestamp="2025-01-06T11:43:21 IST" skipped="0">
  <testcase classname="PortfolioCenterRunner.MultiScoringAssignmentSubmissionRunner" name="runScenario" time="51.086"/>
  <system-out/>
</testsuite> <!-- PortfolioCenterRunner.MultiScoringAssignmentSubmissionRunner -->
