<?xml version="1.0" encoding="UTF-8"?>
<!-- Generated by org.testng.reporters.JUnitReportReporter -->
<testsuite hostname="DESKTOP-18FB10Q" failures="0" tests="2" name="com.Focalpoint_EC.runner.Create_Time_Slot_and_Enroll_the_ExamTakerRunner" time="79.858" errors="0" timestamp="2023-12-15T17:18:39 IST" skipped="0">
  <testcase classname="com.Focalpoint_EC.runner.Create_Time_Slot_and_Enroll_the_ExamTakerRunner" name="runScenario" time="47.258"/>
  <testcase classname="com.Focalpoint_EC.runner.Create_Time_Slot_and_Enroll_the_ExamTakerRunner" name="runScenario" time="32.600"/>
</testsuite> <!-- com.Focalpoint_EC.runner.Create_Time_Slot_and_Enroll_the_ExamTakerRunner -->
