<?xml version="1.0" encoding="UTF-8"?>
<!-- Generated by org.testng.reporters.JUnitReportReporter -->
<testsuite hostname="Sapphirus-SS141" failures="0" tests="3" name="ExamCenterRunners.Exam_Schedule_runner" time="146.393" errors="0" timestamp="3 Jan 2025 06:54:29 GMT">
  <testcase classname="ExamCenterRunners.Exam_Schedule_runner" name="runScenario" time="52.829"/>
  <testcase classname="ExamCenterRunners.Exam_Schedule_runner" name="runScenario" time="42.686"/>
  <testcase classname="ExamCenterRunners.Exam_Schedule_runner" name="runScenario" time="50.878"/>
</testsuite> <!-- ExamCenterRunners.Exam_Schedule_runner -->
