<?xml version="1.0" encoding="UTF-8"?>
<!-- Generated by org.testng.reporters.JUnitReportReporter -->
<testsuite hostname="Sapphirus-SS141" failures="0" tests="2" name="AssessmentsRunner.BenchmarksRunner" time="113.607" errors="0" timestamp="7 Jan 2025 10:43:07 GMT">
  <testcase classname="AssessmentsRunner.BenchmarksRunner" name="runScenario" time="59.714"/>
  <testcase classname="AssessmentsRunner.BenchmarksRunner" name="runScenario" time="53.893"/>
</testsuite> <!-- AssessmentsRunner.BenchmarksRunner -->
