<?xml version="1.0" encoding="UTF-8"?>
<!-- Generated by org.testng.reporters.JUnitReportReporter -->
<testsuite hostname="Sapphirus-SS141" failures="0" tests="1" name="PortfolioCenterRunner.PortfolioCenterCourseRunner" time="82.159" errors="0" timestamp="9 Jan 2025 09:18:29 GMT">
  <testcase classname="PortfolioCenterRunner.PortfolioCenterCourseRunner" name="runScenario" time="82.159"/>
</testsuite> <!-- PortfolioCenterRunner.PortfolioCenterCourseRunner -->
