<?xml version="1.0" encoding="UTF-8"?>
<!-- Generated by org.testng.reporters.JUnitReportReporter -->
<testsuite hostname="DESKTOP-AVL4E6C" failures="0" tests="1" name="Runners.Location_Runner" time="37.332" errors="0" timestamp="6 Feb 2024 09:48:27 GMT">
  <testcase classname="Runners.Location_Runner" name="runScenario" time="37.332"/>
</testsuite> <!-- Runners.Location_Runner -->
