<?xml version="1.0" encoding="UTF-8"?>
<!-- Generated by org.testng.reporters.JUnitReportReporter -->
<testsuite hostname="Sapphirus-SS141" failures="0" tests="1" name="LearningTreeRunner.Student_Activities_SubmissionRunner" time="246.262" errors="0" timestamp="31 Jan 2025 10:06:53 GMT">
  <testcase classname="LearningTreeRunner.Student_Activities_SubmissionRunner" name="runScenario" time="246.262"/>
</testsuite> <!-- LearningTreeRunner.Student_Activities_SubmissionRunner -->
