<?xml version="1.0" encoding="UTF-8"?>
<!-- Generated by org.testng.reporters.JUnitReportReporter -->
<testsuite hostname="DESKTOP-AVL4E6C" failures="0" tests="3" name="Runners.Examinations_Schedule_runner" time="124.274" errors="0" timestamp="15 Feb 2024 11:07:27 GMT">
  <testcase classname="Runners.Examinations_Schedule_runner" name="runScenario" time="55.024"/>
  <testcase classname="Runners.Examinations_Schedule_runner" name="runScenario" time="29.124"/>
  <testcase classname="Runners.Examinations_Schedule_runner" name="runScenario" time="40.126"/>
</testsuite> <!-- Runners.Examinations_Schedule_runner -->
