<?xml version="1.0" encoding="UTF-8"?>
<!-- Generated by org.testng.reporters.JUnitReportReporter -->
<testsuite hostname="Sapphirus-SS141" failures="0" tests="2" name="AssessmentsRunner.SISprovisioningRunner" time="169.778" errors="0" timestamp="2 Jan 2025 11:04:13 GMT">
  <testcase classname="AssessmentsRunner.SISprovisioningRunner" name="runScenario" time="104.211"/>
  <testcase classname="AssessmentsRunner.SISprovisioningRunner" name="runScenario" time="65.567"/>
</testsuite> <!-- AssessmentsRunner.SISprovisioningRunner -->
