<?xml version="1.0" encoding="UTF-8"?>
<!-- Generated by org.testng.reporters.JUnitReportReporter -->
<testsuite hostname="Sapphirus-SS141" failures="0" tests="3" name="Runners.Examinations_Schedule_runner" time="174.562" errors="0" timestamp="9 Oct 2024 10:20:36 GMT">
  <testcase classname="Runners.Examinations_Schedule_runner" name="runScenario" time="64.845"/>
  <testcase classname="Runners.Examinations_Schedule_runner" name="runScenario" time="57.266"/>
  <testcase classname="Runners.Examinations_Schedule_runner" name="runScenario" time="52.451"/>
</testsuite> <!-- Runners.Examinations_Schedule_runner -->
