<?xml version="1.0" encoding="UTF-8"?>
<!-- Generated by org.testng.reporters.JUnitReportReporter -->
<testsuite hostname="DESKTOP-AVL4E6C" failures="0" tests="2" name="Runners.Create_Time_Slot_and_Enroll_the_ExamTakerRunner" time="79.734" errors="0" timestamp="6 Feb 2024 09:48:27 GMT">
  <testcase classname="Runners.Create_Time_Slot_and_Enroll_the_ExamTakerRunner" name="runScenario" time="34.092"/>
  <testcase classname="Runners.Create_Time_Slot_and_Enroll_the_ExamTakerRunner" name="runScenario" time="45.642"/>
</testsuite> <!-- Runners.Create_Time_Slot_and_Enroll_the_ExamTakerRunner -->
