<?xml version="1.0" encoding="UTF-8"?>
<!-- Generated by org.testng.reporters.JUnitReportReporter -->
<testsuite hostname="Sapphirus-SS143" failures="0" tests="1" name="LearningTreeRunner.Student_Activities_SubmissionRunner" time="308.342" errors="0" timestamp="2025-01-20T17:06:25 IST" skipped="0">
  <testcase classname="LearningTreeRunner.Student_Activities_SubmissionRunner" name="runScenario" time="308.342"/>
  <system-out/>
</testsuite> <!-- LearningTreeRunner.Student_Activities_SubmissionRunner -->
