<?xml version="1.0" encoding="UTF-8"?>
<!-- Generated by org.testng.reporters.JUnitReportReporter -->
<testsuite hostname="Sapphirus-SS141" failures="0" tests="2" name="AssessmentsRunner.SISprovisioningRunner" time="153.324" errors="0" timestamp="2024-10-21T18:36:20 IST" skipped="0">
  <testcase classname="AssessmentsRunner.SISprovisioningRunner" name="runScenario" time="74.644"/>
  <testcase classname="AssessmentsRunner.SISprovisioningRunner" name="runScenario" time="78.680"/>
</testsuite> <!-- AssessmentsRunner.SISprovisioningRunner -->
