<?xml version="1.0" encoding="UTF-8"?>
<!-- Generated by org.testng.reporters.JUnitReportReporter -->
<testsuite hostname="Sapphirus-SS179" failures="0" tests="2" name="PortfolioCenterRunner.SISprovisioningRunner" time="142.302" errors="0" timestamp="2024-12-26T16:38:17 IST" skipped="0">
  <testcase classname="PortfolioCenterRunner.SISprovisioningRunner" name="runScenario" time="54.421"/>
  <system-out/>
  <testcase classname="PortfolioCenterRunner.SISprovisioningRunner" name="runScenario" time="87.881"/>
  <system-out/>
</testsuite> <!-- PortfolioCenterRunner.SISprovisioningRunner -->
