<?xml version="1.0" encoding="UTF-8"?>
<!-- Generated by org.testng.reporters.JUnitReportReporter -->
<testsuite hostname="DESKTOP-18FB10Q" failures="0" tests="1" name="com.Focalpoint_EC.runner.Remove_ExamTaker_from_TimeslotRunner" time="25.978" errors="0" timestamp="2023-12-12T14:49:10 IST" skipped="0">
  <testcase classname="com.Focalpoint_EC.runner.Remove_ExamTaker_from_TimeslotRunner" name="runScenario" time="25.978"/>
</testsuite> <!-- com.Focalpoint_EC.runner.Remove_ExamTaker_from_TimeslotRunner -->
