<?xml version="1.0" encoding="UTF-8"?>
<!-- Generated by org.testng.reporters.JUnitReportReporter -->
<testsuite hostname="Sapphirus-SS141" failures="0" tests="2" name="AssessmentsRunner.ScoreSubmissionRunner" time="160.654" errors="0" timestamp="2024-12-12T17:41:56 IST" skipped="0">
  <testcase classname="AssessmentsRunner.ScoreSubmissionRunner" name="runScenario" time="119.535"/>
  <system-out/>
  <testcase classname="AssessmentsRunner.ScoreSubmissionRunner" name="runScenario" time="41.119"/>
  <system-out/>
</testsuite> <!-- AssessmentsRunner.ScoreSubmissionRunner -->
