<?xml version="1.0" encoding="UTF-8"?>
<!-- Generated by org.testng.reporters.JUnitReportReporter -->
<testsuite hostname="Sapphirus-SS141" failures="0" tests="2" name="AssessmentsRunner.SISprovisioningRunner" time="214.108" errors="0" timestamp="8 Jan 2025 06:15:11 GMT">
  <testcase classname="AssessmentsRunner.SISprovisioningRunner" name="runScenario" time="74.990"/>
  <testcase classname="AssessmentsRunner.SISprovisioningRunner" name="runScenario" time="139.118"/>
</testsuite> <!-- AssessmentsRunner.SISprovisioningRunner -->
