<?xml version="1.0" encoding="UTF-8"?>
<!-- Generated by org.testng.reporters.JUnitReportReporter -->
<testsuite hostname="Sapphirus-SS141" failures="0" tests="1" name="PortfolioCenterRunner.ScoreSubmissionRunner" time="69.987" errors="0" timestamp="24 Jan 2025 10:05:24 GMT">
  <testcase classname="PortfolioCenterRunner.ScoreSubmissionRunner" name="runScenario" time="69.987"/>
</testsuite> <!-- PortfolioCenterRunner.ScoreSubmissionRunner -->
