<?xml version="1.0" encoding="UTF-8"?>
<!-- Generated by org.testng.reporters.JUnitReportReporter -->
<testsuite hostname="Sapphirus-SS141" failures="0" tests="1" name="PortfolioCenterRunner.AssignmentsSubmissionRunner" time="36.456" errors="0" timestamp="7 Jan 2025 09:20:46 GMT">
  <testcase classname="PortfolioCenterRunner.AssignmentsSubmissionRunner" name="runScenario" time="36.456"/>
</testsuite> <!-- PortfolioCenterRunner.AssignmentsSubmissionRunner -->
