<?xml version="1.0" encoding="UTF-8"?>
<!-- Generated by org.testng.reporters.JUnitReportReporter -->
<testsuite hostname="Sapphirus-SS143" failures="0" tests="1" name="AssessmentsRunner.Benchmark_TeacherRunner" time="42.560" errors="1" timestamp="2024-11-12T17:03:14 IST" skipped="0">
  <testcase classname="AssessmentsRunner.Benchmark_TeacherRunner" name="runScenario" time="42.560">
    <error message="element click intercepted: Element &lt;g _ngcontent-amm-c456=&quot;&quot; clip-path=&quot;url(#clip0_67_32)&quot;&gt;...&lt;/g&gt; is not clickable at point (685, 225). Other element would receive the click: &lt;svg _ngcontent-amm-c456=&quot;&quot; width=&quot;19&quot; height=&quot;18&quot; matTooltip=&quot;Grades&quot; viewBox=&quot;0 0 19 18&quot; fill=&quot;none&quot; xmlns=&quot;http://www.w3.org/2000/svg&quot; class=&quot;mat-tooltip-trigger ng-star-inserted&quot; aria-describedby=&quot;cdk-describedby-message-132&quot; cdk-describedby-host=&quot;0&quot;&gt;...&lt;/svg&gt;
  (Session info: chrome=130.0.6723.117)
Build info: version: &#039;4.18.1&#039;, revision: &#039;b1d3319b48&#039;
System info: os.name: &#039;Windows 11&#039;, os.arch: &#039;amd64&#039;, os.version: &#039;10.0&#039;, java.version: &#039;17.0.10&#039;
Driver info: org.openqa.selenium.chrome.ChromeDriver
Command: [4b9c8b9360883e90ea65fb978f67213a, clickElement {id=f.81F26EDC363630FC7524164E551F1A3D.d.D5A11D97A6353292543AD7C029E649EC.e.169}]
Capabilities {acceptInsecureCerts: false, browserName: chrome, browserVersion: 130.0.6723.117, chrome: {chromedriverVersion: 130.0.6723.116 (6ac35f94ae3..., userDataDir: C:\Users\SAHOOS~1\AppData\L...}, fedcm:accounts: true, goog:chromeOptions: {debuggerAddress: localhost:59352}, networkConnectionEnabled: false, pageLoadStrategy: normal, platformName: windows, proxy: Proxy(), se:cdp: ws://localhost:59352/devtoo..., se:cdpVersion: 130.0.6723.117, setWindowRect: true, strictFileInteractability: false, timeouts: {implicit: 0, pageLoad: 300000, script: 30000}, unhandledPromptBehavior: dismiss and notify, webauthn:extension:credBlob: true, webauthn:extension:largeBlob: true, webauthn:extension:minPinLength: true, webauthn:extension:prf: true, webauthn:virtualAuthenticators: true}
Element: [[ChromeDriver: chrome on windows (4b9c8b9360883e90ea65fb978f67213a)] -&gt; xpath: //*[local-name()=&#039;svg&#039; and @matTooltip=&#039;Grades&#039;] /*[name()=&#039;g&#039;]]
Session ID: 4b9c8b9360883e90ea65fb978f67213a" type="org.openqa.selenium.ElementClickInterceptedException">
      <![CDATA[org.openqa.selenium.ElementClickInterceptedException: element click intercepted: Element <g _ngcontent-amm-c456="" clip-path="url(#clip0_67_32)">...</g> is not clickable at point (685, 225). Other element would receive the click: <svg _ngcontent-amm-c456="" width="19" height="18" matTooltip="Grades" viewBox="0 0 19 18" fill="none" xmlns="http://www.w3.org/2000/svg" class="mat-tooltip-trigger ng-star-inserted" aria-describedby="cdk-describedby-message-132" cdk-describedby-host="0">...</svg>
  (Session info: chrome=130.0.6723.117)
Build info: version: '4.18.1', revision: 'b1d3319b48'
System info: os.name: 'Windows 11', os.arch: 'amd64', os.version: '10.0', java.version: '17.0.10'
Driver info: org.openqa.selenium.chrome.ChromeDriver
Command: [4b9c8b9360883e90ea65fb978f67213a, clickElement {id=f.81F26EDC363630FC7524164E551F1A3D.d.D5A11D97A6353292543AD7C029E649EC.e.169}]
Capabilities {acceptInsecureCerts: false, browserName: chrome, browserVersion: 130.0.6723.117, chrome: {chromedriverVersion: 130.0.6723.116 (6ac35f94ae3..., userDataDir: C:\Users\SAHOOS~1\AppData\L...}, fedcm:accounts: true, goog:chromeOptions: {debuggerAddress: localhost:59352}, networkConnectionEnabled: false, pageLoadStrategy: normal, platformName: windows, proxy: Proxy(), se:cdp: ws://localhost:59352/devtoo..., se:cdpVersion: 130.0.6723.117, setWindowRect: true, strictFileInteractability: false, timeouts: {implicit: 0, pageLoad: 300000, script: 30000}, unhandledPromptBehavior: dismiss and notify, webauthn:extension:credBlob: true, webauthn:extension:largeBlob: true, webauthn:extension:minPinLength: true, webauthn:extension:prf: true, webauthn:virtualAuthenticators: true}
Element: [[ChromeDriver: chrome on windows (4b9c8b9360883e90ea65fb978f67213a)] -> xpath: //*[local-name()='svg' and @matTooltip='Grades'] /*[name()='g']]
Session ID: 4b9c8b9360883e90ea65fb978f67213a
at java.base/jdk.internal.reflect.NativeConstructorAccessorImpl.newInstance0(Native Method)
at java.base/jdk.internal.reflect.NativeConstructorAccessorImpl.newInstance(NativeConstructorAccessorImpl.java:77)
at java.base/jdk.internal.reflect.DelegatingConstructorAccessorImpl.newInstance(DelegatingConstructorAccessorImpl.java:45)
at java.base/java.lang.reflect.Constructor.newInstanceWithCaller(Constructor.java:499)
at java.base/java.lang.reflect.Constructor.newInstance(Constructor.java:480)
at org.openqa.selenium.remote.ErrorCodec.decode(ErrorCodec.java:167)
at org.openqa.selenium.remote.codec.w3c.W3CHttpResponseCodec.decode(W3CHttpResponseCodec.java:138)
at org.openqa.selenium.remote.codec.w3c.W3CHttpResponseCodec.decode(W3CHttpResponseCodec.java:50)
at org.openqa.selenium.remote.HttpCommandExecutor.execute(HttpCommandExecutor.java:190)
at org.openqa.selenium.remote.service.DriverCommandExecutor.invokeExecute(DriverCommandExecutor.java:216)
at org.openqa.selenium.remote.service.DriverCommandExecutor.execute(DriverCommandExecutor.java:174)
at org.openqa.selenium.remote.RemoteWebDriver.execute(RemoteWebDriver.java:519)
at org.openqa.selenium.remote.RemoteWebElement.execute(RemoteWebElement.java:223)
at org.openqa.selenium.remote.RemoteWebElement.click(RemoteWebElement.java:76)
at java.base/jdk.internal.reflect.NativeMethodAccessorImpl.invoke0(Native Method)
at java.base/jdk.internal.reflect.NativeMethodAccessorImpl.invoke(NativeMethodAccessorImpl.java:77)
at java.base/jdk.internal.reflect.DelegatingMethodAccessorImpl.invoke(DelegatingMethodAccessorImpl.java:43)
at java.base/java.lang.reflect.Method.invoke(Method.java:568)
at org.openqa.selenium.support.pagefactory.internal.LocatingElementHandler.invoke(LocatingElementHandler.java:51)
at jdk.proxy2/jdk.proxy2.$Proxy29.click(Unknown Source)
at com.Assessments.pages.Benchmark_TeacherPage.Grade(Benchmark_TeacherPage.java:187)
at AssessmentsStepdef.Benchmark_TeacherStepdefinitions.user_navigates_to_grade_tab(Benchmark_TeacherStepdefinitions.java:77)
at âœ½.User navigates to Grade tab(file:///D:/Automation%20EC/Assessment_Center_Automation/src/test/resources/AssessmentsFeatures/Benchmark_Teacher.feature:15)
]]>
    </error>
  </testcase> <!-- runScenario -->
  <system-out/>
</testsuite> <!-- AssessmentsRunner.Benchmark_TeacherRunner -->
