<?xml version="1.0" encoding="UTF-8"?>
<!-- Generated by org.testng.reporters.JUnitReportReporter -->
<testsuite hostname="Sapphirus-SS141" failures="0" tests="1" name="ExamCenterRunners.AssessmentSubmissionRunner" time="72.342" errors="0" timestamp="20 Dec 2024 09:30:50 GMT">
  <testcase classname="ExamCenterRunners.AssessmentSubmissionRunner" name="runScenario" time="72.342"/>
</testsuite> <!-- ExamCenterRunners.AssessmentSubmissionRunner -->
