<?xml version="1.0" encoding="UTF-8"?>
<!-- Generated by org.testng.reporters.JUnitReportReporter -->
<testsuite hostname="DESKTOP-AVL4E6C" failures="0" tests="3" name="Runners.BulkUploadRunner" time="173.566" errors="0" timestamp="22 Feb 2024 08:01:02 GMT">
  <testcase classname="Runners.BulkUploadRunner" name="runScenario" time="56.472"/>
  <testcase classname="Runners.BulkUploadRunner" name="runScenario" time="55.980"/>
  <testcase classname="Runners.BulkUploadRunner" name="runScenario" time="61.114"/>
</testsuite> <!-- Runners.BulkUploadRunner -->
