<?xml version="1.0" encoding="UTF-8"?>
<!-- Generated by org.testng.reporters.JUnitReportReporter -->
<testsuite hostname="Sapphirus-SS141" failures="0" tests="1" name="PortfolioCenterRunner.MultiScoringPortfolioCourseRuner" time="72.674" errors="0" timestamp="7 Jan 2025 09:20:46 GMT">
  <testcase classname="PortfolioCenterRunner.MultiScoringPortfolioCourseRuner" name="runScenario" time="72.674"/>
</testsuite> <!-- PortfolioCenterRunner.MultiScoringPortfolioCourseRuner -->
