<?xml version="1.0" encoding="UTF-8"?>
<!-- Generated by org.testng.reporters.JUnitReportReporter -->
<testsuite hostname="Sapphirus-SS141" failures="0" tests="2" name="PortfolioCenterRunner.SISprovisioningRunner" time="266.120" errors="0" timestamp="7 Jan 2025 12:21:50 GMT">
  <testcase classname="PortfolioCenterRunner.SISprovisioningRunner" name="runScenario" time="171.342"/>
  <testcase classname="PortfolioCenterRunner.SISprovisioningRunner" name="runScenario" time="94.778"/>
</testsuite> <!-- PortfolioCenterRunner.SISprovisioningRunner -->
