<?xml version="1.0" encoding="UTF-8"?>
<!-- Generated by org.testng.reporters.JUnitReportReporter -->
<testsuite hostname="Sapphirus-SS143" failures="0" tests="2" name="LearningTreeRunner.DocumentsRunner" time="89.290" errors="0" timestamp="2025-01-28T13:09:19 IST" skipped="0">
  <testcase classname="LearningTreeRunner.DocumentsRunner" name="runScenario" time="48.663"/>
  <system-out/>
  <testcase classname="LearningTreeRunner.DocumentsRunner" name="runScenario" time="40.627"/>
  <system-out/>
</testsuite> <!-- LearningTreeRunner.DocumentsRunner -->
