<?xml version="1.0" encoding="UTF-8"?>
<!-- Generated by org.testng.reporters.JUnitReportReporter -->
<testsuite hostname="Sapphirus-SS141" failures="0" tests="1" name="PortfolioCenterRunner.ScoreSubmissionRunner" time="57.114" errors="0" timestamp="7 Jan 2025 12:21:50 GMT">
  <testcase classname="PortfolioCenterRunner.ScoreSubmissionRunner" name="runScenario" time="57.114"/>
</testsuite> <!-- PortfolioCenterRunner.ScoreSubmissionRunner -->
