<?xml version="1.0" encoding="UTF-8"?>
<!-- Generated by org.testng.reporters.JUnitReportReporter -->
<testsuite hostname="DESKTOP-LKL2D3R" failures="0" tests="3" name="com.Fp_Ec.runner.Examinations_Schedule_runner" time="97.094" errors="0" timestamp="2024-01-10T10:28:01 IST" skipped="0">
  <testcase classname="com.Fp_Ec.runner.Examinations_Schedule_runner" name="runScenario" time="28.184"/>
  <system-out/>
  <testcase classname="com.Fp_Ec.runner.Examinations_Schedule_runner" name="runScenario" time="41.726"/>
  <system-out/>
  <testcase classname="com.Fp_Ec.runner.Examinations_Schedule_runner" name="runScenario" time="27.184"/>
  <system-out/>
</testsuite> <!-- com.Fp_Ec.runner.Examinations_Schedule_runner -->
