<?xml version="1.0" encoding="UTF-8"?>
<!-- Generated by org.testng.reporters.JUnitReportReporter -->
<testsuite hostname="Sapphirus-SS143" failures="0" tests="3" name="Runners.Examinations_Schedule_runner" time="144.610" errors="0" timestamp="12 Oct 2024 15:20:55 GMT">
  <testcase classname="Runners.Examinations_Schedule_runner" name="runScenario" time="64.087"/>
  <testcase classname="Runners.Examinations_Schedule_runner" name="runScenario" time="46.379"/>
  <testcase classname="Runners.Examinations_Schedule_runner" name="runScenario" time="34.144"/>
</testsuite> <!-- Runners.Examinations_Schedule_runner -->
