<?xml version="1.0" encoding="UTF-8"?>
<!-- Generated by org.testng.reporters.JUnitReportReporter -->
<testsuite hostname="Sapphirus-SS141" failures="0" tests="1" name="AssessmentsRunner.QuizCreationRunner" time="171.093" errors="0" timestamp="2024-12-03T10:34:36 IST" skipped="0">
  <testcase classname="AssessmentsRunner.QuizCreationRunner" name="runScenario" time="171.093"/>
  <system-out/>
</testsuite> <!-- AssessmentsRunner.QuizCreationRunner -->
