<?xml version="1.0" encoding="UTF-8"?>
<!-- Generated by org.testng.reporters.JUnitReportReporter -->
<testsuite hostname="Sapphirus-SS141" failures="0" tests="3" name="Runners.BulkUploadRunner" time="181.487" errors="1" timestamp="14 Oct 2024 07:28:19 GMT">
  <testcase classname="Runners.BulkUploadRunner" name="runScenario" time="61.353"/>
  <testcase classname="Runners.BulkUploadRunner" name="runScenario" time="78.545"/>
  <testcase classname="Runners.BulkUploadRunner" name="runScenario" time="41.589">
    <error message="The supplied file was empty (zero bytes long)" type="org.apache.poi.EmptyFileException">
      <![CDATA[org.apache.poi.EmptyFileException: The supplied file was empty (zero bytes long)
	at org.apache.poi.ss.usermodel.WorkbookFactory.create(WorkbookFactory.java:218)
	at org.apache.poi.ss.usermodel.WorkbookFactory.create(WorkbookFactory.java:185)
	at com.Examcenter.pages.BulkUpload_Pages.Excel_Creation(BulkUpload_Pages.java:91)
	at StepDefinitions.BulkuploadStepDefinitions.Create_Proctor_Sheet(BulkuploadStepDefinitions.java:98)
	at âœ½.Create the Bulk Proctor users Excel Sheet(file:///C:/Users/GopiPagadala/OneDrive%20-%20FocalPointK12,%20Inc/FPK12%20Automation-2024/FPK12-ExamCenter/src/test/resources/Features/BulkUpload.feature:24)
]]>
    </error>
  </testcase> <!-- runScenario -->
</testsuite> <!-- Runners.BulkUploadRunner -->
