<?xml version="1.0" encoding="UTF-8"?>
<!-- Generated by org.testng.reporters.JUnitReportReporter -->
<testsuite hostname="DESKTOP-AVL4E6C" failures="0" tests="1" name="Runners.Location_Runner" time="33.429" errors="0" timestamp="22 Feb 2024 08:01:02 GMT">
  <testcase classname="Runners.Location_Runner" name="runScenario" time="33.429"/>
</testsuite> <!-- Runners.Location_Runner -->
