<?xml version="1.0" encoding="UTF-8"?>
<!-- Generated by org.testng.reporters.JUnitReportReporter -->
<testsuite hostname="Sapphirus-SS180" failures="0" tests="2" name="AssessmentsRunner.SISprovisioningRunner" time="346.094" errors="1" timestamp="2024-11-19T12:58:15 IST" skipped="0">
  <testcase classname="AssessmentsRunner.SISprovisioningRunner" name="runScenario" time="290.437">
    <error message="Failed to perform EditScreen action after 5 attempts" type="java.lang.RuntimeException">
      <![CDATA[java.lang.RuntimeException: Failed to perform EditScreen action after 5 attempts
at com.Assessments.pages.SISProvisioningPage.EditScreen(SISProvisioningPage.java:286)
at AssessmentsStepdef.SISProvisioningStepdefinitions.user_click_on_edit_option_for_logins_creations(SISProvisioningStepdefinitions.java:139)
at âœ½.user Click on Edit option for Logins Creations(file:///C:/Users/SureshRajaboina/OneDrive%20-%20FocalPointK12,%20Inc/Focalpoint%20Automation/Benchmarks_AC/src/test/resources/AssessmentsFeatures/SIS%20Provisioning.feature:66)
]]>
    </error>
  </testcase> <!-- runScenario -->
  <system-out/>
  <testcase classname="AssessmentsRunner.SISprovisioningRunner" name="runScenario" time="55.657"/>
  <system-out/>
</testsuite> <!-- AssessmentsRunner.SISprovisioningRunner -->
