<?xml version="1.0" encoding="UTF-8"?>
<!-- Generated by org.testng.reporters.JUnitReportReporter -->
<testsuite hostname="DESKTOP-AVL4E6C" failures="0" tests="3" name="Runners.Examinations_Schedule_runner" time="120.403" errors="0" timestamp="8 Feb 2024 07:45:29 GMT">
  <testcase classname="Runners.Examinations_Schedule_runner" name="runScenario" time="52.185"/>
  <testcase classname="Runners.Examinations_Schedule_runner" name="runScenario" time="28.274"/>
  <testcase classname="Runners.Examinations_Schedule_runner" name="runScenario" time="39.944"/>
</testsuite> <!-- Runners.Examinations_Schedule_runner -->
