<?xml version="1.0" encoding="UTF-8"?>
<!-- Generated by org.testng.reporters.JUnitReportReporter -->
<testsuite hostname="Sapphirus-SS141" failures="0" tests="1" name="PortfolioCenterRunner.PortfolioCenterCourseRunner" time="89.919" errors="0" timestamp="10 Jan 2025 10:39:06 GMT">
  <testcase classname="PortfolioCenterRunner.PortfolioCenterCourseRunner" name="runScenario" time="89.919"/>
</testsuite> <!-- PortfolioCenterRunner.PortfolioCenterCourseRunner -->
