<?xml version="1.0" encoding="UTF-8"?>
<!-- Generated by org.testng.reporters.JUnitReportReporter -->
<testsuite hostname="DESKTOP-AVL4E6C" failures="0" tests="3" name="Runners.Examinations_Schedule_runner" time="122.702" errors="0" timestamp="22 Feb 2024 08:01:02 GMT">
  <testcase classname="Runners.Examinations_Schedule_runner" name="runScenario" time="52.453"/>
  <testcase classname="Runners.Examinations_Schedule_runner" name="runScenario" time="41.979"/>
  <testcase classname="Runners.Examinations_Schedule_runner" name="runScenario" time="28.270"/>
</testsuite> <!-- Runners.Examinations_Schedule_runner -->
