<?xml version="1.0" encoding="UTF-8"?>
<!-- Generated by org.testng.reporters.JUnitReportReporter -->
<testsuite hostname="Sapphirus-SS141" failures="0" tests="1" name="PortfolioCenterRunner.PortfolioCenterCourseRunner" time="84.469" errors="0" timestamp="15 Jan 2025 09:54:07 GMT">
  <testcase classname="PortfolioCenterRunner.PortfolioCenterCourseRunner" name="runScenario" time="84.469"/>
</testsuite> <!-- PortfolioCenterRunner.PortfolioCenterCourseRunner -->
