<?xml version="1.0" encoding="UTF-8"?>
<!-- Generated by org.testng.reporters.JUnitReportReporter -->
<testsuite hostname="Sapphirus-SS141" failures="0" tests="1" name="PortfolioCenterRunner.PortfolioScoreSubmissionRunner" time="54.089" errors="0" timestamp="21 Feb 2025 09:01:08 GMT">
  <testcase classname="PortfolioCenterRunner.PortfolioScoreSubmissionRunner" name="runScenario" time="54.089"/>
</testsuite> <!-- PortfolioCenterRunner.PortfolioScoreSubmissionRunner -->
