<?xml version="1.0" encoding="UTF-8"?>
<!-- Generated by org.testng.reporters.JUnitReportReporter -->
<testsuite hostname="DESKTOP-AVL4E6C" failures="0" tests="1" name="Runners.Location_Runner" time="35.345" errors="0" timestamp="8 Feb 2024 07:45:29 GMT">
  <testcase classname="Runners.Location_Runner" name="runScenario" time="35.345"/>
</testsuite> <!-- Runners.Location_Runner -->
