<?xml version="1.0" encoding="UTF-8"?>
<!-- Generated by org.testng.reporters.JUnitReportReporter -->
<testsuite hostname="DESKTOP-AVL4E6C" failures="0" tests="1" name="Runners.AssessmentSubmissionRunner" time="63.261" errors="0" timestamp="4 Mar 2024 07:49:47 GMT">
  <testcase classname="Runners.AssessmentSubmissionRunner" name="runScenario" time="63.261"/>
</testsuite> <!-- Runners.AssessmentSubmissionRunner -->
