<?xml version="1.0" encoding="UTF-8"?>
<!-- Generated by org.testng.reporters.JUnitReportReporter -->
<testsuite hostname="DESKTOP-18FB10Q" failures="0" tests="1" name="com.Focalpoint_EC.runner.Enrolled_ExamTaker_in_a_TimeSlotRunner" time="53.578" errors="0" timestamp="2024-01-11T13:40:07 IST" skipped="0">
  <testcase classname="com.Focalpoint_EC.runner.Enrolled_ExamTaker_in_a_TimeSlotRunner" name="runScenario" time="53.578"/>
</testsuite> <!-- com.Focalpoint_EC.runner.Enrolled_ExamTaker_in_a_TimeSlotRunner -->
