<?xml version="1.0" encoding="UTF-8"?>
<!-- Generated by org.testng.reporters.JUnitReportReporter -->
<testsuite hostname="Sapphirus-SS143" failures="0" tests="2" name="LearningTreeRunner.DocumentsRunner" time="91.189" errors="0" timestamp="2025-01-28T10:45:40 IST" skipped="0">
  <testcase classname="LearningTreeRunner.DocumentsRunner" name="runScenario" time="46.581"/>
  <system-out/>
  <testcase classname="LearningTreeRunner.DocumentsRunner" name="runScenario" time="44.608"/>
  <system-out/>
</testsuite> <!-- LearningTreeRunner.DocumentsRunner -->
