<?xml version="1.0" encoding="UTF-8"?>
<!-- Generated by org.testng.reporters.JUnitReportReporter -->
<testsuite hostname="Sapphirus-SS141" failures="0" tests="1" name="PortfolioCenterRunner.MultiScoringPortfolioCourseRuner" time="102.210" errors="0" timestamp="21 Jan 2025 06:01:05 GMT">
  <testcase classname="PortfolioCenterRunner.MultiScoringPortfolioCourseRuner" name="runScenario" time="102.210"/>
</testsuite> <!-- PortfolioCenterRunner.MultiScoringPortfolioCourseRuner -->
