<?xml version="1.0" encoding="UTF-8"?>
<!-- Generated by org.testng.reporters.JUnitReportReporter -->
<testsuite hostname="Sapphirus-SS141" failures="0" tests="1" name="AssessmentsRunner.BenchmarksRunner" time="58.124" errors="0" timestamp="3 Feb 2025 11:32:48 GMT">
  <testcase classname="AssessmentsRunner.BenchmarksRunner" name="runScenario" time="58.124"/>
</testsuite> <!-- AssessmentsRunner.BenchmarksRunner -->
