<?xml version="1.0" encoding="UTF-8"?>
<!-- Generated by org.testng.reporters.JUnitReportReporter -->
<testsuite hostname="Sapphirus-SS141" failures="0" tests="3" name="ExamCenterRunners.Exam_Schedule_runner" time="178.675" errors="0" timestamp="20 Dec 2024 09:55:57 GMT">
  <testcase classname="ExamCenterRunners.Exam_Schedule_runner" name="runScenario" time="57.819"/>
  <testcase classname="ExamCenterRunners.Exam_Schedule_runner" name="runScenario" time="63.352"/>
  <testcase classname="ExamCenterRunners.Exam_Schedule_runner" name="runScenario" time="57.504"/>
</testsuite> <!-- ExamCenterRunners.Exam_Schedule_runner -->
