<?xml version="1.0" encoding="UTF-8"?>
<!-- Generated by org.testng.reporters.JUnitReportReporter -->
<testsuite hostname="Sapphirus-SS141" failures="0" tests="2" name="AssessmentsRunner.BenchmarksRunner" time="102.529" errors="0" timestamp="8 May 2025 04:51:18 GMT">
  <testcase classname="AssessmentsRunner.BenchmarksRunner" name="runScenario" time="54.099"/>
  <testcase classname="AssessmentsRunner.BenchmarksRunner" name="runScenario" time="48.430"/>
</testsuite> <!-- AssessmentsRunner.BenchmarksRunner -->
