<?xml version="1.0" encoding="UTF-8"?>
<!-- Generated by org.testng.reporters.JUnitReportReporter -->
<testsuite hostname="Sapphirus-SS141" failures="0" tests="2" name="AssessmentsRunner.BenchmarksRunner" time="119.370" errors="0" timestamp="3 Feb 2025 13:32:41 GMT">
  <testcase classname="AssessmentsRunner.BenchmarksRunner" name="runScenario" time="58.622"/>
  <testcase classname="AssessmentsRunner.BenchmarksRunner" name="runScenario" time="60.748"/>
</testsuite> <!-- AssessmentsRunner.BenchmarksRunner -->
