<?xml version="1.0" encoding="UTF-8"?>
<!-- Generated by org.testng.reporters.JUnitReportReporter -->
<testsuite hostname="DESKTOP-18FB10Q" failures="0" tests="1"
	name="com.Focalpoint_EC.runner.Procter_CommentRunner" time="48.642"
	errors="0" timestamp="2024-01-09T17:23:37 IST" skipped="0">
	<testcase classname="com.Focalpoint_EC.runner.Procter_CommentRunner"
		name="runScenario" time="48.642" />
</testsuite> <!--
com.Focalpoint_EC.runner.Procter_CommentRunner -->
