<?xml version="1.0" encoding="UTF-8"?>
<!-- Generated by org.testng.reporters.JUnitReportReporter -->
<testsuite hostname="Sapphirus-SS141" failures="0" tests="1" name="AssessmentsRunner.AnnouncementsRunner" time="96.044" errors="0" timestamp="2024-12-12T17:41:56 IST" skipped="0">
  <testcase classname="AssessmentsRunner.AnnouncementsRunner" name="runScenario" time="96.044"/>
  <system-out/>
</testsuite> <!-- AssessmentsRunner.AnnouncementsRunner -->
