<?xml version="1.0" encoding="UTF-8"?>
<!-- Generated by org.testng.reporters.JUnitReportReporter -->
<testsuite hostname="Sapphirus-SS180" failures="0" tests="2" name="AssessmentsRunner.BenchmarksRunner" time="119.347" errors="0" timestamp="2024-11-25T23:59:27 IST" skipped="0">
  <testcase classname="AssessmentsRunner.BenchmarksRunner" name="runScenario" time="64.606"/>
  <system-out/>
  <testcase classname="AssessmentsRunner.BenchmarksRunner" name="runScenario" time="54.741"/>
  <system-out/>
</testsuite> <!-- AssessmentsRunner.BenchmarksRunner -->
