<?xml version="1.0" encoding="UTF-8"?>
<!-- Generated by org.testng.reporters.JUnitReportReporter -->
<testsuite hostname="Sapphirus-SS179" failures="0" tests="1" name="PortfolioCenterRunner.DeletePortfolioCourseRunner" time="75.658" errors="0" timestamp="2025-01-06T11:43:21 IST" skipped="0">
  <testcase classname="PortfolioCenterRunner.DeletePortfolioCourseRunner" name="runScenario" time="75.658"/>
  <system-out/>
</testsuite> <!-- PortfolioCenterRunner.DeletePortfolioCourseRunner -->
