<?xml version="1.0" encoding="UTF-8"?>
<!-- Generated by org.testng.reporters.JUnitReportReporter -->
<testsuite hostname="DESKTOP-AVL4E6C" failures="0" tests="3" name="Runners.Users_Creation_Runner" time="154.147" errors="0" timestamp="8 Feb 2024 07:45:29 GMT">
  <testcase classname="Runners.Users_Creation_Runner" name="runScenario" time="51.712"/>
  <testcase classname="Runners.Users_Creation_Runner" name="runScenario" time="55.008"/>
  <testcase classname="Runners.Users_Creation_Runner" name="runScenario" time="47.427"/>
</testsuite> <!-- Runners.Users_Creation_Runner -->
