<?xml version="1.0" encoding="UTF-8"?>
<!-- Generated by org.testng.reporters.JUnitReportReporter -->
<testsuite hostname="DESKTOP-18FB10Q" failures="0" tests="1" name="com.Focalpoint_EC.runner.Procter_CommentRunner" time="31.722" errors="0" timestamp="2023-12-12T12:42:33 IST" skipped="0">
  <testcase classname="com.Focalpoint_EC.runner.Procter_CommentRunner" name="runScenario" time="31.722"/>
</testsuite> <!-- com.Focalpoint_EC.runner.Procter_CommentRunner -->
