<?xml version="1.0" encoding="UTF-8"?>
<!-- Generated by org.testng.reporters.JUnitReportReporter -->
<testsuite hostname="Sapphirus-SS141" failures="0" tests="1" name="LearningTreeRunner.Activity_CreationRunner" time="308.383" errors="0" timestamp="31 Jan 2025 10:06:53 GMT">
  <testcase classname="LearningTreeRunner.Activity_CreationRunner" name="runScenario" time="308.383"/>
</testsuite> <!-- LearningTreeRunner.Activity_CreationRunner -->
