<?xml version="1.0" encoding="UTF-8"?>
<!-- Generated by org.testng.reporters.JUnitReportReporter -->
<testsuite hostname="Sapphirus-SS141" failures="0" tests="2" name="AssessmentsRunner.SISprovisioningRunner" time="157.647" errors="0" timestamp="2024-12-12T23:48:15 IST" skipped="0">
  <testcase classname="AssessmentsRunner.SISprovisioningRunner" name="runScenario" time="56.162"/>
  <system-out/>
  <testcase classname="AssessmentsRunner.SISprovisioningRunner" name="runScenario" time="101.485"/>
  <system-out/>
</testsuite> <!-- AssessmentsRunner.SISprovisioningRunner -->
