<?xml version="1.0" encoding="UTF-8"?>
<!-- Generated by org.testng.reporters.JUnitReportReporter -->
<testsuite hostname="Sapphirus-SS180" failures="0" tests="1" name="AssessmentsRunner.Teacher_ActivityprogressRunner" time="69.172" errors="0" timestamp="2024-11-25T23:59:27 IST" skipped="0">
  <testcase classname="AssessmentsRunner.Teacher_ActivityprogressRunner" name="runScenario" time="69.172"/>
  <system-out/>
</testsuite> <!-- AssessmentsRunner.Teacher_ActivityprogressRunner -->
