<?xml version="1.0" encoding="UTF-8"?>
<!-- Generated by org.testng.reporters.JUnitReportReporter -->
<testsuite hostname="Sapphirus-SS141" failures="0" tests="2" name="AssessmentsRunner.BenchmarksRunner" time="108.237" errors="0" timestamp="2024-11-29T16:49:48 IST" skipped="0">
  <testcase classname="AssessmentsRunner.BenchmarksRunner" name="runScenario" time="50.064"/>
  <system-out/>
  <testcase classname="AssessmentsRunner.BenchmarksRunner" name="runScenario" time="58.173"/>
  <system-out/>
</testsuite> <!-- AssessmentsRunner.BenchmarksRunner -->
