<?xml version="1.0" encoding="UTF-8"?>
<!-- Generated by org.testng.reporters.JUnitReportReporter -->
<testsuite hostname="DESKTOP-AVL4E6C" failures="0" tests="1"
	name="Runners.Enrolled_ExamTaker_in_a_TimeSlotRunner" time="45.545"
	errors="0" timestamp="29 Jan 2024 12:31:55 GMT">
	<testcase classname="Runners.Enrolled_ExamTaker_in_a_TimeSlotRunner"
		name="runScenario" time="45.545" />
</testsuite> <!--
Runners.Enrolled_ExamTaker_in_a_TimeSlotRunner -->
