<?xml version="1.0" encoding="UTF-8"?>
<!-- Generated by org.testng.reporters.JUnitReportReporter -->
<testsuite hostname="DESKTOP-AVL4E6C" failures="0" tests="3" name="Runners.Users_Creation_Runner" time="162.816" errors="0" timestamp="31 Jan 2024 05:54:30 GMT">
  <testcase classname="Runners.Users_Creation_Runner" name="runScenario" time="50.168"/>
  <testcase classname="Runners.Users_Creation_Runner" name="runScenario" time="57.183"/>
  <testcase classname="Runners.Users_Creation_Runner" name="runScenario" time="55.465"/>
</testsuite> <!-- Runners.Users_Creation_Runner -->
