<?xml version="1.0" encoding="UTF-8"?>
<!-- Generated by org.testng.reporters.JUnitReportReporter -->
<testsuite hostname="Sapphirus-SS141" failures="0" tests="1" name="LearningTreeRunner.Provide_Score_in_LTRunner" time="262.275" errors="0" timestamp="30 Apr 2025 15:17:26 GMT">
  <testcase classname="LearningTreeRunner.Provide_Score_in_LTRunner" name="runScenario" time="262.275"/>
</testsuite> <!-- LearningTreeRunner.Provide_Score_in_LTRunner -->
