<?xml version="1.0" encoding="UTF-8"?>
<!-- Generated by org.testng.reporters.JUnitReportReporter -->
<testsuite hostname="DESKTOP-AVL4E6C" failures="0" tests="1" name="Runners.Location_Runner" time="36.061" errors="0" timestamp="31 Jan 2024 05:54:30 GMT">
  <testcase classname="Runners.Location_Runner" name="runScenario" time="36.061"/>
</testsuite> <!-- Runners.Location_Runner -->
