<?xml version="1.0" encoding="UTF-8"?>
<!-- Generated by org.testng.reporters.JUnitReportReporter -->
<testsuite hostname="DESKTOP-AVL4E6C" failures="0" tests="1" name="Runners.Enrolled_ExamTaker_in_a_TimeSlotRunner" time="55.291" errors="0" timestamp="15 Feb 2024 12:31:53 GMT">
  <testcase classname="Runners.Enrolled_ExamTaker_in_a_TimeSlotRunner" name="runScenario" time="55.291"/>
</testsuite> <!-- Runners.Enrolled_ExamTaker_in_a_TimeSlotRunner -->
